extDB2: Version: 65
extDB2: https://github.com/Torndeco/extDB2
extDB2: Windows Debug Version

Message: All development for extDB2 is done on a Linux Dedicated Server
Message: If you would like to Donate to extDB2 Development
Message: https://www.paypal.com/cgi-bin/webscr?cmd=_s-xclick&hosted_button_id=2SUEFTGABTAM2
Message: Also leave a message if there is any particular feature you would like to see added.
Message: Thanks for all the people that have donated.
Message: Torndeco: 20/02/15


extDB2: Found extdb-conf.ini
extDB2: Detected 32 Cores, Setting up 6 Worker Threads


[22:43:35:792734 +01:00] [Thread 19092] extDB2: Input from Server: 9:VERSION
[22:43:35:792734 +01:00] [Thread 19092] extDB2: Output to Server: 65
[22:43:35:792734 +01:00] [Thread 19092] extDB2: Input from Server: 9:ADD_DATABASE:exile
[22:43:35:792734 +01:00] [Thread 19092] extDB2: Database Type: MySQL
[22:43:35:823736 +01:00] [Thread 19092] extDB2: Database Session Pool Started
[22:43:35:823736 +01:00] [Thread 19092] extDB2: Output to Server: [1]
[22:43:35:823736 +01:00] [Thread 19092] extDB2: Input from Server: 9:ADD_DATABASE_PROTOCOL:exile:SQL_CUSTOM_V2:955019:exile
[22:43:35:835737 +01:00] [Thread 19092] extDB2: SQL_CUSTOM_V2: Loading Template Filename: C:\TCAFiles\Users\SamF\13442\@ExileServer\extDB\sql_custom_v2\exile.ini
[22:43:35:835737 +01:00] [Thread 19092] extDB2: SQL_CUSTOM_V2: Version 8 Detected, Latest Version 12 Available
[22:43:35:837737 +01:00] [Thread 19092] extDB2: Output to Server: [1]
[22:43:35:837737 +01:00] [Thread 19092] extDB2: Input from Server: 9:TIME
[22:43:35:837737 +01:00] [Thread 19092] extDB2: Output to Server: [1,[2015, 9, 03, 21, 43]]
[22:43:35:837737 +01:00] [Thread 19092] extDB2: Input from Server: 9:LOCK
[22:43:35:837737 +01:00] [Thread 19092] extDB2: Output to Server: [1]
[22:43:36:196757 +01:00] [Thread 19092] extDB2: Input from Server: 0:955019:loadTerriotryIdPage:0:100
[22:43:36:196757 +01:00] [Thread 19092] extDB2: SQL_CUSTOM_V2: Trace: UniqueID: 1 Input: loadTerriotryIdPage:0:100
[22:43:36:197757 +01:00] [Thread 19092] extDB2: SQL_CUSTOM_V2: Trace: UniqueID: 1 Result: [1,[]]
[22:43:36:197757 +01:00] [Thread 19092] extDB2: Output to Server: [1,[]]
[22:43:36:198757 +01:00] [Thread 19092] extDB2: Input from Server: 0:955019:loadConstructionIdPage:0:100
[22:43:36:198757 +01:00] [Thread 19092] extDB2: SQL_CUSTOM_V2: Trace: UniqueID: 1 Input: loadConstructionIdPage:0:100
[22:43:36:198757 +01:00] [Thread 19092] extDB2: SQL_CUSTOM_V2: Trace: UniqueID: 1 Result: [1,[]]
[22:43:36:198757 +01:00] [Thread 19092] extDB2: Output to Server: [1,[]]
[22:43:36:198757 +01:00] [Thread 19092] extDB2: Input from Server: 0:955019:loadVehicleIdPage:0:100
[22:43:36:198757 +01:00] [Thread 19092] extDB2: SQL_CUSTOM_V2: Trace: UniqueID: 1 Input: loadVehicleIdPage:0:100
[22:43:36:199757 +01:00] [Thread 19092] extDB2: SQL_CUSTOM_V2: Trace: UniqueID: 1 Result: [1,[]]
[22:43:36:199757 +01:00] [Thread 19092] extDB2: Output to Server: [1,[]]
[22:43:36:199757 +01:00] [Thread 19092] extDB2: Input from Server: 0:955019:loadContainerIdPage:0:100
[22:43:36:199757 +01:00] [Thread 19092] extDB2: SQL_CUSTOM_V2: Trace: UniqueID: 1 Input: loadContainerIdPage:0:100
[22:43:36:199757 +01:00] [Thread 19092] extDB2: SQL_CUSTOM_V2: Trace: UniqueID: 1 Result: [1,[]]
[22:43:36:199757 +01:00] [Thread 19092] extDB2: Output to Server: [1,[]]
[22:43:57:296964 +01:00] [Thread 19092] extDB2: Input from Server: 9:TIME
[22:43:57:296964 +01:00] [Thread 19092] extDB2: Output to Server: [1,[2015, 9, 03, 21, 43]]
[22:45:31:186334 +01:00] [Thread 19092] extDB2: Input from Server: 0:955019:isKnownAccount:76561198135524863
[22:45:31:187334 +01:00] [Thread 19092] extDB2: SQL_CUSTOM_V2: Trace: UniqueID: 1 Input: isKnownAccount:76561198135524863
[22:45:31:187334 +01:00] [Thread 19092] extDB2: SQL_CUSTOM_V2: Trace: UniqueID: 1 Result: [1,[[true]]]
[22:45:31:187334 +01:00] [Thread 19092] extDB2: Output to Server: [1,[[true]]]
[22:45:31:188334 +01:00] [Thread 19092] extDB2: Input from Server: 1:955019:startAccountSession:76561198135524863:LoCo
[22:45:31:188334 +01:00] [Thread 19092] extDB2: Output to Server: 
[22:45:31:188334 +01:00] [Thread 20132] extDB2: SQL_CUSTOM_V2: Trace: UniqueID: 1 Input: startAccountSession:76561198135524863:LoCo
[22:45:31:210336 +01:00] [Thread 20132] extDB2: SQL_CUSTOM_V2: Trace: UniqueID: 1 Result: [1,[]]
[22:46:40:107276 +01:00] [Thread 19092] extDB2: Input from Server: 0:955019:isKnownAccount:76561198135524863
[22:46:40:107276 +01:00] [Thread 19092] extDB2: SQL_CUSTOM_V2: Trace: UniqueID: 1 Input: isKnownAccount:76561198135524863
[22:46:40:108276 +01:00] [Thread 19092] extDB2: SQL_CUSTOM_V2: Trace: UniqueID: 1 Result: [1,[[true]]]
[22:46:40:108276 +01:00] [Thread 19092] extDB2: Output to Server: [1,[[true]]]
[22:46:40:108276 +01:00] [Thread 19092] extDB2: Input from Server: 1:955019:startAccountSession:76561198135524863:LoCo
[22:46:40:108276 +01:00] [Thread 19092] extDB2: Output to Server: 
[22:46:40:108276 +01:00] [Thread 20132] extDB2: SQL_CUSTOM_V2: Trace: UniqueID: 1 Input: startAccountSession:76561198135524863:LoCo
[22:46:40:126277 +01:00] [Thread 20132] extDB2: SQL_CUSTOM_V2: Trace: UniqueID: 1 Result: [1,[]]
