extDB2: Version: 65
extDB2: https://github.com/Torndeco/extDB2
extDB2: Windows Debug Version

Message: All development for extDB2 is done on a Linux Dedicated Server
Message: If you would like to Donate to extDB2 Development
Message: https://www.paypal.com/cgi-bin/webscr?cmd=_s-xclick&hosted_button_id=2SUEFTGABTAM2
Message: Also leave a message if there is any particular feature you would like to see added.
Message: Thanks for all the people that have donated.
Message: Torndeco: 20/02/15


extDB2: Found extdb-conf.ini
extDB2: Detected 32 Cores, Setting up 6 Worker Threads


[05:44:43:327787 +01:00] [Thread 113752] extDB2: Input from Server: 9:VERSION
[05:44:43:327787 +01:00] [Thread 113752] extDB2: Output to Server: 65
[05:44:43:328787 +01:00] [Thread 113752] extDB2: Input from Server: 9:ADD_DATABASE:exile
[05:44:43:328787 +01:00] [Thread 113752] extDB2: Database Type: MySQL
[05:44:43:331787 +01:00] [Thread 113752] extDB2: Database Session Pool Started
[05:44:43:331787 +01:00] [Thread 113752] extDB2: Output to Server: [1]
[05:44:43:331787 +01:00] [Thread 113752] extDB2: Input from Server: 9:ADD_DATABASE_PROTOCOL:exile:SQL_CUSTOM_V2:398235:exile
[05:44:43:332787 +01:00] [Thread 113752] extDB2: SQL_CUSTOM_V2: Loading Template Filename: C:\TCAFiles\Users\SamF\13442\@ExileServer\extDB\sql_custom_v2\exile.ini
[05:44:43:332787 +01:00] [Thread 113752] extDB2: SQL_CUSTOM_V2: Version 8 Detected, Latest Version 12 Available
[05:44:43:334787 +01:00] [Thread 113752] extDB2: Output to Server: [1]
[05:44:43:334787 +01:00] [Thread 113752] extDB2: Input from Server: 9:TIME
[05:44:43:334787 +01:00] [Thread 113752] extDB2: Output to Server: [1,[2015, 8, 27, 04, 44]]
[05:44:43:335787 +01:00] [Thread 113752] extDB2: Input from Server: 9:LOCK
[05:44:43:335787 +01:00] [Thread 113752] extDB2: Output to Server: [1]
[05:44:43:704808 +01:00] [Thread 113752] extDB2: Input from Server: 0:398235:loadTerriotryIdPage:0:100
[05:44:43:704808 +01:00] [Thread 113752] extDB2: SQL_CUSTOM_V2: Trace: UniqueID: 1 Input: loadTerriotryIdPage:0:100
[05:44:43:706808 +01:00] [Thread 113752] extDB2: SQL_CUSTOM_V2: Trace: UniqueID: 1 Result: [1,[]]
[05:44:43:706808 +01:00] [Thread 113752] extDB2: Output to Server: [1,[]]
[05:44:43:706808 +01:00] [Thread 113752] extDB2: Input from Server: 0:398235:loadConstructionIdPage:0:100
[05:44:43:706808 +01:00] [Thread 113752] extDB2: SQL_CUSTOM_V2: Trace: UniqueID: 1 Input: loadConstructionIdPage:0:100
[05:44:43:707809 +01:00] [Thread 113752] extDB2: SQL_CUSTOM_V2: Trace: UniqueID: 1 Result: [1,[]]
[05:44:43:707809 +01:00] [Thread 113752] extDB2: Output to Server: [1,[]]
[05:44:43:707809 +01:00] [Thread 113752] extDB2: Input from Server: 0:398235:loadVehicleIdPage:0:100
[05:44:43:707809 +01:00] [Thread 113752] extDB2: SQL_CUSTOM_V2: Trace: UniqueID: 1 Input: loadVehicleIdPage:0:100
[05:44:43:707809 +01:00] [Thread 113752] extDB2: SQL_CUSTOM_V2: Trace: UniqueID: 1 Result: [1,[]]
[05:44:43:707809 +01:00] [Thread 113752] extDB2: Output to Server: [1,[]]
[05:44:43:708809 +01:00] [Thread 113752] extDB2: Input from Server: 0:398235:loadContainerIdPage:0:100
[05:44:43:708809 +01:00] [Thread 113752] extDB2: SQL_CUSTOM_V2: Trace: UniqueID: 1 Input: loadContainerIdPage:0:100
[05:44:43:708809 +01:00] [Thread 113752] extDB2: SQL_CUSTOM_V2: Trace: UniqueID: 1 Result: [1,[]]
[05:44:43:708809 +01:00] [Thread 113752] extDB2: Output to Server: [1,[]]
