extDB2: Version: 65
extDB2: https://github.com/Torndeco/extDB2
extDB2: Windows Debug Version

Message: All development for extDB2 is done on a Linux Dedicated Server
Message: If you would like to Donate to extDB2 Development
Message: https://www.paypal.com/cgi-bin/webscr?cmd=_s-xclick&hosted_button_id=2SUEFTGABTAM2
Message: Also leave a message if there is any particular feature you would like to see added.
Message: Thanks for all the people that have donated.
Message: Torndeco: 20/02/15


extDB2: Found extdb-conf.ini
extDB2: Detected 32 Cores, Setting up 6 Worker Threads


[23:08:09:305027 +01:00] [Thread 7712] extDB2: Input from Server: 9:VERSION
[23:08:09:305027 +01:00] [Thread 7712] extDB2: Output to Server: 65
[23:08:09:305027 +01:00] [Thread 7712] extDB2: Input from Server: 9:ADD_DATABASE:exile
[23:08:09:305027 +01:00] [Thread 7712] extDB2: Database Type: MySQL
[23:08:09:415034 +01:00] [Thread 7712] extDB2: Database Session Pool Started
[23:08:09:415034 +01:00] [Thread 7712] extDB2: Output to Server: [1]
[23:08:09:415034 +01:00] [Thread 7712] extDB2: Input from Server: 9:ADD_DATABASE_PROTOCOL:exile:SQL_CUSTOM_V2:313933:exile
[23:08:09:531040 +01:00] [Thread 7712] extDB2: SQL_CUSTOM_V2: Loading Template Filename: C:\TCAFiles\Users\SamF\13442\@ExileServer\extDB\sql_custom_v2\exile.ini
[23:08:09:531040 +01:00] [Thread 7712] extDB2: SQL_CUSTOM_V2: Version 8 Detected, Latest Version 12 Available
[23:08:09:533041 +01:00] [Thread 7712] extDB2: Output to Server: [1]
[23:08:09:533041 +01:00] [Thread 7712] extDB2: Input from Server: 9:TIME
[23:08:09:533041 +01:00] [Thread 7712] extDB2: Output to Server: [1,[2015, 8, 29, 22, 08]]
[23:08:09:533041 +01:00] [Thread 7712] extDB2: Input from Server: 9:LOCK
[23:08:09:533041 +01:00] [Thread 7712] extDB2: Output to Server: [1]
[23:08:12:206193 +01:00] [Thread 7712] extDB2: Input from Server: 0:313933:loadTerriotryIdPage:0:100
[23:08:12:206193 +01:00] [Thread 7712] extDB2: SQL_CUSTOM_V2: Trace: UniqueID: 1 Input: loadTerriotryIdPage:0:100
[23:08:12:523212 +01:00] [Thread 7712] extDB2: SQL_CUSTOM_V2: Trace: UniqueID: 1 Result: [1,[]]
[23:08:12:523212 +01:00] [Thread 7712] extDB2: Output to Server: [1,[]]
[23:08:12:527212 +01:00] [Thread 7712] extDB2: Input from Server: 0:313933:loadConstructionIdPage:0:100
[23:08:12:527212 +01:00] [Thread 7712] extDB2: SQL_CUSTOM_V2: Trace: UniqueID: 1 Input: loadConstructionIdPage:0:100
[23:08:12:729223 +01:00] [Thread 7712] extDB2: SQL_CUSTOM_V2: Trace: UniqueID: 1 Result: [1,[]]
[23:08:12:729223 +01:00] [Thread 7712] extDB2: Output to Server: [1,[]]
[23:08:12:732224 +01:00] [Thread 7712] extDB2: Input from Server: 0:313933:loadVehicleIdPage:0:100
[23:08:12:732224 +01:00] [Thread 7712] extDB2: SQL_CUSTOM_V2: Trace: UniqueID: 1 Input: loadVehicleIdPage:0:100
[23:08:12:930235 +01:00] [Thread 7712] extDB2: SQL_CUSTOM_V2: Trace: UniqueID: 1 Result: [1,[]]
[23:08:12:930235 +01:00] [Thread 7712] extDB2: Output to Server: [1,[]]
[23:08:13:886290 +01:00] [Thread 7712] extDB2: Input from Server: 0:313933:loadContainerIdPage:0:100
[23:08:13:886290 +01:00] [Thread 7712] extDB2: SQL_CUSTOM_V2: Trace: UniqueID: 1 Input: loadContainerIdPage:0:100
[23:08:14:093301 +01:00] [Thread 7712] extDB2: SQL_CUSTOM_V2: Trace: UniqueID: 1 Result: [1,[]]
[23:08:14:093301 +01:00] [Thread 7712] extDB2: Output to Server: [1,[]]
