extDB2: Version: 65
extDB2: https://github.com/Torndeco/extDB2
extDB2: Windows Debug Version

Message: All development for extDB2 is done on a Linux Dedicated Server
Message: If you would like to Donate to extDB2 Development
Message: https://www.paypal.com/cgi-bin/webscr?cmd=_s-xclick&hosted_button_id=2SUEFTGABTAM2
Message: Also leave a message if there is any particular feature you would like to see added.
Message: Thanks for all the people that have donated.
Message: Torndeco: 20/02/15


extDB2: Found extdb-conf.ini
extDB2: Detected 32 Cores, Setting up 6 Worker Threads


[16:56:26:436566 +01:00] [Thread 50676] extDB2: Input from Server: 9:VERSION
[16:56:26:436566 +01:00] [Thread 50676] extDB2: Output to Server: 65
[16:56:26:436566 +01:00] [Thread 50676] extDB2: Input from Server: 9:ADD_DATABASE:exile
[16:56:26:436566 +01:00] [Thread 50676] extDB2: Database Type: MySQL
[16:56:26:442566 +01:00] [Thread 50676] extDB2: Database Session Pool Started
[16:56:26:442566 +01:00] [Thread 50676] extDB2: Output to Server: [1]
[16:56:26:442566 +01:00] [Thread 50676] extDB2: Input from Server: 9:ADD_DATABASE_PROTOCOL:exile:SQL_CUSTOM_V2:171207:exile
[16:56:26:444566 +01:00] [Thread 50676] extDB2: SQL_CUSTOM_V2: Loading Template Filename: C:\TCAFiles\Users\SamF\13442\@ExileServer\extDB\sql_custom_v2\exile.ini
[16:56:26:444566 +01:00] [Thread 50676] extDB2: SQL_CUSTOM_V2: Version 8 Detected, Latest Version 12 Available
[16:56:26:447566 +01:00] [Thread 50676] extDB2: Output to Server: [1]
[16:56:26:447566 +01:00] [Thread 50676] extDB2: Input from Server: 9:TIME
[16:56:26:447566 +01:00] [Thread 50676] extDB2: Output to Server: [1,[2015, 9, 02, 15, 56]]
[16:56:26:447566 +01:00] [Thread 50676] extDB2: Input from Server: 9:LOCK
[16:56:26:447566 +01:00] [Thread 50676] extDB2: Output to Server: [1]
[16:56:27:006598 +01:00] [Thread 50676] extDB2: Input from Server: 0:171207:loadTerriotryIdPage:0:100
[16:56:27:006598 +01:00] [Thread 50676] extDB2: SQL_CUSTOM_V2: Trace: UniqueID: 1 Input: loadTerriotryIdPage:0:100
[16:56:27:006598 +01:00] [Thread 50676] extDB2: SQL_CUSTOM_V2: Trace: UniqueID: 1 Result: [1,[]]
[16:56:27:006598 +01:00] [Thread 50676] extDB2: Output to Server: [1,[]]
[16:56:27:007598 +01:00] [Thread 50676] extDB2: Input from Server: 0:171207:loadConstructionIdPage:0:100
[16:56:27:007598 +01:00] [Thread 50676] extDB2: SQL_CUSTOM_V2: Trace: UniqueID: 1 Input: loadConstructionIdPage:0:100
[16:56:27:007598 +01:00] [Thread 50676] extDB2: SQL_CUSTOM_V2: Trace: UniqueID: 1 Result: [1,[]]
[16:56:27:007598 +01:00] [Thread 50676] extDB2: Output to Server: [1,[]]
[16:56:27:007598 +01:00] [Thread 50676] extDB2: Input from Server: 0:171207:loadVehicleIdPage:0:100
[16:56:27:007598 +01:00] [Thread 50676] extDB2: SQL_CUSTOM_V2: Trace: UniqueID: 1 Input: loadVehicleIdPage:0:100
[16:56:27:008598 +01:00] [Thread 50676] extDB2: SQL_CUSTOM_V2: Trace: UniqueID: 1 Result: [1,[]]
[16:56:27:008598 +01:00] [Thread 50676] extDB2: Output to Server: [1,[]]
[16:56:27:008598 +01:00] [Thread 50676] extDB2: Input from Server: 0:171207:loadContainerIdPage:0:100
[16:56:27:008598 +01:00] [Thread 50676] extDB2: SQL_CUSTOM_V2: Trace: UniqueID: 1 Input: loadContainerIdPage:0:100
[16:56:27:008598 +01:00] [Thread 50676] extDB2: SQL_CUSTOM_V2: Trace: UniqueID: 1 Result: [1,[]]
[16:56:27:008598 +01:00] [Thread 50676] extDB2: Output to Server: [1,[]]
[16:58:12:103610 +01:00] [Thread 50676] extDB2: Input from Server: 9:TIME
[16:58:12:104610 +01:00] [Thread 50676] extDB2: Output to Server: [1,[2015, 9, 02, 15, 58]]
