extDB2: Version: 65
extDB2: https://github.com/Torndeco/extDB2
extDB2: Windows Debug Version

Message: All development for extDB2 is done on a Linux Dedicated Server
Message: If you would like to Donate to extDB2 Development
Message: https://www.paypal.com/cgi-bin/webscr?cmd=_s-xclick&hosted_button_id=2SUEFTGABTAM2
Message: Also leave a message if there is any particular feature you would like to see added.
Message: Thanks for all the people that have donated.
Message: Torndeco: 20/02/15


extDB2: Found extdb-conf.ini
extDB2: Detected 32 Cores, Setting up 6 Worker Threads


[17:39:09:949190 +01:00] [Thread 4648] extDB2: Input from Server: 9:VERSION
[17:39:09:950190 +01:00] [Thread 4648] extDB2: Output to Server: 65
[17:39:09:950190 +01:00] [Thread 4648] extDB2: Input from Server: 9:ADD_DATABASE:exile
[17:39:09:950190 +01:00] [Thread 4648] extDB2: Database Type: MySQL
[17:39:09:956191 +01:00] [Thread 4648] extDB2: Database Session Pool Started
[17:39:09:956191 +01:00] [Thread 4648] extDB2: Output to Server: [1]
[17:39:09:956191 +01:00] [Thread 4648] extDB2: Input from Server: 9:ADD_DATABASE_PROTOCOL:exile:SQL_CUSTOM_V2:992775:exile
[17:39:09:958191 +01:00] [Thread 4648] extDB2: SQL_CUSTOM_V2: Loading Template Filename: C:\TCAFiles\Users\SamF\13442\@ExileServer\extDB\sql_custom_v2\exile.ini
[17:39:09:958191 +01:00] [Thread 4648] extDB2: SQL_CUSTOM_V2: Version 8 Detected, Latest Version 12 Available
[17:39:09:961191 +01:00] [Thread 4648] extDB2: Output to Server: [1]
[17:39:09:961191 +01:00] [Thread 4648] extDB2: Input from Server: 9:TIME
[17:39:09:961191 +01:00] [Thread 4648] extDB2: Output to Server: [1,[2015, 9, 02, 16, 39]]
[17:39:09:962191 +01:00] [Thread 4648] extDB2: Input from Server: 9:LOCK
[17:39:09:962191 +01:00] [Thread 4648] extDB2: Output to Server: [1]
[17:39:10:389215 +01:00] [Thread 4648] extDB2: Input from Server: 0:992775:loadTerriotryIdPage:0:100
[17:39:10:389215 +01:00] [Thread 4648] extDB2: SQL_CUSTOM_V2: Trace: UniqueID: 1 Input: loadTerriotryIdPage:0:100
[17:39:10:389215 +01:00] [Thread 4648] extDB2: SQL_CUSTOM_V2: Trace: UniqueID: 1 Result: [1,[]]
[17:39:10:389215 +01:00] [Thread 4648] extDB2: Output to Server: [1,[]]
[17:39:10:407216 +01:00] [Thread 4648] extDB2: Input from Server: 0:992775:loadConstructionIdPage:0:100
[17:39:10:407216 +01:00] [Thread 4648] extDB2: SQL_CUSTOM_V2: Trace: UniqueID: 1 Input: loadConstructionIdPage:0:100
[17:39:10:407216 +01:00] [Thread 4648] extDB2: SQL_CUSTOM_V2: Trace: UniqueID: 1 Result: [1,[]]
[17:39:10:407216 +01:00] [Thread 4648] extDB2: Output to Server: [1,[]]
[17:39:10:408216 +01:00] [Thread 4648] extDB2: Input from Server: 0:992775:loadVehicleIdPage:0:100
[17:39:10:408216 +01:00] [Thread 4648] extDB2: SQL_CUSTOM_V2: Trace: UniqueID: 1 Input: loadVehicleIdPage:0:100
[17:39:10:408216 +01:00] [Thread 4648] extDB2: SQL_CUSTOM_V2: Trace: UniqueID: 1 Result: [1,[]]
[17:39:10:408216 +01:00] [Thread 4648] extDB2: Output to Server: [1,[]]
[17:39:10:408216 +01:00] [Thread 4648] extDB2: Input from Server: 0:992775:loadContainerIdPage:0:100
[17:39:10:408216 +01:00] [Thread 4648] extDB2: SQL_CUSTOM_V2: Trace: UniqueID: 1 Input: loadContainerIdPage:0:100
[17:39:10:409217 +01:00] [Thread 4648] extDB2: SQL_CUSTOM_V2: Trace: UniqueID: 1 Result: [1,[]]
[17:39:10:409217 +01:00] [Thread 4648] extDB2: Output to Server: [1,[]]
[17:40:48:559830 +01:00] [Thread 4648] extDB2: Input from Server: 9:TIME
[17:40:48:559830 +01:00] [Thread 4648] extDB2: Output to Server: [1,[2015, 9, 02, 16, 40]]
[17:46:48:139397 +01:00] [Thread 4648] extDB2: Input from Server: 0:992775:isKnownAccount:76561198152304010
[17:46:48:140397 +01:00] [Thread 4648] extDB2: SQL_CUSTOM_V2: Trace: UniqueID: 1 Input: isKnownAccount:76561198152304010
[17:46:48:140397 +01:00] [Thread 4648] extDB2: SQL_CUSTOM_V2: Trace: UniqueID: 1 Result: [1,[[true]]]
[17:46:48:140397 +01:00] [Thread 4648] extDB2: Output to Server: [1,[[true]]]
[17:46:48:141397 +01:00] [Thread 4648] extDB2: Input from Server: 1:992775:startAccountSession:76561198152304010:PIKA BOO
[17:46:48:141397 +01:00] [Thread 4648] extDB2: Output to Server: 
[17:46:48:141397 +01:00] [Thread 2744] extDB2: SQL_CUSTOM_V2: Trace: UniqueID: 1 Input: startAccountSession:76561198152304010:PIKA BOO
[17:46:48:152398 +01:00] [Thread 2744] extDB2: SQL_CUSTOM_V2: Trace: UniqueID: 1 Result: [1,[]]
[17:46:54:347752 +01:00] [Thread 4648] extDB2: Input from Server: 0:992775:hasAlivePlayer:76561198152304010
[17:46:54:347752 +01:00] [Thread 4648] extDB2: SQL_CUSTOM_V2: Trace: UniqueID: 1 Input: hasAlivePlayer:76561198152304010
[17:46:54:348752 +01:00] [Thread 4648] extDB2: SQL_CUSTOM_V2: Trace: UniqueID: 1 Result: [1,[[true]]]
[17:46:54:348752 +01:00] [Thread 4648] extDB2: Output to Server: [1,[[true]]]
[17:46:54:427757 +01:00] [Thread 4648] extDB2: Input from Server: 0:992775:loadPlayer:76561198152304010
[17:46:54:427757 +01:00] [Thread 4648] extDB2: SQL_CUSTOM_V2: Trace: UniqueID: 1 Input: loadPlayer:76561198152304010
[17:46:54:429757 +01:00] [Thread 4648] extDB2: SQL_CUSTOM_V2: Trace: UniqueID: 1 Result: [1,[[1,"PIKA BOO","76561198152304010",1,0,0,100,100,0,1,0,0,0,0,0,61.01,17137.8,12719.4,0,["ItemMap","ItemCompass","Exile_Item_XM8","ItemRadio"],"",[],[],[],"","G_Combat",["","","",""],"","","",[],"",["","","",""],"",["","","",""],"Exile_Uniform_BambiOverall",[],[["Exile_Item_PlasticBottleFreshWater",1]],[],"",[],[],[],0,0,0,0,"",""]]]
[17:46:54:429757 +01:00] [Thread 4648] extDB2: Output to Server: [1,[[1,"PIKA BOO","76561198152304010",1,0,0,100,100,0,1,0,0,0,0,0,61.01,17137.8,12719.4,0,["ItemMap","ItemCompass","Exile_Item_XM8","ItemRadio"],"",[],[],[],"","G_Combat",["","","",""],"","","",[],"",["","","",""],"",["","","",""],"Exile_Uniform_BambiOverall",[],[["Exile_Item_PlasticBottleFreshWater",1]],[],"",[],[],[],0,0,0,0,"",""]]]
[17:52:02:615384 +01:00] [Thread 4648] extDB2: Input from Server: 1:992775:updatePlayer:PIKA BOO:1:0:0:94.5035:91.7232:0:1:0:0:0:0:0:222.738:17102.6:12713.2:0.00150299:["ItemMap","ItemCompass","Exile_Item_XM8","ItemRadio"]::[]:[]:[]:::["","","",""]::H_Booniehat_khk::[]::["","","",""]::["","","",""]:Exile_Uniform_BambiOverall:[]:[["Exile_Item_PlasticBottleFreshWater",1],["FlareGreen_F",1]]:[]::[]:[]:[]:1
[17:52:02:615384 +01:00] [Thread 4648] extDB2: Output to Server: 
[17:52:02:616384 +01:00] [Thread 2744] extDB2: SQL_CUSTOM_V2: Trace: UniqueID: 1 Input: updatePlayer:PIKA BOO:1:0:0:94.5035:91.7232:0:1:0:0:0:0:0:222.738:17102.6:12713.2:0.00150299:["ItemMap","ItemCompass","Exile_Item_XM8","ItemRadio"]::[]:[]:[]:::["","","",""]::H_Booniehat_khk::[]::["","","",""]::["","","",""]:Exile_Uniform_BambiOverall:[]:[["Exile_Item_PlasticBottleFreshWater",1],["FlareGreen_F",1]]:[]::[]:[]:[]:1
[17:52:02:638386 +01:00] [Thread 2744] extDB2: SQL_CUSTOM_V2: Trace: UniqueID: 1 Result: [1,[]]
[17:56:05:009248 +01:00] [Thread 4648] extDB2: Input from Server: 1:992775:endAccountSession:76561198152304010
[17:56:05:009248 +01:00] [Thread 4648] extDB2: Output to Server: 
[17:56:05:009248 +01:00] [Thread 2744] extDB2: SQL_CUSTOM_V2: Trace: UniqueID: 1 Input: endAccountSession:76561198152304010
[17:56:05:010248 +01:00] [Thread 4648] extDB2: Input from Server: 1:992775:updatePlayer:PIKA BOO:1:0:0:94.5035:91.7232:0:1:0:0:0:0:0:220.337:17102.6:12713.2:0.00150299:["ItemMap","ItemCompass","Exile_Item_XM8","ItemRadio"]::[]:[]:[]:::["","","",""]::H_Booniehat_khk::[]::["","","",""]::["","","",""]:Exile_Uniform_BambiOverall:[]:[["Exile_Item_PlasticBottleFreshWater",1],["FlareGreen_F",1]]:[]::[]:[]:[]:1
[17:56:05:010248 +01:00] [Thread 4648] extDB2: Output to Server: 
[17:56:05:010248 +01:00] [Thread 12420] extDB2: SQL_CUSTOM_V2: Trace: UniqueID: 1 Input: updatePlayer:PIKA BOO:1:0:0:94.5035:91.7232:0:1:0:0:0:0:0:220.337:17102.6:12713.2:0.00150299:["ItemMap","ItemCompass","Exile_Item_XM8","ItemRadio"]::[]:[]:[]:::["","","",""]::H_Booniehat_khk::[]::["","","",""]::["","","",""]:Exile_Uniform_BambiOverall:[]:[["Exile_Item_PlasticBottleFreshWater",1],["FlareGreen_F",1]]:[]::[]:[]:[]:1
[17:56:05:025249 +01:00] [Thread 2744] extDB2: SQL_CUSTOM_V2: Trace: UniqueID: 1 Result: [1,[]]
[17:56:05:037250 +01:00] [Thread 12420] extDB2: SQL_CUSTOM_V2: Trace: UniqueID: 1 Result: [1,[]]
