extDB2: Version: 65
extDB2: https://github.com/Torndeco/extDB2
extDB2: Windows Debug Version

Message: All development for extDB2 is done on a Linux Dedicated Server
Message: If you would like to Donate to extDB2 Development
Message: https://www.paypal.com/cgi-bin/webscr?cmd=_s-xclick&hosted_button_id=2SUEFTGABTAM2
Message: Also leave a message if there is any particular feature you would like to see added.
Message: Thanks for all the people that have donated.
Message: Torndeco: 20/02/15


extDB2: Found extdb-conf.ini
extDB2: Detected 32 Cores, Setting up 6 Worker Threads


[17:32:09:250128 +01:00] [Thread 26332] extDB2: Input from Server: 9:VERSION
[17:32:09:250128 +01:00] [Thread 26332] extDB2: Output to Server: 65
[17:32:09:250128 +01:00] [Thread 26332] extDB2: Input from Server: 9:ADD_DATABASE:exile
[17:32:09:250128 +01:00] [Thread 26332] extDB2: Database Type: MySQL
[17:32:09:258128 +01:00] [Thread 26332] extDB2: Database Session Pool Started
[17:32:09:259128 +01:00] [Thread 26332] extDB2: Output to Server: [1]
[17:32:09:259128 +01:00] [Thread 26332] extDB2: Input from Server: 9:ADD_DATABASE_PROTOCOL:exile:SQL_CUSTOM_V2:678803:exile
[17:32:09:261128 +01:00] [Thread 26332] extDB2: SQL_CUSTOM_V2: Loading Template Filename: C:\TCAFiles\Users\SamF\13442\@ExileServer\extDB\sql_custom_v2\exile.ini
[17:32:09:261128 +01:00] [Thread 26332] extDB2: SQL_CUSTOM_V2: Version 8 Detected, Latest Version 12 Available
[17:32:09:264128 +01:00] [Thread 26332] extDB2: Output to Server: [1]
[17:32:09:264128 +01:00] [Thread 26332] extDB2: Input from Server: 9:TIME
[17:32:09:264128 +01:00] [Thread 26332] extDB2: Output to Server: [1,[2015, 9, 02, 16, 32]]
[17:32:09:264128 +01:00] [Thread 26332] extDB2: Input from Server: 9:LOCK
[17:32:09:264128 +01:00] [Thread 26332] extDB2: Output to Server: [1]
[17:32:09:721155 +01:00] [Thread 26332] extDB2: Input from Server: 0:678803:loadTerriotryIdPage:0:100
[17:32:09:721155 +01:00] [Thread 26332] extDB2: SQL_CUSTOM_V2: Trace: UniqueID: 1 Input: loadTerriotryIdPage:0:100
[17:32:09:722155 +01:00] [Thread 26332] extDB2: SQL_CUSTOM_V2: Trace: UniqueID: 1 Result: [1,[]]
[17:32:09:722155 +01:00] [Thread 26332] extDB2: Output to Server: [1,[]]
[17:32:09:749156 +01:00] [Thread 26332] extDB2: Input from Server: 0:678803:loadConstructionIdPage:0:100
[17:32:09:749156 +01:00] [Thread 26332] extDB2: SQL_CUSTOM_V2: Trace: UniqueID: 1 Input: loadConstructionIdPage:0:100
[17:32:09:750156 +01:00] [Thread 26332] extDB2: SQL_CUSTOM_V2: Trace: UniqueID: 1 Result: [1,[]]
[17:32:09:750156 +01:00] [Thread 26332] extDB2: Output to Server: [1,[]]
[17:32:09:750156 +01:00] [Thread 26332] extDB2: Input from Server: 0:678803:loadVehicleIdPage:0:100
[17:32:09:750156 +01:00] [Thread 26332] extDB2: SQL_CUSTOM_V2: Trace: UniqueID: 1 Input: loadVehicleIdPage:0:100
[17:32:09:750156 +01:00] [Thread 26332] extDB2: SQL_CUSTOM_V2: Trace: UniqueID: 1 Result: [1,[]]
[17:32:09:750156 +01:00] [Thread 26332] extDB2: Output to Server: [1,[]]
[17:32:09:750156 +01:00] [Thread 26332] extDB2: Input from Server: 0:678803:loadContainerIdPage:0:100
[17:32:09:751156 +01:00] [Thread 26332] extDB2: SQL_CUSTOM_V2: Trace: UniqueID: 1 Input: loadContainerIdPage:0:100
[17:32:09:751156 +01:00] [Thread 26332] extDB2: SQL_CUSTOM_V2: Trace: UniqueID: 1 Result: [1,[]]
[17:32:09:751156 +01:00] [Thread 26332] extDB2: Output to Server: [1,[]]
[17:33:46:454687 +01:00] [Thread 26332] extDB2: Input from Server: 9:TIME
[17:33:46:454687 +01:00] [Thread 26332] extDB2: Output to Server: [1,[2015, 9, 02, 16, 33]]
