extDB2: Version: 65
extDB2: https://github.com/Torndeco/extDB2
extDB2: Windows Debug Version

Message: All development for extDB2 is done on a Linux Dedicated Server
Message: If you would like to Donate to extDB2 Development
Message: https://www.paypal.com/cgi-bin/webscr?cmd=_s-xclick&hosted_button_id=2SUEFTGABTAM2
Message: Also leave a message if there is any particular feature you would like to see added.
Message: Thanks for all the people that have donated.
Message: Torndeco: 20/02/15


extDB2: Found extdb-conf.ini
extDB2: Detected 32 Cores, Setting up 6 Worker Threads


[17:58:32:254670 +01:00] [Thread 12756] extDB2: Input from Server: 9:VERSION
[17:58:32:254670 +01:00] [Thread 12756] extDB2: Output to Server: 65
[17:58:32:254670 +01:00] [Thread 12756] extDB2: Input from Server: 9:ADD_DATABASE:exile
[17:58:32:254670 +01:00] [Thread 12756] extDB2: Database Type: MySQL
[17:58:32:259671 +01:00] [Thread 12756] extDB2: Database Session Pool Started
[17:58:32:259671 +01:00] [Thread 12756] extDB2: Output to Server: [1]
[17:58:32:259671 +01:00] [Thread 12756] extDB2: Input from Server: 9:ADD_DATABASE_PROTOCOL:exile:SQL_CUSTOM_V2:14174:exile
[17:58:32:261671 +01:00] [Thread 12756] extDB2: SQL_CUSTOM_V2: Loading Template Filename: C:\TCAFiles\Users\SamF\13442\@ExileServer\extDB\sql_custom_v2\exile.ini
[17:58:32:261671 +01:00] [Thread 12756] extDB2: SQL_CUSTOM_V2: Version 8 Detected, Latest Version 12 Available
[17:58:32:264671 +01:00] [Thread 12756] extDB2: Output to Server: [1]
[17:58:32:265671 +01:00] [Thread 12756] extDB2: Input from Server: 9:TIME
[17:58:32:265671 +01:00] [Thread 12756] extDB2: Output to Server: [1,[2015, 9, 02, 16, 58]]
[17:58:32:265671 +01:00] [Thread 12756] extDB2: Input from Server: 9:LOCK
[17:58:32:265671 +01:00] [Thread 12756] extDB2: Output to Server: [1]
[17:58:32:849704 +01:00] [Thread 12756] extDB2: Input from Server: 0:14174:loadTerriotryIdPage:0:100
[17:58:32:849704 +01:00] [Thread 12756] extDB2: SQL_CUSTOM_V2: Trace: UniqueID: 1 Input: loadTerriotryIdPage:0:100
[17:58:32:850704 +01:00] [Thread 12756] extDB2: SQL_CUSTOM_V2: Trace: UniqueID: 1 Result: [1,[]]
[17:58:32:850704 +01:00] [Thread 12756] extDB2: Output to Server: [1,[]]
[17:58:32:863705 +01:00] [Thread 12756] extDB2: Input from Server: 0:14174:loadConstructionIdPage:0:100
[17:58:32:863705 +01:00] [Thread 12756] extDB2: SQL_CUSTOM_V2: Trace: UniqueID: 1 Input: loadConstructionIdPage:0:100
[17:58:32:864705 +01:00] [Thread 12756] extDB2: SQL_CUSTOM_V2: Trace: UniqueID: 1 Result: [1,[]]
[17:58:32:864705 +01:00] [Thread 12756] extDB2: Output to Server: [1,[]]
[17:58:32:864705 +01:00] [Thread 12756] extDB2: Input from Server: 0:14174:loadVehicleIdPage:0:100
[17:58:32:864705 +01:00] [Thread 12756] extDB2: SQL_CUSTOM_V2: Trace: UniqueID: 1 Input: loadVehicleIdPage:0:100
[17:58:32:864705 +01:00] [Thread 12756] extDB2: SQL_CUSTOM_V2: Trace: UniqueID: 1 Result: [1,[]]
[17:58:32:864705 +01:00] [Thread 12756] extDB2: Output to Server: [1,[]]
[17:58:32:865705 +01:00] [Thread 12756] extDB2: Input from Server: 0:14174:loadContainerIdPage:0:100
[17:58:32:865705 +01:00] [Thread 12756] extDB2: SQL_CUSTOM_V2: Trace: UniqueID: 1 Input: loadContainerIdPage:0:100
[17:58:32:865705 +01:00] [Thread 12756] extDB2: SQL_CUSTOM_V2: Trace: UniqueID: 1 Result: [1,[]]
[17:58:32:865705 +01:00] [Thread 12756] extDB2: Output to Server: [1,[]]
[17:59:07:502686 +01:00] [Thread 12756] extDB2: Input from Server: 0:14174:isKnownAccount:76561198152304010
[17:59:07:502686 +01:00] [Thread 12756] extDB2: SQL_CUSTOM_V2: Trace: UniqueID: 1 Input: isKnownAccount:76561198152304010
[17:59:07:503686 +01:00] [Thread 12756] extDB2: SQL_CUSTOM_V2: Trace: UniqueID: 1 Result: [1,[[true]]]
[17:59:07:503686 +01:00] [Thread 12756] extDB2: Output to Server: [1,[[true]]]
[17:59:07:503686 +01:00] [Thread 12756] extDB2: Input from Server: 1:14174:startAccountSession:76561198152304010:PIKA BOO
[17:59:07:503686 +01:00] [Thread 12756] extDB2: Output to Server: 
[17:59:07:503686 +01:00] [Thread 26508] extDB2: SQL_CUSTOM_V2: Trace: UniqueID: 1 Input: startAccountSession:76561198152304010:PIKA BOO
[17:59:07:517687 +01:00] [Thread 26508] extDB2: SQL_CUSTOM_V2: Trace: UniqueID: 1 Result: [1,[]]
[18:00:09:226217 +01:00] [Thread 12756] extDB2: Input from Server: 1:14174:endAccountSession:76561198152304010
[18:00:09:226217 +01:00] [Thread 12756] extDB2: Output to Server: 
[18:00:09:226217 +01:00] [Thread 26508] extDB2: SQL_CUSTOM_V2: Trace: UniqueID: 1 Input: endAccountSession:76561198152304010
[18:00:09:227217 +01:00] [Thread 12756] extDB2: Input from Server: 1:14174:updatePlayer:Biton Bouras:1:0:0:100:100:0:1:0:0:0:0:0:0:13237.2:11705.3:0.001297:["ItemMap","ItemCompass","ItemWatch","ItemRadio"]::[]:[]:[]:::["","","",""]::::[]::["","","",""]::["","","",""]::[]:[]:[]::[]:[]:[]:-1
[18:00:09:227217 +01:00] [Thread 12756] extDB2: Output to Server: 
[18:00:09:227217 +01:00] [Thread 50352] extDB2: SQL_CUSTOM_V2: Trace: UniqueID: 1 Input: updatePlayer:Biton Bouras:1:0:0:100:100:0:1:0:0:0:0:0:0:13237.2:11705.3:0.001297:["ItemMap","ItemCompass","ItemWatch","ItemRadio"]::[]:[]:[]:::["","","",""]::::[]::["","","",""]::["","","",""]::[]:[]:[]::[]:[]:[]:-1
[18:00:09:234217 +01:00] [Thread 50352] extDB2: SQL_CUSTOM_V2: Trace: UniqueID: 1 Result: [1,[]]
[18:00:09:246218 +01:00] [Thread 26508] extDB2: SQL_CUSTOM_V2: Trace: UniqueID: 1 Result: [1,[]]
[18:00:29:765392 +01:00] [Thread 12756] extDB2: Input from Server: 9:TIME
[18:00:29:765392 +01:00] [Thread 12756] extDB2: Output to Server: [1,[2015, 9, 02, 17, 00]]
[18:01:24:265509 +01:00] [Thread 12756] extDB2: Input from Server: 0:14174:isKnownAccount:76561198152304010
[18:01:24:265509 +01:00] [Thread 12756] extDB2: SQL_CUSTOM_V2: Trace: UniqueID: 1 Input: isKnownAccount:76561198152304010
[18:01:24:265509 +01:00] [Thread 12756] extDB2: SQL_CUSTOM_V2: Trace: UniqueID: 1 Result: [1,[[true]]]
[18:01:24:266509 +01:00] [Thread 12756] extDB2: Output to Server: [1,[[true]]]
[18:01:24:266509 +01:00] [Thread 12756] extDB2: Input from Server: 1:14174:startAccountSession:76561198152304010:PIKA BOO
[18:01:24:266509 +01:00] [Thread 12756] extDB2: Output to Server: 
[18:01:24:266509 +01:00] [Thread 26508] extDB2: SQL_CUSTOM_V2: Trace: UniqueID: 1 Input: startAccountSession:76561198152304010:PIKA BOO
[18:01:24:283510 +01:00] [Thread 26508] extDB2: SQL_CUSTOM_V2: Trace: UniqueID: 1 Result: [1,[]]
[18:01:30:443862 +01:00] [Thread 12756] extDB2: Input from Server: 0:14174:hasAlivePlayer:76561198152304010
[18:01:30:443862 +01:00] [Thread 12756] extDB2: SQL_CUSTOM_V2: Trace: UniqueID: 1 Input: hasAlivePlayer:76561198152304010
[18:01:30:444862 +01:00] [Thread 12756] extDB2: SQL_CUSTOM_V2: Trace: UniqueID: 1 Result: [1,[[true]]]
[18:01:30:444862 +01:00] [Thread 12756] extDB2: Output to Server: [1,[[true]]]
[18:01:30:543868 +01:00] [Thread 12756] extDB2: Input from Server: 0:14174:loadPlayer:76561198152304010
[18:01:30:543868 +01:00] [Thread 12756] extDB2: SQL_CUSTOM_V2: Trace: UniqueID: 1 Input: loadPlayer:76561198152304010
[18:01:30:546868 +01:00] [Thread 12756] extDB2: SQL_CUSTOM_V2: Trace: UniqueID: 1 Result: [1,[[1,"PIKA BOO","76561198152304010",1,0,0,94.5035,91.7232,0,1,0,0,0,0,0,220.337,17102.6,12713.2,0.00150299,["ItemMap","ItemCompass","Exile_Item_XM8","ItemRadio"],"",[],[],[],"","",["","","",""],"","H_Booniehat_khk","",[],"",["","","",""],"",["","","",""],"Exile_Uniform_BambiOverall",[],[["Exile_Item_PlasticBottleFreshWater",1],["FlareGreen_F",1]],[],"",[],[],[],0,0,0,0,"",""]]]
[18:01:30:546868 +01:00] [Thread 12756] extDB2: Output to Server: [1,[[1,"PIKA BOO","76561198152304010",1,0,0,94.5035,91.7232,0,1,0,0,0,0,0,220.337,17102.6,12713.2,0.00150299,["ItemMap","ItemCompass","Exile_Item_XM8","ItemRadio"],"",[],[],[],"","",["","","",""],"","H_Booniehat_khk","",[],"",["","","",""],"",["","","",""],"Exile_Uniform_BambiOverall",[],[["Exile_Item_PlasticBottleFreshWater",1],["FlareGreen_F",1]],[],"",[],[],[],0,0,0,0,"",""]]]
[18:06:38:721495 +01:00] [Thread 12756] extDB2: Input from Server: 1:14174:updatePlayer:PIKA BOO:1:0:0:89.0194:83.4771:0:1:0:0:0:0:0:47.0487:17085:12753.4:1.25543:["ItemMap","ItemCompass","Exile_Item_XM8","ItemRadio"]::[]:[]:[]:::["","","",""]::H_Booniehat_khk::[]::["","","",""]::["","","",""]:Exile_Uniform_BambiOverall:[]:[["Exile_Item_PlasticBottleFreshWater",1],["FlareGreen_F",1]]:[]::[]:[]:[]:1
[18:06:38:721495 +01:00] [Thread 12756] extDB2: Output to Server: 
[18:06:38:722495 +01:00] [Thread 26508] extDB2: SQL_CUSTOM_V2: Trace: UniqueID: 1 Input: updatePlayer:PIKA BOO:1:0:0:89.0194:83.4771:0:1:0:0:0:0:0:47.0487:17085:12753.4:1.25543:["ItemMap","ItemCompass","Exile_Item_XM8","ItemRadio"]::[]:[]:[]:::["","","",""]::H_Booniehat_khk::[]::["","","",""]::["","","",""]:Exile_Uniform_BambiOverall:[]:[["Exile_Item_PlasticBottleFreshWater",1],["FlareGreen_F",1]]:[]::[]:[]:[]:1
[18:06:38:732495 +01:00] [Thread 26508] extDB2: SQL_CUSTOM_V2: Trace: UniqueID: 1 Result: [1,[]]
[18:08:07:482571 +01:00] [Thread 12756] extDB2: Input from Server: 1:14174:endAccountSession:76561198152304010
[18:08:07:482571 +01:00] [Thread 12756] extDB2: Output to Server: 
[18:08:07:482571 +01:00] [Thread 26508] extDB2: SQL_CUSTOM_V2: Trace: UniqueID: 1 Input: endAccountSession:76561198152304010
[18:08:07:483572 +01:00] [Thread 12756] extDB2: Input from Server: 1:14174:updatePlayer:PIKA BOO:1:0:0:89.0194:83.4771:0:1:0:0:0:0:0:62.6992:17085:12753.4:1.2554:["ItemMap","ItemCompass","Exile_Item_XM8","ItemRadio"]::[]:[]:[]:::["","","",""]::H_Booniehat_khk::[]::["","","",""]::["","","",""]:Exile_Uniform_BambiOverall:[]:[["Exile_Item_PlasticBottleFreshWater",1],["FlareGreen_F",1]]:[]::[]:[]:[]:1
[18:08:07:483572 +01:00] [Thread 12756] extDB2: Output to Server: 
[18:08:07:483572 +01:00] [Thread 50352] extDB2: SQL_CUSTOM_V2: Trace: UniqueID: 1 Input: updatePlayer:PIKA BOO:1:0:0:89.0194:83.4771:0:1:0:0:0:0:0:62.6992:17085:12753.4:1.2554:["ItemMap","ItemCompass","Exile_Item_XM8","ItemRadio"]::[]:[]:[]:::["","","",""]::H_Booniehat_khk::[]::["","","",""]::["","","",""]:Exile_Uniform_BambiOverall:[]:[["Exile_Item_PlasticBottleFreshWater",1],["FlareGreen_F",1]]:[]::[]:[]:[]:1
[18:08:07:501573 +01:00] [Thread 26508] extDB2: SQL_CUSTOM_V2: Trace: UniqueID: 1 Result: [1,[]]
[18:08:07:521574 +01:00] [Thread 50352] extDB2: SQL_CUSTOM_V2: Trace: UniqueID: 1 Result: [1,[]]
