extDB2: Version: 65
extDB2: https://github.com/Torndeco/extDB2
extDB2: Windows Debug Version

Message: All development for extDB2 is done on a Linux Dedicated Server
Message: If you would like to Donate to extDB2 Development
Message: https://www.paypal.com/cgi-bin/webscr?cmd=_s-xclick&hosted_button_id=2SUEFTGABTAM2
Message: Also leave a message if there is any particular feature you would like to see added.
Message: Thanks for all the people that have donated.
Message: Torndeco: 20/02/15


extDB2: Found extdb-conf.ini
extDB2: Detected 32 Cores, Setting up 6 Worker Threads


[18:44:12:799421 +01:00] [Thread 47080] extDB2: Input from Server: 9:VERSION
[18:44:12:799421 +01:00] [Thread 47080] extDB2: Output to Server: 65
[18:44:12:799421 +01:00] [Thread 47080] extDB2: Input from Server: 9:ADD_DATABASE:exile
[18:44:12:799421 +01:00] [Thread 47080] extDB2: Database Type: MySQL
[18:44:12:804421 +01:00] [Thread 47080] extDB2: Database Session Pool Started
[18:44:12:804421 +01:00] [Thread 47080] extDB2: Output to Server: [1]
[18:44:12:804421 +01:00] [Thread 47080] extDB2: Input from Server: 9:ADD_DATABASE_PROTOCOL:exile:SQL_CUSTOM_V2:926265:exile
[18:44:12:807421 +01:00] [Thread 47080] extDB2: SQL_CUSTOM_V2: Loading Template Filename: C:\TCAFiles\Users\SamF\13442\@ExileServer\extDB\sql_custom_v2\exile.ini
[18:44:12:807421 +01:00] [Thread 47080] extDB2: SQL_CUSTOM_V2: Version 8 Detected, Latest Version 12 Available
[18:44:12:810421 +01:00] [Thread 47080] extDB2: Output to Server: [1]
[18:44:12:810421 +01:00] [Thread 47080] extDB2: Input from Server: 9:TIME
[18:44:12:810421 +01:00] [Thread 47080] extDB2: Output to Server: [1,[2015, 9, 02, 17, 44]]
[18:44:12:810421 +01:00] [Thread 47080] extDB2: Input from Server: 9:LOCK
[18:44:12:810421 +01:00] [Thread 47080] extDB2: Output to Server: [1]
[18:44:13:574465 +01:00] [Thread 47080] extDB2: Input from Server: 0:926265:loadTerriotryIdPage:0:100
[18:44:13:574465 +01:00] [Thread 47080] extDB2: SQL_CUSTOM_V2: Trace: UniqueID: 1 Input: loadTerriotryIdPage:0:100
[18:44:13:575465 +01:00] [Thread 47080] extDB2: SQL_CUSTOM_V2: Trace: UniqueID: 1 Result: [1,[]]
[18:44:13:575465 +01:00] [Thread 47080] extDB2: Output to Server: [1,[]]
[18:44:13:590466 +01:00] [Thread 47080] extDB2: Input from Server: 0:926265:loadConstructionIdPage:0:100
[18:44:13:590466 +01:00] [Thread 47080] extDB2: SQL_CUSTOM_V2: Trace: UniqueID: 1 Input: loadConstructionIdPage:0:100
[18:44:13:591466 +01:00] [Thread 47080] extDB2: SQL_CUSTOM_V2: Trace: UniqueID: 1 Result: [1,[]]
[18:44:13:591466 +01:00] [Thread 47080] extDB2: Output to Server: [1,[]]
[18:44:13:592466 +01:00] [Thread 47080] extDB2: Input from Server: 0:926265:loadVehicleIdPage:0:100
[18:44:13:592466 +01:00] [Thread 47080] extDB2: SQL_CUSTOM_V2: Trace: UniqueID: 1 Input: loadVehicleIdPage:0:100
[18:44:13:592466 +01:00] [Thread 47080] extDB2: SQL_CUSTOM_V2: Trace: UniqueID: 1 Result: [1,[]]
[18:44:13:592466 +01:00] [Thread 47080] extDB2: Output to Server: [1,[]]
[18:44:13:592466 +01:00] [Thread 47080] extDB2: Input from Server: 0:926265:loadContainerIdPage:0:100
[18:44:13:592466 +01:00] [Thread 47080] extDB2: SQL_CUSTOM_V2: Trace: UniqueID: 1 Input: loadContainerIdPage:0:100
[18:44:13:593466 +01:00] [Thread 47080] extDB2: SQL_CUSTOM_V2: Trace: UniqueID: 1 Result: [1,[]]
[18:44:13:593466 +01:00] [Thread 47080] extDB2: Output to Server: [1,[]]
[18:44:52:388685 +01:00] [Thread 47080] extDB2: Input from Server: 0:926265:isKnownAccount:76561198152304010
[18:44:52:388685 +01:00] [Thread 47080] extDB2: SQL_CUSTOM_V2: Trace: UniqueID: 1 Input: isKnownAccount:76561198152304010
[18:44:52:389685 +01:00] [Thread 47080] extDB2: SQL_CUSTOM_V2: Trace: UniqueID: 1 Result: [1,[[true]]]
[18:44:52:389685 +01:00] [Thread 47080] extDB2: Output to Server: [1,[[true]]]
[18:44:52:389685 +01:00] [Thread 47080] extDB2: Input from Server: 1:926265:startAccountSession:76561198152304010:PIKA BOO
[18:44:52:389685 +01:00] [Thread 47080] extDB2: Output to Server: 
[18:44:52:390685 +01:00] [Thread 9496] extDB2: SQL_CUSTOM_V2: Trace: UniqueID: 1 Input: startAccountSession:76561198152304010:PIKA BOO
[18:44:52:408686 +01:00] [Thread 9496] extDB2: SQL_CUSTOM_V2: Trace: UniqueID: 1 Result: [1,[]]
[18:44:56:267907 +01:00] [Thread 47080] extDB2: Input from Server: 0:926265:isKnownAccount:76561198135524863
[18:44:56:267907 +01:00] [Thread 47080] extDB2: SQL_CUSTOM_V2: Trace: UniqueID: 1 Input: isKnownAccount:76561198135524863
[18:44:56:268907 +01:00] [Thread 47080] extDB2: SQL_CUSTOM_V2: Trace: UniqueID: 1 Result: [1,[[true]]]
[18:44:56:268907 +01:00] [Thread 47080] extDB2: Output to Server: [1,[[true]]]
[18:44:56:268907 +01:00] [Thread 47080] extDB2: Input from Server: 1:926265:startAccountSession:76561198135524863:LoCo
[18:44:56:268907 +01:00] [Thread 47080] extDB2: Output to Server: 
[18:44:56:268907 +01:00] [Thread 9496] extDB2: SQL_CUSTOM_V2: Trace: UniqueID: 1 Input: startAccountSession:76561198135524863:LoCo
[18:44:56:280908 +01:00] [Thread 9496] extDB2: SQL_CUSTOM_V2: Trace: UniqueID: 1 Result: [1,[]]
[18:46:18:699622 +01:00] [Thread 47080] extDB2: Input from Server: 1:926265:endAccountSession:76561198135524863
[18:46:18:699622 +01:00] [Thread 47080] extDB2: Output to Server: 
[18:46:18:699622 +01:00] [Thread 9496] extDB2: SQL_CUSTOM_V2: Trace: UniqueID: 1 Input: endAccountSession:76561198135524863
[18:46:18:700622 +01:00] [Thread 47080] extDB2: Input from Server: 1:926265:updatePlayer:Giannis Lagos:1:0:0:100:100:0:1:0:0:0:0:0:0:13237.2:11705.3:0.001297:["ItemMap","ItemCompass","ItemWatch","ItemRadio"]::[]:[]:[]:::["","","",""]::::[]::["","","",""]::["","","",""]::[]:[]:[]::[]:[]:[]:-1
[18:46:18:700622 +01:00] [Thread 47080] extDB2: Output to Server: 
[18:46:18:700622 +01:00] [Thread 24212] extDB2: SQL_CUSTOM_V2: Trace: UniqueID: 1 Input: updatePlayer:Giannis Lagos:1:0:0:100:100:0:1:0:0:0:0:0:0:13237.2:11705.3:0.001297:["ItemMap","ItemCompass","ItemWatch","ItemRadio"]::[]:[]:[]:::["","","",""]::::[]::["","","",""]::["","","",""]::[]:[]:[]::[]:[]:[]:-1
[18:46:18:716623 +01:00] [Thread 24212] extDB2: SQL_CUSTOM_V2: Trace: UniqueID: 1 Result: [1,[]]
[18:46:18:717623 +01:00] [Thread 9496] extDB2: SQL_CUSTOM_V2: Trace: UniqueID: 1 Result: [1,[]]
[18:46:31:375347 +01:00] [Thread 47080] extDB2: Input from Server: 9:TIME
[18:46:31:375347 +01:00] [Thread 47080] extDB2: Output to Server: [1,[2015, 9, 02, 17, 46]]
[18:46:31:803371 +01:00] [Thread 47080] extDB2: Input from Server: 0:926265:hasAlivePlayer:76561198152304010
[18:46:31:803371 +01:00] [Thread 47080] extDB2: SQL_CUSTOM_V2: Trace: UniqueID: 1 Input: hasAlivePlayer:76561198152304010
[18:46:31:804371 +01:00] [Thread 47080] extDB2: SQL_CUSTOM_V2: Trace: UniqueID: 1 Result: [1,[[true]]]
[18:46:31:805371 +01:00] [Thread 47080] extDB2: Output to Server: [1,[[true]]]
[18:46:32:025384 +01:00] [Thread 47080] extDB2: Input from Server: 0:926265:loadPlayer:76561198152304010
[18:46:32:026384 +01:00] [Thread 47080] extDB2: SQL_CUSTOM_V2: Trace: UniqueID: 1 Input: loadPlayer:76561198152304010
[18:46:32:039385 +01:00] [Thread 47080] extDB2: SQL_CUSTOM_V2: Trace: UniqueID: 1 Result: [1,[[1,"PIKA BOO","76561198152304010",1,0,0,77.6999,66.2906,0,1,0,0,0,0,0,330.157,17029.1,12686.6,0.00149345,["ItemMap","ItemCompass","Exile_Item_XM8","ItemRadio"],"",[],[],[],"arifle_MX_SW_F","",["","","",""],"","H_HelmetCrew_B","",[["30Rnd_65x39_caseless_mag_Tracer",30]],"arifle_MX_SW_F",["","","",""],"",["","","",""],"Exile_Uniform_BambiOverall",[],[["Exile_Item_PlasticBottleFreshWater",1],["FlareGreen_F",1],["Exile_Item_Matches",10],["30Rnd_65x39_caseless_mag_Tracer",22]],[],"V_PlateCarrierIA2_dgtl",[],[],[],0,-500,0,0,"",""]]]
[18:46:32:039385 +01:00] [Thread 47080] extDB2: Output to Server: [1,[[1,"PIKA BOO","76561198152304010",1,0,0,77.6999,66.2906,0,1,0,0,0,0,0,330.157,17029.1,12686.6,0.00149345,["ItemMap","ItemCompass","Exile_Item_XM8","ItemRadio"],"",[],[],[],"arifle_MX_SW_F","",["","","",""],"","H_HelmetCrew_B","",[["30Rnd_65x39_caseless_mag_Tracer",30]],"arifle_MX_SW_F",["","","",""],"",["","","",""],"Exile_Uniform_BambiOverall",[],[["Exile_Item_PlasticBottleFreshWater",1],["FlareGreen_F",1],["Exile_Item_Matches",10],["30Rnd_65x39_caseless_mag_Tracer",22]],[],"V_PlateCarrierIA2_dgtl",[],[],[],0,-500,0,0,"",""]]]
[18:47:26:624507 +01:00] [Thread 47080] extDB2: Input from Server: 0:926265:isKnownAccount:76561198135524863
[18:47:26:625507 +01:00] [Thread 47080] extDB2: SQL_CUSTOM_V2: Trace: UniqueID: 1 Input: isKnownAccount:76561198135524863
[18:47:26:625507 +01:00] [Thread 47080] extDB2: SQL_CUSTOM_V2: Trace: UniqueID: 1 Result: [1,[[true]]]
[18:47:26:625507 +01:00] [Thread 47080] extDB2: Output to Server: [1,[[true]]]
[18:47:26:626507 +01:00] [Thread 47080] extDB2: Input from Server: 1:926265:startAccountSession:76561198135524863:LoCo
[18:47:26:626507 +01:00] [Thread 47080] extDB2: Output to Server: 
[18:47:26:626507 +01:00] [Thread 9496] extDB2: SQL_CUSTOM_V2: Trace: UniqueID: 1 Input: startAccountSession:76561198135524863:LoCo
[18:47:26:639508 +01:00] [Thread 9496] extDB2: SQL_CUSTOM_V2: Trace: UniqueID: 1 Result: [1,[]]
[18:47:36:954097 +01:00] [Thread 47080] extDB2: Input from Server: 0:926265:hasAlivePlayer:76561198135524863
[18:47:36:954097 +01:00] [Thread 47080] extDB2: SQL_CUSTOM_V2: Trace: UniqueID: 1 Input: hasAlivePlayer:76561198135524863
[18:47:36:955098 +01:00] [Thread 47080] extDB2: SQL_CUSTOM_V2: Trace: UniqueID: 1 Result: [1,[[true]]]
[18:47:36:955098 +01:00] [Thread 47080] extDB2: Output to Server: [1,[[true]]]
[18:47:37:034102 +01:00] [Thread 47080] extDB2: Input from Server: 0:926265:loadPlayer:76561198135524863
[18:47:37:034102 +01:00] [Thread 47080] extDB2: SQL_CUSTOM_V2: Trace: UniqueID: 1 Input: loadPlayer:76561198135524863
[18:47:37:036102 +01:00] [Thread 47080] extDB2: SQL_CUSTOM_V2: Trace: UniqueID: 1 Result: [1,[[4,"LoCo","76561198135524863",1,0,0,94.6613,91.9904,0,1,0,0,0,0,0,197.853,17134.4,12716.2,0.00159836,["ItemMap","ItemCompass","Exile_Item_XM8","ItemRadio"],"",[],[],[],"","",["","","",""],"","","",[],"",["","","",""],"",["","","",""],"Exile_Uniform_BambiOverall",[],[["Exile_Item_PlasticBottleFreshWater",1]],[],"",[],[],[],0,0,0,1,"",""]]]
[18:47:37:036102 +01:00] [Thread 47080] extDB2: Output to Server: [1,[[4,"LoCo","76561198135524863",1,0,0,94.6613,91.9904,0,1,0,0,0,0,0,197.853,17134.4,12716.2,0.00159836,["ItemMap","ItemCompass","Exile_Item_XM8","ItemRadio"],"",[],[],[],"","",["","","",""],"","","",[],"",["","","",""],"",["","","",""],"Exile_Uniform_BambiOverall",[],[["Exile_Item_PlasticBottleFreshWater",1]],[],"",[],[],[],0,0,0,1,"",""]]]
[18:49:36:834954 +01:00] [Thread 47080] extDB2: Input from Server: 1:926265:killPlayer:4
[18:49:36:834954 +01:00] [Thread 47080] extDB2: Output to Server: 
[18:49:36:834954 +01:00] [Thread 9496] extDB2: SQL_CUSTOM_V2: Trace: UniqueID: 1 Input: killPlayer:4
[18:49:36:834954 +01:00] [Thread 47080] extDB2: Input from Server: 1:926265:setAccountScore:-300:76561198152304010
[18:49:36:834954 +01:00] [Thread 47080] extDB2: Output to Server: 
[18:49:36:834954 +01:00] [Thread 24212] extDB2: SQL_CUSTOM_V2: Trace: UniqueID: 1 Input: setAccountScore:-300:76561198152304010
[18:49:36:835954 +01:00] [Thread 47080] extDB2: Input from Server: 1:926265:addAccountKill:76561198152304010
[18:49:36:835954 +01:00] [Thread 47080] extDB2: Output to Server: 
[18:49:36:835954 +01:00] [Thread 48800] extDB2: SQL_CUSTOM_V2: Trace: UniqueID: 1 Input: addAccountKill:76561198152304010
[18:49:36:835954 +01:00] [Thread 47080] extDB2: Input from Server: 1:926265:addAccountDeath:76561198135524863
[18:49:36:835954 +01:00] [Thread 47080] extDB2: Output to Server: 
[18:49:36:835954 +01:00] [Thread 6932] extDB2: SQL_CUSTOM_V2: Trace: UniqueID: 1 Input: addAccountDeath:76561198135524863
[18:49:36:859956 +01:00] [Thread 24212] extDB2: SQL_CUSTOM_V2: Trace: UniqueID: 1 Result: [1,[]]
[18:49:36:875957 +01:00] [Thread 6932] extDB2: SQL_CUSTOM_V2: Trace: UniqueID: 1 Result: [1,[]]
[18:49:36:876957 +01:00] [Thread 48800] extDB2: SQL_CUSTOM_V2: Trace: UniqueID: 1 Result: [1,[]]
[18:49:36:876957 +01:00] [Thread 9496] extDB2: SQL_CUSTOM_V2: Trace: UniqueID: 1 Result: [1,[]]
[18:50:07:174690 +01:00] [Thread 47080] extDB2: Input from Server: 1:926265:updatePlayer:PIKA BOO:1:0:0:73.9166:60.5825:0:1:0:0:0:0:0:347.479:17065.7:12670.2:0.00145626:["ItemMap","ItemCompass","Exile_Item_XM8","ItemRadio"]::[]:[]:[]:LMG_Mk200_MRCO_F::["","","",""]::H_HelmetCrew_B::[["200Rnd_65x39_cased_Box_Tracer",200]]:LMG_Mk200_MRCO_F:["","","optic_MRCO",""]::["","","",""]:Exile_Uniform_BambiOverall:[]:[["Exile_Item_PlasticBottleFreshWater",1],["FlareGreen_F",1],["Exile_Item_Matches",10]]:[]:V_PlateCarrierIA2_dgtl:[]:[]:[]:1
[18:50:07:174690 +01:00] [Thread 47080] extDB2: Output to Server: 
[18:50:07:175690 +01:00] [Thread 9496] extDB2: SQL_CUSTOM_V2: Trace: UniqueID: 1 Input: updatePlayer:PIKA BOO:1:0:0:73.9166:60.5825:0:1:0:0:0:0:0:347.479:17065.7:12670.2:0.00145626:["ItemMap","ItemCompass","Exile_Item_XM8","ItemRadio"]::[]:[]:[]:LMG_Mk200_MRCO_F::["","","",""]::H_HelmetCrew_B::[["200Rnd_65x39_cased_Box_Tracer",200]]:LMG_Mk200_MRCO_F:["","","optic_MRCO",""]::["","","",""]:Exile_Uniform_BambiOverall:[]:[["Exile_Item_PlasticBottleFreshWater",1],["FlareGreen_F",1],["Exile_Item_Matches",10]]:[]:V_PlateCarrierIA2_dgtl:[]:[]:[]:1
[18:50:07:194691 +01:00] [Thread 9496] extDB2: SQL_CUSTOM_V2: Trace: UniqueID: 1 Result: [1,[]]
[18:51:01:190779 +01:00] [Thread 47080] extDB2: Input from Server: 0:926265:hasAlivePlayer:76561198135524863
[18:51:01:190779 +01:00] [Thread 47080] extDB2: SQL_CUSTOM_V2: Trace: UniqueID: 1 Input: hasAlivePlayer:76561198135524863
[18:51:01:190779 +01:00] [Thread 47080] extDB2: SQL_CUSTOM_V2: Trace: UniqueID: 1 Result: [1,[[false]]]
[18:51:01:191779 +01:00] [Thread 47080] extDB2: Output to Server: [1,[[false]]]
[18:51:06:513084 +01:00] [Thread 47080] extDB2: Input from Server: 0:926265:getAccountStats:76561198135524863
[18:51:06:513084 +01:00] [Thread 47080] extDB2: SQL_CUSTOM_V2: Trace: UniqueID: 1 Input: getAccountStats:76561198135524863
[18:51:06:516084 +01:00] [Thread 47080] extDB2: SQL_CUSTOM_V2: Trace: UniqueID: 1 Result: [1,[[0,0,0,2,"",""]]]
[18:51:06:516084 +01:00] [Thread 47080] extDB2: Output to Server: [1,[[0,0,0,2,"",""]]]
[18:51:06:633090 +01:00] [Thread 47080] extDB2: Input from Server: 0:926265:createPlayer:76561198135524863:LoCo
[18:51:06:634090 +01:00] [Thread 47080] extDB2: SQL_CUSTOM_V2: Trace: UniqueID: 1 Input: createPlayer:76561198135524863:LoCo
[18:51:06:657092 +01:00] [Thread 47080] extDB2: SQL_CUSTOM_V2: Trace: UniqueID: 1 Result: [1,[5,[]]]
[18:51:06:658092 +01:00] [Thread 47080] extDB2: Output to Server: [1,[5,[]]]
[18:51:06:659092 +01:00] [Thread 47080] extDB2: Input from Server: 1:926265:updatePlayer:LoCo:1:0:0:100:100:0:1:0:0:0:0:0:277.453:25713.3:21329.6:0:["ItemMap","ItemCompass","Exile_Item_XM8","ItemRadio"]::[]:[]:[]::G_Tactical_Clear:["","","",""]::::[]::["","","",""]::["","","",""]:Exile_Uniform_BambiOverall:[]:[["Exile_Item_PlasticBottleFreshWater",1]]:[]::[]:[]:[]:5
[18:51:06:659092 +01:00] [Thread 47080] extDB2: Output to Server: 
[18:51:06:661092 +01:00] [Thread 9496] extDB2: SQL_CUSTOM_V2: Trace: UniqueID: 1 Input: updatePlayer:LoCo:1:0:0:100:100:0:1:0:0:0:0:0:277.453:25713.3:21329.6:0:["ItemMap","ItemCompass","Exile_Item_XM8","ItemRadio"]::[]:[]:[]::G_Tactical_Clear:["","","",""]::::[]::["","","",""]::["","","",""]:Exile_Uniform_BambiOverall:[]:[["Exile_Item_PlasticBottleFreshWater",1]]:[]::[]:[]:[]:5
[18:51:06:674093 +01:00] [Thread 9496] extDB2: SQL_CUSTOM_V2: Trace: UniqueID: 1 Result: [1,[]]
[18:51:47:464426 +01:00] [Thread 47080] extDB2: Input from Server: 0:926265:isKnownAccount:76561198079212829
[18:51:47:464426 +01:00] [Thread 47080] extDB2: SQL_CUSTOM_V2: Trace: UniqueID: 1 Input: isKnownAccount:76561198079212829
[18:51:47:465426 +01:00] [Thread 47080] extDB2: SQL_CUSTOM_V2: Trace: UniqueID: 1 Result: [1,[[false]]]
[18:51:47:465426 +01:00] [Thread 47080] extDB2: Output to Server: [1,[[false]]]
[18:51:47:465426 +01:00] [Thread 47080] extDB2: Input from Server: 1:926265:createAccount:76561198079212829:Frankie
[18:51:47:465426 +01:00] [Thread 47080] extDB2: Output to Server: 
[18:51:47:465426 +01:00] [Thread 9496] extDB2: SQL_CUSTOM_V2: Trace: UniqueID: 1 Input: createAccount:76561198079212829:Frankie
[18:51:47:484427 +01:00] [Thread 9496] extDB2: SQL_CUSTOM_V2: Trace: UniqueID: 1 Result: [1,[]]
[18:51:59:480113 +01:00] [Thread 47080] extDB2: Input from Server: 0:926265:hasAlivePlayer:76561198079212829
[18:51:59:480113 +01:00] [Thread 47080] extDB2: SQL_CUSTOM_V2: Trace: UniqueID: 1 Input: hasAlivePlayer:76561198079212829
[18:51:59:481113 +01:00] [Thread 47080] extDB2: SQL_CUSTOM_V2: Trace: UniqueID: 1 Result: [1,[[false]]]
[18:51:59:481113 +01:00] [Thread 47080] extDB2: Output to Server: [1,[[false]]]
[18:52:02:701297 +01:00] [Thread 47080] extDB2: Input from Server: 0:926265:getAccountStats:76561198079212829
[18:52:02:701297 +01:00] [Thread 47080] extDB2: SQL_CUSTOM_V2: Trace: UniqueID: 1 Input: getAccountStats:76561198079212829
[18:52:02:702297 +01:00] [Thread 47080] extDB2: SQL_CUSTOM_V2: Trace: UniqueID: 1 Result: [1,[[0,0,0,0,"",""]]]
[18:52:02:702297 +01:00] [Thread 47080] extDB2: Output to Server: [1,[[0,0,0,0,"",""]]]
[18:52:02:738299 +01:00] [Thread 47080] extDB2: Input from Server: 0:926265:createPlayer:76561198079212829:Frankie
[18:52:02:738299 +01:00] [Thread 47080] extDB2: SQL_CUSTOM_V2: Trace: UniqueID: 1 Input: createPlayer:76561198079212829:Frankie
[18:52:02:751300 +01:00] [Thread 47080] extDB2: SQL_CUSTOM_V2: Trace: UniqueID: 1 Result: [1,[6,[]]]
[18:52:02:751300 +01:00] [Thread 47080] extDB2: Output to Server: [1,[6,[]]]
[18:52:02:752300 +01:00] [Thread 47080] extDB2: Input from Server: 1:926265:updatePlayer:Frankie:1:0:0:100:100:0:1:0:0:0:0:0:330.293:17137.8:12719.4:0:["ItemMap","ItemCompass","Exile_Item_XM8","ItemRadio"]::[]:[]:[]::G_Aviator:["","","",""]::::[]::["","","",""]::["","","",""]:Exile_Uniform_BambiOverall:[]:[["Exile_Item_PlasticBottleFreshWater",1]]:[]::[]:[]:[]:6
[18:52:02:752300 +01:00] [Thread 47080] extDB2: Output to Server: 
[18:52:02:768301 +01:00] [Thread 9496] extDB2: SQL_CUSTOM_V2: Trace: UniqueID: 1 Input: updatePlayer:Frankie:1:0:0:100:100:0:1:0:0:0:0:0:330.293:17137.8:12719.4:0:["ItemMap","ItemCompass","Exile_Item_XM8","ItemRadio"]::[]:[]:[]::G_Aviator:["","","",""]::::[]::["","","",""]::["","","",""]:Exile_Uniform_BambiOverall:[]:[["Exile_Item_PlasticBottleFreshWater",1]]:[]::[]:[]:[]:6
[18:52:02:791303 +01:00] [Thread 9496] extDB2: SQL_CUSTOM_V2: Trace: UniqueID: 1 Result: [1,[]]
[18:52:19:880280 +01:00] [Thread 47080] extDB2: Input from Server: 1:926265:killPlayer:5
[18:52:19:880280 +01:00] [Thread 47080] extDB2: Output to Server: 
[18:52:19:880280 +01:00] [Thread 9496] extDB2: SQL_CUSTOM_V2: Trace: UniqueID: 1 Input: killPlayer:5
[18:52:19:881280 +01:00] [Thread 47080] extDB2: Input from Server: 1:926265:addAccountDeath:76561198135524863
[18:52:19:881280 +01:00] [Thread 47080] extDB2: Output to Server: 
[18:52:19:881280 +01:00] [Thread 48800] extDB2: SQL_CUSTOM_V2: Trace: UniqueID: 1 Input: addAccountDeath:76561198135524863
[18:52:19:896281 +01:00] [Thread 9496] extDB2: SQL_CUSTOM_V2: Trace: UniqueID: 1 Result: [1,[]]
[18:52:19:920282 +01:00] [Thread 48800] extDB2: SQL_CUSTOM_V2: Trace: UniqueID: 1 Result: [1,[]]
[18:52:21:942398 +01:00] [Thread 47080] extDB2: Input from Server: 1:926265:killPlayer:6
[18:52:21:942398 +01:00] [Thread 47080] extDB2: Output to Server: 
[18:52:21:942398 +01:00] [Thread 48800] extDB2: SQL_CUSTOM_V2: Trace: UniqueID: 1 Input: killPlayer:6
[18:52:21:943398 +01:00] [Thread 47080] extDB2: Input from Server: 1:926265:addAccountDeath:76561198079212829
[18:52:21:943398 +01:00] [Thread 47080] extDB2: Output to Server: 
[18:52:21:943398 +01:00] [Thread 9496] extDB2: SQL_CUSTOM_V2: Trace: UniqueID: 1 Input: addAccountDeath:76561198079212829
[18:52:21:957399 +01:00] [Thread 9496] extDB2: SQL_CUSTOM_V2: Trace: UniqueID: 1 Result: [1,[]]
[18:52:21:972400 +01:00] [Thread 48800] extDB2: SQL_CUSTOM_V2: Trace: UniqueID: 1 Result: [1,[]]
[18:52:31:857965 +01:00] [Thread 47080] extDB2: Input from Server: 0:926265:hasAlivePlayer:76561198135524863
[18:52:31:857965 +01:00] [Thread 47080] extDB2: SQL_CUSTOM_V2: Trace: UniqueID: 1 Input: hasAlivePlayer:76561198135524863
[18:52:31:858965 +01:00] [Thread 47080] extDB2: SQL_CUSTOM_V2: Trace: UniqueID: 1 Result: [1,[[false]]]
[18:52:31:858965 +01:00] [Thread 47080] extDB2: Output to Server: [1,[[false]]]
[18:52:35:965200 +01:00] [Thread 47080] extDB2: Input from Server: 0:926265:getAccountStats:76561198135524863
[18:52:35:966200 +01:00] [Thread 47080] extDB2: SQL_CUSTOM_V2: Trace: UniqueID: 1 Input: getAccountStats:76561198135524863
[18:52:35:967200 +01:00] [Thread 47080] extDB2: SQL_CUSTOM_V2: Trace: UniqueID: 1 Result: [1,[[0,0,0,3,"",""]]]
[18:52:35:967200 +01:00] [Thread 47080] extDB2: Output to Server: [1,[[0,0,0,3,"",""]]]
[18:52:35:982201 +01:00] [Thread 47080] extDB2: Input from Server: 0:926265:createPlayer:76561198135524863:LoCo
[18:52:35:982201 +01:00] [Thread 47080] extDB2: SQL_CUSTOM_V2: Trace: UniqueID: 1 Input: createPlayer:76561198135524863:LoCo
[18:52:36:000202 +01:00] [Thread 47080] extDB2: SQL_CUSTOM_V2: Trace: UniqueID: 1 Result: [1,[7,[]]]
[18:52:36:000202 +01:00] [Thread 47080] extDB2: Output to Server: [1,[7,[]]]
[18:52:36:001202 +01:00] [Thread 47080] extDB2: Input from Server: 1:926265:updatePlayer:LoCo:1:0:0:100:100:0:1:0:0:0:0:0:324.906:25713.3:21329.6:0:["ItemMap","ItemCompass","Exile_Item_XM8","ItemRadio"]::[]:[]:[]::G_Tactical_Clear:["","","",""]::::[]::["","","",""]::["","","",""]:Exile_Uniform_BambiOverall:[]:[["Exile_Item_PlasticBottleFreshWater",1]]:[]::[]:[]:[]:7
[18:52:36:001202 +01:00] [Thread 47080] extDB2: Output to Server: 
[18:52:36:001202 +01:00] [Thread 48800] extDB2: SQL_CUSTOM_V2: Trace: UniqueID: 1 Input: updatePlayer:LoCo:1:0:0:100:100:0:1:0:0:0:0:0:324.906:25713.3:21329.6:0:["ItemMap","ItemCompass","Exile_Item_XM8","ItemRadio"]::[]:[]:[]::G_Tactical_Clear:["","","",""]::::[]::["","","",""]::["","","",""]:Exile_Uniform_BambiOverall:[]:[["Exile_Item_PlasticBottleFreshWater",1]]:[]::[]:[]:[]:7
[18:52:36:012203 +01:00] [Thread 48800] extDB2: SQL_CUSTOM_V2: Trace: UniqueID: 1 Result: [1,[]]
[18:52:41:599522 +01:00] [Thread 47080] extDB2: Input from Server: 1:926265:updatePlayer:LoCo:0:1:0:98.4944:97.7412:0:1:158.316:1:1:1:1:84.8584:25811.5:21272.1:0.0222645:["ItemMap","ItemCompass","Exile_Item_XM8","ItemRadio"]::[]:[]:[]:::["","","",""]::::[]::["","","",""]::["","","",""]:Exile_Uniform_BambiOverall:[]:[["Exile_Item_PlasticBottleFreshWater",1]]:[]::[]:[]:[]:5
[18:52:41:600522 +01:00] [Thread 47080] extDB2: Output to Server: 
[18:52:41:600522 +01:00] [Thread 48800] extDB2: SQL_CUSTOM_V2: Trace: UniqueID: 1 Input: updatePlayer:LoCo:0:1:0:98.4944:97.7412:0:1:158.316:1:1:1:1:84.8584:25811.5:21272.1:0.0222645:["ItemMap","ItemCompass","Exile_Item_XM8","ItemRadio"]::[]:[]:[]:::["","","",""]::::[]::["","","",""]::["","","",""]:Exile_Uniform_BambiOverall:[]:[["Exile_Item_PlasticBottleFreshWater",1]]:[]::[]:[]:[]:5
[18:52:41:613523 +01:00] [Thread 48800] extDB2: SQL_CUSTOM_V2: Trace: UniqueID: 1 Result: [1,[]]
[18:52:48:000888 +01:00] [Thread 47080] extDB2: Input from Server: 0:926265:hasAlivePlayer:76561198079212829
[18:52:48:000888 +01:00] [Thread 47080] extDB2: SQL_CUSTOM_V2: Trace: UniqueID: 1 Input: hasAlivePlayer:76561198079212829
[18:52:48:001888 +01:00] [Thread 47080] extDB2: SQL_CUSTOM_V2: Trace: UniqueID: 1 Result: [1,[[false]]]
[18:52:48:001888 +01:00] [Thread 47080] extDB2: Output to Server: [1,[[false]]]
[18:52:51:109066 +01:00] [Thread 47080] extDB2: Input from Server: 0:926265:getAccountStats:76561198079212829
[18:52:51:109066 +01:00] [Thread 47080] extDB2: SQL_CUSTOM_V2: Trace: UniqueID: 1 Input: getAccountStats:76561198079212829
[18:52:51:110066 +01:00] [Thread 47080] extDB2: SQL_CUSTOM_V2: Trace: UniqueID: 1 Result: [1,[[0,0,0,1,"",""]]]
[18:52:51:110066 +01:00] [Thread 47080] extDB2: Output to Server: [1,[[0,0,0,1,"",""]]]
[18:52:51:140068 +01:00] [Thread 47080] extDB2: Input from Server: 0:926265:createPlayer:76561198079212829:Frankie
[18:52:51:140068 +01:00] [Thread 47080] extDB2: SQL_CUSTOM_V2: Trace: UniqueID: 1 Input: createPlayer:76561198079212829:Frankie
[18:52:51:163069 +01:00] [Thread 47080] extDB2: SQL_CUSTOM_V2: Trace: UniqueID: 1 Result: [1,[8,[]]]
[18:52:51:163069 +01:00] [Thread 47080] extDB2: Output to Server: [1,[8,[]]]
[18:52:51:164069 +01:00] [Thread 47080] extDB2: Input from Server: 1:926265:updatePlayer:Frankie:1:0:0:100:100:0:1:0:0:0:0:0:4.13837:17137.8:12719.4:0:["ItemMap","ItemCompass","Exile_Item_XM8","ItemRadio"]::[]:[]:[]::G_Combat:["","","",""]::::[]::["","","",""]::["","","",""]:Exile_Uniform_BambiOverall:[]:[["Exile_Item_PlasticBottleFreshWater",1]]:[]::[]:[]:[]:8
[18:52:51:164069 +01:00] [Thread 47080] extDB2: Output to Server: 
[18:52:51:164069 +01:00] [Thread 48800] extDB2: SQL_CUSTOM_V2: Trace: UniqueID: 1 Input: updatePlayer:Frankie:1:0:0:100:100:0:1:0:0:0:0:0:4.13837:17137.8:12719.4:0:["ItemMap","ItemCompass","Exile_Item_XM8","ItemRadio"]::[]:[]:[]::G_Combat:["","","",""]::::[]::["","","",""]::["","","",""]:Exile_Uniform_BambiOverall:[]:[["Exile_Item_PlasticBottleFreshWater",1]]:[]::[]:[]:[]:8
[18:52:51:212072 +01:00] [Thread 48800] extDB2: SQL_CUSTOM_V2: Trace: UniqueID: 1 Result: [1,[]]
[18:53:36:468661 +01:00] [Thread 47080] extDB2: Input from Server: 1:926265:killPlayer:7
[18:53:36:468661 +01:00] [Thread 47080] extDB2: Output to Server: 
[18:53:36:468661 +01:00] [Thread 48800] extDB2: SQL_CUSTOM_V2: Trace: UniqueID: 1 Input: killPlayer:7
[18:53:36:468661 +01:00] [Thread 47080] extDB2: Input from Server: 1:926265:addAccountDeath:76561198135524863
[18:53:36:468661 +01:00] [Thread 47080] extDB2: Output to Server: 
[18:53:36:469661 +01:00] [Thread 9496] extDB2: SQL_CUSTOM_V2: Trace: UniqueID: 1 Input: addAccountDeath:76561198135524863
[18:53:36:499662 +01:00] [Thread 48800] extDB2: SQL_CUSTOM_V2: Trace: UniqueID: 1 Result: [1,[]]
[18:53:36:519663 +01:00] [Thread 9496] extDB2: SQL_CUSTOM_V2: Trace: UniqueID: 1 Result: [1,[]]
[18:53:45:606183 +01:00] [Thread 47080] extDB2: Input from Server: 0:926265:hasAlivePlayer:76561198135524863
[18:53:45:606183 +01:00] [Thread 47080] extDB2: SQL_CUSTOM_V2: Trace: UniqueID: 1 Input: hasAlivePlayer:76561198135524863
[18:53:45:607183 +01:00] [Thread 47080] extDB2: SQL_CUSTOM_V2: Trace: UniqueID: 1 Result: [1,[[false]]]
[18:53:45:607183 +01:00] [Thread 47080] extDB2: Output to Server: [1,[[false]]]
[18:53:49:977433 +01:00] [Thread 47080] extDB2: Input from Server: 0:926265:getAccountStats:76561198135524863
[18:53:49:977433 +01:00] [Thread 47080] extDB2: SQL_CUSTOM_V2: Trace: UniqueID: 1 Input: getAccountStats:76561198135524863
[18:53:49:978433 +01:00] [Thread 47080] extDB2: SQL_CUSTOM_V2: Trace: UniqueID: 1 Result: [1,[[0,0,0,4,"",""]]]
[18:53:49:978433 +01:00] [Thread 47080] extDB2: Output to Server: [1,[[0,0,0,4,"",""]]]
[18:53:49:994434 +01:00] [Thread 47080] extDB2: Input from Server: 0:926265:createPlayer:76561198135524863:LoCo
[18:53:49:994434 +01:00] [Thread 47080] extDB2: SQL_CUSTOM_V2: Trace: UniqueID: 1 Input: createPlayer:76561198135524863:LoCo
[18:53:50:028436 +01:00] [Thread 47080] extDB2: SQL_CUSTOM_V2: Trace: UniqueID: 1 Result: [1,[9,[]]]
[18:53:50:028436 +01:00] [Thread 47080] extDB2: Output to Server: [1,[9,[]]]
[18:53:50:029436 +01:00] [Thread 47080] extDB2: Input from Server: 1:926265:updatePlayer:LoCo:1:0:0:100:100:0:1:0:0:0:0:0:117.492:9926.53:12083.3:0:["ItemMap","ItemCompass","Exile_Item_XM8","ItemRadio"]::[]:[]:[]::G_Combat:["","","",""]::::[]::["","","",""]::["","","",""]:Exile_Uniform_BambiOverall:[]:[["Exile_Item_PlasticBottleFreshWater",1]]:[]::[]:[]:[]:9
[18:53:50:029436 +01:00] [Thread 47080] extDB2: Output to Server: 
[18:53:50:029436 +01:00] [Thread 9496] extDB2: SQL_CUSTOM_V2: Trace: UniqueID: 1 Input: updatePlayer:LoCo:1:0:0:100:100:0:1:0:0:0:0:0:117.492:9926.53:12083.3:0:["ItemMap","ItemCompass","Exile_Item_XM8","ItemRadio"]::[]:[]:[]::G_Combat:["","","",""]::::[]::["","","",""]::["","","",""]:Exile_Uniform_BambiOverall:[]:[["Exile_Item_PlasticBottleFreshWater",1]]:[]::[]:[]:[]:9
[18:53:50:040437 +01:00] [Thread 9496] extDB2: SQL_CUSTOM_V2: Trace: UniqueID: 1 Result: [1,[]]
[18:54:11:278652 +01:00] [Thread 47080] extDB2: Input from Server: 1:926265:endAccountSession:76561198079212829
[18:54:11:279652 +01:00] [Thread 47080] extDB2: Output to Server: 
[18:54:11:279652 +01:00] [Thread 9496] extDB2: SQL_CUSTOM_V2: Trace: UniqueID: 1 Input: endAccountSession:76561198079212829
[18:54:11:280652 +01:00] [Thread 47080] extDB2: Input from Server: 1:926265:updatePlayer:Frankie:1:0:0:100:100:0:1:0:0:0:0:0:68.3507:17098.8:12695:1.70095:["ItemMap","ItemCompass","Exile_Item_XM8","ItemRadio"]::[]:[]:[]::G_Tactical_Clear:["","","",""]::::[]::["","","",""]::["","","",""]:Exile_Uniform_BambiOverall:[]:[["Exile_Item_PlasticBottleFreshWater",1]]:[]::[]:[]:[]:8
[18:54:11:280652 +01:00] [Thread 47080] extDB2: Output to Server: 
[18:54:11:280652 +01:00] [Thread 48800] extDB2: SQL_CUSTOM_V2: Trace: UniqueID: 1 Input: updatePlayer:Frankie:1:0:0:100:100:0:1:0:0:0:0:0:68.3507:17098.8:12695:1.70095:["ItemMap","ItemCompass","Exile_Item_XM8","ItemRadio"]::[]:[]:[]::G_Tactical_Clear:["","","",""]::::[]::["","","",""]::["","","",""]:Exile_Uniform_BambiOverall:[]:[["Exile_Item_PlasticBottleFreshWater",1]]:[]::[]:[]:[]:8
[18:54:11:303653 +01:00] [Thread 9496] extDB2: SQL_CUSTOM_V2: Trace: UniqueID: 1 Result: [1,[]]
[18:54:11:311653 +01:00] [Thread 48800] extDB2: SQL_CUSTOM_V2: Trace: UniqueID: 1 Result: [1,[]]
[18:54:34:340971 +01:00] [Thread 47080] extDB2: Input from Server: 0:926265:isKnownAccount:76561198079212829
[18:54:34:340971 +01:00] [Thread 47080] extDB2: SQL_CUSTOM_V2: Trace: UniqueID: 1 Input: isKnownAccount:76561198079212829
[18:54:34:341971 +01:00] [Thread 47080] extDB2: SQL_CUSTOM_V2: Trace: UniqueID: 1 Result: [1,[[true]]]
[18:54:34:341971 +01:00] [Thread 47080] extDB2: Output to Server: [1,[[true]]]
[18:54:34:341971 +01:00] [Thread 47080] extDB2: Input from Server: 1:926265:startAccountSession:76561198079212829:Frankie
[18:54:34:341971 +01:00] [Thread 47080] extDB2: Output to Server: 
[18:54:34:344971 +01:00] [Thread 48800] extDB2: SQL_CUSTOM_V2: Trace: UniqueID: 1 Input: startAccountSession:76561198079212829:Frankie
[18:54:34:375973 +01:00] [Thread 48800] extDB2: SQL_CUSTOM_V2: Trace: UniqueID: 1 Result: [1,[]]
[18:54:37:355143 +01:00] [Thread 47080] extDB2: Input from Server: 0:926265:hasAlivePlayer:76561198079212829
[18:54:37:355143 +01:00] [Thread 47080] extDB2: SQL_CUSTOM_V2: Trace: UniqueID: 1 Input: hasAlivePlayer:76561198079212829
[18:54:37:356143 +01:00] [Thread 47080] extDB2: SQL_CUSTOM_V2: Trace: UniqueID: 1 Result: [1,[[true]]]
[18:54:37:356143 +01:00] [Thread 47080] extDB2: Output to Server: [1,[[true]]]
[18:54:37:514152 +01:00] [Thread 47080] extDB2: Input from Server: 0:926265:loadPlayer:76561198079212829
[18:54:37:514152 +01:00] [Thread 47080] extDB2: SQL_CUSTOM_V2: Trace: UniqueID: 1 Input: loadPlayer:76561198079212829
[18:54:37:516152 +01:00] [Thread 47080] extDB2: SQL_CUSTOM_V2: Trace: UniqueID: 1 Result: [1,[[8,"Frankie","76561198079212829",1,0,0,100,100,0,1,0,0,0,0,0,68.3507,17098.8,12695,1.70095,["ItemMap","ItemCompass","Exile_Item_XM8","ItemRadio"],"",[],[],[],"","G_Tactical_Clear",["","","",""],"","","",[],"",["","","",""],"",["","","",""],"Exile_Uniform_BambiOverall",[],[["Exile_Item_PlasticBottleFreshWater",1]],[],"",[],[],[],0,0,0,1,"",""]]]
[18:54:37:516152 +01:00] [Thread 47080] extDB2: Output to Server: [1,[[8,"Frankie","76561198079212829",1,0,0,100,100,0,1,0,0,0,0,0,68.3507,17098.8,12695,1.70095,["ItemMap","ItemCompass","Exile_Item_XM8","ItemRadio"],"",[],[],[],"","G_Tactical_Clear",["","","",""],"","","",[],"",["","","",""],"",["","","",""],"Exile_Uniform_BambiOverall",[],[["Exile_Item_PlasticBottleFreshWater",1]],[],"",[],[],[],0,0,0,1,"",""]]]
[18:55:02:062556 +01:00] [Thread 47080] extDB2: Input from Server: 1:926265:killPlayer:9
[18:55:02:062556 +01:00] [Thread 47080] extDB2: Output to Server: 
[18:55:02:063556 +01:00] [Thread 47080] extDB2: Input from Server: 1:926265:addAccountDeath:76561198135524863
[18:55:02:063556 +01:00] [Thread 47080] extDB2: Output to Server: 
[18:55:02:063556 +01:00] [Thread 9496] extDB2: SQL_CUSTOM_V2: Trace: UniqueID: 1 Input: addAccountDeath:76561198135524863
[18:55:02:064556 +01:00] [Thread 48800] extDB2: SQL_CUSTOM_V2: Trace: UniqueID: 1 Input: killPlayer:9
[18:55:02:078557 +01:00] [Thread 9496] extDB2: SQL_CUSTOM_V2: Trace: UniqueID: 1 Result: [1,[]]
[18:55:02:098558 +01:00] [Thread 48800] extDB2: SQL_CUSTOM_V2: Trace: UniqueID: 1 Result: [1,[]]
[18:55:15:198308 +01:00] [Thread 47080] extDB2: Input from Server: 1:926265:updatePlayer:PIKA BOO:1:0:0:68.1856:51.9018:0:1:0:0:0:0:0:156.999:17093.5:12705.5:0.00151825:["ItemMap","ItemCompass","Exile_Item_XM8","ItemRadio"]::[]:[]:[]:LMG_Mk200_MRCO_F::["","","",""]::H_HelmetCrew_B::[["200Rnd_65x39_cased_Box_Tracer",199]]:LMG_Mk200_MRCO_F:["","","optic_MRCO",""]::["","","",""]:Exile_Uniform_BambiOverall:[]:[["Exile_Item_PlasticBottleFreshWater",1],["FlareGreen_F",1],["Exile_Item_Matches",10]]:[]:V_PlateCarrierIA2_dgtl:[]:[]:[]:1
[18:55:15:198308 +01:00] [Thread 47080] extDB2: Output to Server: 
[18:55:15:198308 +01:00] [Thread 48800] extDB2: SQL_CUSTOM_V2: Trace: UniqueID: 1 Input: updatePlayer:PIKA BOO:1:0:0:68.1856:51.9018:0:1:0:0:0:0:0:156.999:17093.5:12705.5:0.00151825:["ItemMap","ItemCompass","Exile_Item_XM8","ItemRadio"]::[]:[]:[]:LMG_Mk200_MRCO_F::["","","",""]::H_HelmetCrew_B::[["200Rnd_65x39_cased_Box_Tracer",199]]:LMG_Mk200_MRCO_F:["","","optic_MRCO",""]::["","","",""]:Exile_Uniform_BambiOverall:[]:[["Exile_Item_PlasticBottleFreshWater",1],["FlareGreen_F",1],["Exile_Item_Matches",10]]:[]:V_PlateCarrierIA2_dgtl:[]:[]:[]:1
[18:55:15:216309 +01:00] [Thread 48800] extDB2: SQL_CUSTOM_V2: Trace: UniqueID: 1 Result: [1,[]]
[18:56:54:714000 +01:00] [Thread 47080] extDB2: Input from Server: 1:926265:killPlayer:8
[18:56:54:714000 +01:00] [Thread 47080] extDB2: Output to Server: 
[18:56:54:715000 +01:00] [Thread 47080] extDB2: Input from Server: 1:926265:addAccountDeath:76561198079212829
[18:56:54:715000 +01:00] [Thread 47080] extDB2: Output to Server: 
[18:56:54:715000 +01:00] [Thread 9496] extDB2: SQL_CUSTOM_V2: Trace: UniqueID: 1 Input: addAccountDeath:76561198079212829
[18:56:54:715000 +01:00] [Thread 48800] extDB2: SQL_CUSTOM_V2: Trace: UniqueID: 1 Input: killPlayer:8
[18:56:54:730000 +01:00] [Thread 9496] extDB2: SQL_CUSTOM_V2: Trace: UniqueID: 1 Result: [1,[]]
[18:56:54:738001 +01:00] [Thread 48800] extDB2: SQL_CUSTOM_V2: Trace: UniqueID: 1 Result: [1,[]]
[18:57:09:526847 +01:00] [Thread 47080] extDB2: Input from Server: 0:926265:hasAlivePlayer:76561198135524863
[18:57:09:526847 +01:00] [Thread 47080] extDB2: SQL_CUSTOM_V2: Trace: UniqueID: 1 Input: hasAlivePlayer:76561198135524863
[18:57:09:527847 +01:00] [Thread 47080] extDB2: SQL_CUSTOM_V2: Trace: UniqueID: 1 Result: [1,[[false]]]
[18:57:09:527847 +01:00] [Thread 47080] extDB2: Output to Server: [1,[[false]]]
[18:57:11:900983 +01:00] [Thread 47080] extDB2: Input from Server: 0:926265:hasAlivePlayer:76561198135524863
[18:57:11:900983 +01:00] [Thread 47080] extDB2: SQL_CUSTOM_V2: Trace: UniqueID: 1 Input: hasAlivePlayer:76561198135524863
[18:57:11:901983 +01:00] [Thread 47080] extDB2: SQL_CUSTOM_V2: Trace: UniqueID: 1 Result: [1,[[false]]]
[18:57:11:901983 +01:00] [Thread 47080] extDB2: Output to Server: [1,[[false]]]
[18:57:14:168112 +01:00] [Thread 47080] extDB2: Input from Server: 0:926265:hasAlivePlayer:76561198135524863
[18:57:14:168112 +01:00] [Thread 47080] extDB2: SQL_CUSTOM_V2: Trace: UniqueID: 1 Input: hasAlivePlayer:76561198135524863
[18:57:14:169112 +01:00] [Thread 47080] extDB2: SQL_CUSTOM_V2: Trace: UniqueID: 1 Result: [1,[[false]]]
[18:57:14:169112 +01:00] [Thread 47080] extDB2: Output to Server: [1,[[false]]]
[18:57:16:458243 +01:00] [Thread 47080] extDB2: Input from Server: 0:926265:hasAlivePlayer:76561198135524863
[18:57:16:458243 +01:00] [Thread 47080] extDB2: SQL_CUSTOM_V2: Trace: UniqueID: 1 Input: hasAlivePlayer:76561198135524863
[18:57:16:458243 +01:00] [Thread 47080] extDB2: SQL_CUSTOM_V2: Trace: UniqueID: 1 Result: [1,[[false]]]
[18:57:16:458243 +01:00] [Thread 47080] extDB2: Output to Server: [1,[[false]]]
[18:57:18:486359 +01:00] [Thread 47080] extDB2: Input from Server: 0:926265:hasAlivePlayer:76561198135524863
[18:57:18:486359 +01:00] [Thread 47080] extDB2: SQL_CUSTOM_V2: Trace: UniqueID: 1 Input: hasAlivePlayer:76561198135524863
[18:57:18:487359 +01:00] [Thread 47080] extDB2: SQL_CUSTOM_V2: Trace: UniqueID: 1 Result: [1,[[false]]]
[18:57:18:487359 +01:00] [Thread 47080] extDB2: Output to Server: [1,[[false]]]
[18:57:20:617481 +01:00] [Thread 47080] extDB2: Input from Server: 0:926265:hasAlivePlayer:76561198135524863
[18:57:20:617481 +01:00] [Thread 47080] extDB2: SQL_CUSTOM_V2: Trace: UniqueID: 1 Input: hasAlivePlayer:76561198135524863
[18:57:20:619481 +01:00] [Thread 47080] extDB2: SQL_CUSTOM_V2: Trace: UniqueID: 1 Result: [1,[[false]]]
[18:57:20:619481 +01:00] [Thread 47080] extDB2: Output to Server: [1,[[false]]]
[18:57:22:769604 +01:00] [Thread 47080] extDB2: Input from Server: 0:926265:hasAlivePlayer:76561198135524863
[18:57:22:769604 +01:00] [Thread 47080] extDB2: SQL_CUSTOM_V2: Trace: UniqueID: 1 Input: hasAlivePlayer:76561198135524863
[18:57:22:770604 +01:00] [Thread 47080] extDB2: SQL_CUSTOM_V2: Trace: UniqueID: 1 Result: [1,[[false]]]
[18:57:22:770604 +01:00] [Thread 47080] extDB2: Output to Server: [1,[[false]]]
[18:57:25:025733 +01:00] [Thread 47080] extDB2: Input from Server: 0:926265:hasAlivePlayer:76561198135524863
[18:57:25:025733 +01:00] [Thread 47080] extDB2: SQL_CUSTOM_V2: Trace: UniqueID: 1 Input: hasAlivePlayer:76561198135524863
[18:57:25:026733 +01:00] [Thread 47080] extDB2: SQL_CUSTOM_V2: Trace: UniqueID: 1 Result: [1,[[false]]]
[18:57:25:026733 +01:00] [Thread 47080] extDB2: Output to Server: [1,[[false]]]
[18:57:26:522819 +01:00] [Thread 47080] extDB2: Input from Server: 1:926265:endAccountSession:76561198079212829
[18:57:26:523819 +01:00] [Thread 47080] extDB2: Output to Server: 
[18:57:26:523819 +01:00] [Thread 48800] extDB2: SQL_CUSTOM_V2: Trace: UniqueID: 1 Input: endAccountSession:76561198079212829
[18:57:26:546820 +01:00] [Thread 48800] extDB2: SQL_CUSTOM_V2: Trace: UniqueID: 1 Result: [1,[]]
[18:57:27:037848 +01:00] [Thread 47080] extDB2: Input from Server: 0:926265:hasAlivePlayer:76561198135524863
[18:57:27:037848 +01:00] [Thread 47080] extDB2: SQL_CUSTOM_V2: Trace: UniqueID: 1 Input: hasAlivePlayer:76561198135524863
[18:57:27:038848 +01:00] [Thread 47080] extDB2: SQL_CUSTOM_V2: Trace: UniqueID: 1 Result: [1,[[false]]]
[18:57:27:038848 +01:00] [Thread 47080] extDB2: Output to Server: [1,[[false]]]
[18:57:28:132911 +01:00] [Thread 47080] extDB2: Input from Server: 1:926265:endAccountSession:76561198152304010
[18:57:28:133911 +01:00] [Thread 47080] extDB2: Output to Server: 
[18:57:28:133911 +01:00] [Thread 48800] extDB2: SQL_CUSTOM_V2: Trace: UniqueID: 1 Input: endAccountSession:76561198152304010
[18:57:28:134911 +01:00] [Thread 47080] extDB2: Input from Server: 1:926265:updatePlayer:PIKA BOO:1:0:0:68.1856:51.9018:0:1:0:0:0:0:0:263.666:17795.2:13996.3:0.00138283:["ItemMap","ItemCompass","Exile_Item_XM8","ItemRadio"]::[]:[]:[]:LMG_Mk200_MRCO_F::["","","",""]::H_HelmetCrew_B::[["200Rnd_65x39_cased_Box_Tracer",199]]:LMG_Mk200_MRCO_F:["","","optic_MRCO",""]::["","","",""]:Exile_Uniform_BambiOverall:[]:[["Exile_Item_PlasticBottleFreshWater",1],["FlareGreen_F",1],["Exile_Item_Matches",10]]:[]:V_PlateCarrierIA2_dgtl:[]:[]:[]:1
[18:57:28:134911 +01:00] [Thread 47080] extDB2: Output to Server: 
[18:57:28:134911 +01:00] [Thread 9496] extDB2: SQL_CUSTOM_V2: Trace: UniqueID: 1 Input: updatePlayer:PIKA BOO:1:0:0:68.1856:51.9018:0:1:0:0:0:0:0:263.666:17795.2:13996.3:0.00138283:["ItemMap","ItemCompass","Exile_Item_XM8","ItemRadio"]::[]:[]:[]:LMG_Mk200_MRCO_F::["","","",""]::H_HelmetCrew_B::[["200Rnd_65x39_cased_Box_Tracer",199]]:LMG_Mk200_MRCO_F:["","","optic_MRCO",""]::["","","",""]:Exile_Uniform_BambiOverall:[]:[["Exile_Item_PlasticBottleFreshWater",1],["FlareGreen_F",1],["Exile_Item_Matches",10]]:[]:V_PlateCarrierIA2_dgtl:[]:[]:[]:1
[18:57:28:149912 +01:00] [Thread 48800] extDB2: SQL_CUSTOM_V2: Trace: UniqueID: 1 Result: [1,[]]
[18:57:28:169913 +01:00] [Thread 9496] extDB2: SQL_CUSTOM_V2: Trace: UniqueID: 1 Result: [1,[]]
[18:57:29:341980 +01:00] [Thread 47080] extDB2: Input from Server: 0:926265:hasAlivePlayer:76561198135524863
[18:57:29:341980 +01:00] [Thread 47080] extDB2: SQL_CUSTOM_V2: Trace: UniqueID: 1 Input: hasAlivePlayer:76561198135524863
[18:57:29:342980 +01:00] [Thread 47080] extDB2: SQL_CUSTOM_V2: Trace: UniqueID: 1 Result: [1,[[false]]]
[18:57:29:342980 +01:00] [Thread 47080] extDB2: Output to Server: [1,[[false]]]
[18:57:31:332094 +01:00] [Thread 47080] extDB2: Input from Server: 0:926265:hasAlivePlayer:76561198135524863
[18:57:31:332094 +01:00] [Thread 47080] extDB2: SQL_CUSTOM_V2: Trace: UniqueID: 1 Input: hasAlivePlayer:76561198135524863
[18:57:31:333094 +01:00] [Thread 47080] extDB2: SQL_CUSTOM_V2: Trace: UniqueID: 1 Result: [1,[[false]]]
[18:57:31:333094 +01:00] [Thread 47080] extDB2: Output to Server: [1,[[false]]]
[18:57:33:776234 +01:00] [Thread 47080] extDB2: Input from Server: 0:926265:hasAlivePlayer:76561198135524863
[18:57:33:776234 +01:00] [Thread 47080] extDB2: SQL_CUSTOM_V2: Trace: UniqueID: 1 Input: hasAlivePlayer:76561198135524863
[18:57:33:777234 +01:00] [Thread 47080] extDB2: SQL_CUSTOM_V2: Trace: UniqueID: 1 Result: [1,[[false]]]
[18:57:33:777234 +01:00] [Thread 47080] extDB2: Output to Server: [1,[[false]]]
[18:57:36:022362 +01:00] [Thread 47080] extDB2: Input from Server: 0:926265:hasAlivePlayer:76561198135524863
[18:57:36:022362 +01:00] [Thread 47080] extDB2: SQL_CUSTOM_V2: Trace: UniqueID: 1 Input: hasAlivePlayer:76561198135524863
[18:57:36:023362 +01:00] [Thread 47080] extDB2: SQL_CUSTOM_V2: Trace: UniqueID: 1 Result: [1,[[false]]]
[18:57:36:023362 +01:00] [Thread 47080] extDB2: Output to Server: [1,[[false]]]
[18:57:38:293492 +01:00] [Thread 47080] extDB2: Input from Server: 0:926265:hasAlivePlayer:76561198135524863
[18:57:38:293492 +01:00] [Thread 47080] extDB2: SQL_CUSTOM_V2: Trace: UniqueID: 1 Input: hasAlivePlayer:76561198135524863
[18:57:38:294492 +01:00] [Thread 47080] extDB2: SQL_CUSTOM_V2: Trace: UniqueID: 1 Result: [1,[[false]]]
[18:57:38:294492 +01:00] [Thread 47080] extDB2: Output to Server: [1,[[false]]]
[18:57:40:465616 +01:00] [Thread 47080] extDB2: Input from Server: 0:926265:hasAlivePlayer:76561198135524863
[18:57:40:465616 +01:00] [Thread 47080] extDB2: SQL_CUSTOM_V2: Trace: UniqueID: 1 Input: hasAlivePlayer:76561198135524863
[18:57:40:466616 +01:00] [Thread 47080] extDB2: SQL_CUSTOM_V2: Trace: UniqueID: 1 Result: [1,[[false]]]
[18:57:40:466616 +01:00] [Thread 47080] extDB2: Output to Server: [1,[[false]]]
[18:57:42:727746 +01:00] [Thread 47080] extDB2: Input from Server: 0:926265:hasAlivePlayer:76561198135524863
[18:57:42:727746 +01:00] [Thread 47080] extDB2: SQL_CUSTOM_V2: Trace: UniqueID: 1 Input: hasAlivePlayer:76561198135524863
[18:57:42:728746 +01:00] [Thread 47080] extDB2: SQL_CUSTOM_V2: Trace: UniqueID: 1 Result: [1,[[false]]]
[18:57:42:728746 +01:00] [Thread 47080] extDB2: Output to Server: [1,[[false]]]
[18:57:45:040878 +01:00] [Thread 47080] extDB2: Input from Server: 0:926265:hasAlivePlayer:76561198135524863
[18:57:45:040878 +01:00] [Thread 47080] extDB2: SQL_CUSTOM_V2: Trace: UniqueID: 1 Input: hasAlivePlayer:76561198135524863
[18:57:45:041878 +01:00] [Thread 47080] extDB2: SQL_CUSTOM_V2: Trace: UniqueID: 1 Result: [1,[[false]]]
[18:57:45:041878 +01:00] [Thread 47080] extDB2: Output to Server: [1,[[false]]]
[18:57:47:068994 +01:00] [Thread 47080] extDB2: Input from Server: 0:926265:hasAlivePlayer:76561198135524863
[18:57:47:068994 +01:00] [Thread 47080] extDB2: SQL_CUSTOM_V2: Trace: UniqueID: 1 Input: hasAlivePlayer:76561198135524863
[18:57:47:069994 +01:00] [Thread 47080] extDB2: SQL_CUSTOM_V2: Trace: UniqueID: 1 Result: [1,[[false]]]
[18:57:47:069994 +01:00] [Thread 47080] extDB2: Output to Server: [1,[[false]]]
[18:57:48:647084 +01:00] [Thread 47080] extDB2: Input from Server: 1:926265:updatePlayer:LoCo:0:1:0:95.9536:93.9238:0:1:0:1:1:1:1:43.0967:10495.3:11832.9:0.0375948:["ItemMap","ItemCompass","Exile_Item_XM8","ItemRadio"]::[]:[]:[]:::["","","",""]::::[]::["","","",""]::["","","",""]:Exile_Uniform_BambiOverall:[]:[["Exile_Item_PlasticBottleFreshWater",1]]:[]::[]:[]:[]:9
[18:57:48:647084 +01:00] [Thread 47080] extDB2: Output to Server: 
[18:57:48:647084 +01:00] [Thread 9496] extDB2: SQL_CUSTOM_V2: Trace: UniqueID: 1 Input: updatePlayer:LoCo:0:1:0:95.9536:93.9238:0:1:0:1:1:1:1:43.0967:10495.3:11832.9:0.0375948:["ItemMap","ItemCompass","Exile_Item_XM8","ItemRadio"]::[]:[]:[]:::["","","",""]::::[]::["","","",""]::["","","",""]:Exile_Uniform_BambiOverall:[]:[["Exile_Item_PlasticBottleFreshWater",1]]:[]::[]:[]:[]:9
[18:57:48:683086 +01:00] [Thread 9496] extDB2: SQL_CUSTOM_V2: Trace: UniqueID: 1 Result: [1,[]]
[18:57:49:413128 +01:00] [Thread 47080] extDB2: Input from Server: 0:926265:hasAlivePlayer:76561198135524863
[18:57:49:413128 +01:00] [Thread 47080] extDB2: SQL_CUSTOM_V2: Trace: UniqueID: 1 Input: hasAlivePlayer:76561198135524863
[18:57:49:414128 +01:00] [Thread 47080] extDB2: SQL_CUSTOM_V2: Trace: UniqueID: 1 Result: [1,[[false]]]
[18:57:49:414128 +01:00] [Thread 47080] extDB2: Output to Server: [1,[[false]]]
[18:57:51:527249 +01:00] [Thread 47080] extDB2: Input from Server: 0:926265:hasAlivePlayer:76561198135524863
[18:57:51:527249 +01:00] [Thread 47080] extDB2: SQL_CUSTOM_V2: Trace: UniqueID: 1 Input: hasAlivePlayer:76561198135524863
[18:57:51:528249 +01:00] [Thread 47080] extDB2: SQL_CUSTOM_V2: Trace: UniqueID: 1 Result: [1,[[false]]]
[18:57:51:528249 +01:00] [Thread 47080] extDB2: Output to Server: [1,[[false]]]
[18:57:53:757377 +01:00] [Thread 47080] extDB2: Input from Server: 0:926265:hasAlivePlayer:76561198135524863
[18:57:53:757377 +01:00] [Thread 47080] extDB2: SQL_CUSTOM_V2: Trace: UniqueID: 1 Input: hasAlivePlayer:76561198135524863
[18:57:53:758377 +01:00] [Thread 47080] extDB2: SQL_CUSTOM_V2: Trace: UniqueID: 1 Result: [1,[[false]]]
[18:57:53:758377 +01:00] [Thread 47080] extDB2: Output to Server: [1,[[false]]]
[18:57:55:838496 +01:00] [Thread 47080] extDB2: Input from Server: 0:926265:hasAlivePlayer:76561198135524863
[18:57:55:838496 +01:00] [Thread 47080] extDB2: SQL_CUSTOM_V2: Trace: UniqueID: 1 Input: hasAlivePlayer:76561198135524863
[18:57:55:839496 +01:00] [Thread 47080] extDB2: SQL_CUSTOM_V2: Trace: UniqueID: 1 Result: [1,[[false]]]
[18:57:55:839496 +01:00] [Thread 47080] extDB2: Output to Server: [1,[[false]]]
[18:57:58:028621 +01:00] [Thread 47080] extDB2: Input from Server: 0:926265:hasAlivePlayer:76561198135524863
[18:57:58:028621 +01:00] [Thread 47080] extDB2: SQL_CUSTOM_V2: Trace: UniqueID: 1 Input: hasAlivePlayer:76561198135524863
[18:57:58:029621 +01:00] [Thread 47080] extDB2: SQL_CUSTOM_V2: Trace: UniqueID: 1 Result: [1,[[false]]]
[18:57:58:030621 +01:00] [Thread 47080] extDB2: Output to Server: [1,[[false]]]
[18:58:00:389756 +01:00] [Thread 47080] extDB2: Input from Server: 0:926265:hasAlivePlayer:76561198135524863
[18:58:00:389756 +01:00] [Thread 47080] extDB2: SQL_CUSTOM_V2: Trace: UniqueID: 1 Input: hasAlivePlayer:76561198135524863
[18:58:00:393756 +01:00] [Thread 47080] extDB2: SQL_CUSTOM_V2: Trace: UniqueID: 1 Result: [1,[[false]]]
[18:58:00:394756 +01:00] [Thread 47080] extDB2: Output to Server: [1,[[false]]]
[18:58:02:368869 +01:00] [Thread 47080] extDB2: Input from Server: 0:926265:hasAlivePlayer:76561198135524863
[18:58:02:368869 +01:00] [Thread 47080] extDB2: SQL_CUSTOM_V2: Trace: UniqueID: 1 Input: hasAlivePlayer:76561198135524863
[18:58:02:369869 +01:00] [Thread 47080] extDB2: SQL_CUSTOM_V2: Trace: UniqueID: 1 Result: [1,[[false]]]
[18:58:02:369869 +01:00] [Thread 47080] extDB2: Output to Server: [1,[[false]]]
[18:58:04:860012 +01:00] [Thread 47080] extDB2: Input from Server: 0:926265:hasAlivePlayer:76561198135524863
[18:58:04:860012 +01:00] [Thread 47080] extDB2: SQL_CUSTOM_V2: Trace: UniqueID: 1 Input: hasAlivePlayer:76561198135524863
[18:58:04:861012 +01:00] [Thread 47080] extDB2: SQL_CUSTOM_V2: Trace: UniqueID: 1 Result: [1,[[false]]]
[18:58:04:861012 +01:00] [Thread 47080] extDB2: Output to Server: [1,[[false]]]
[18:58:06:957132 +01:00] [Thread 47080] extDB2: Input from Server: 0:926265:hasAlivePlayer:76561198135524863
[18:58:06:957132 +01:00] [Thread 47080] extDB2: SQL_CUSTOM_V2: Trace: UniqueID: 1 Input: hasAlivePlayer:76561198135524863
[18:58:06:958132 +01:00] [Thread 47080] extDB2: SQL_CUSTOM_V2: Trace: UniqueID: 1 Result: [1,[[false]]]
[18:58:06:958132 +01:00] [Thread 47080] extDB2: Output to Server: [1,[[false]]]
[18:58:09:016249 +01:00] [Thread 47080] extDB2: Input from Server: 0:926265:hasAlivePlayer:76561198135524863
[18:58:09:016249 +01:00] [Thread 47080] extDB2: SQL_CUSTOM_V2: Trace: UniqueID: 1 Input: hasAlivePlayer:76561198135524863
[18:58:09:017249 +01:00] [Thread 47080] extDB2: SQL_CUSTOM_V2: Trace: UniqueID: 1 Result: [1,[[false]]]
[18:58:09:017249 +01:00] [Thread 47080] extDB2: Output to Server: [1,[[false]]]
[18:58:11:134371 +01:00] [Thread 47080] extDB2: Input from Server: 0:926265:hasAlivePlayer:76561198135524863
[18:58:11:134371 +01:00] [Thread 47080] extDB2: SQL_CUSTOM_V2: Trace: UniqueID: 1 Input: hasAlivePlayer:76561198135524863
[18:58:11:135371 +01:00] [Thread 47080] extDB2: SQL_CUSTOM_V2: Trace: UniqueID: 1 Result: [1,[[false]]]
[18:58:11:135371 +01:00] [Thread 47080] extDB2: Output to Server: [1,[[false]]]
[18:58:13:428502 +01:00] [Thread 47080] extDB2: Input from Server: 0:926265:hasAlivePlayer:76561198135524863
[18:58:13:428502 +01:00] [Thread 47080] extDB2: SQL_CUSTOM_V2: Trace: UniqueID: 1 Input: hasAlivePlayer:76561198135524863
[18:58:13:429502 +01:00] [Thread 47080] extDB2: SQL_CUSTOM_V2: Trace: UniqueID: 1 Result: [1,[[false]]]
[18:58:13:429502 +01:00] [Thread 47080] extDB2: Output to Server: [1,[[false]]]
[18:58:15:617627 +01:00] [Thread 47080] extDB2: Input from Server: 0:926265:hasAlivePlayer:76561198135524863
[18:58:15:617627 +01:00] [Thread 47080] extDB2: SQL_CUSTOM_V2: Trace: UniqueID: 1 Input: hasAlivePlayer:76561198135524863
[18:58:15:627628 +01:00] [Thread 47080] extDB2: SQL_CUSTOM_V2: Trace: UniqueID: 1 Result: [1,[[false]]]
[18:58:15:628628 +01:00] [Thread 47080] extDB2: Output to Server: [1,[[false]]]
[18:58:17:973762 +01:00] [Thread 47080] extDB2: Input from Server: 0:926265:hasAlivePlayer:76561198135524863
[18:58:17:973762 +01:00] [Thread 47080] extDB2: SQL_CUSTOM_V2: Trace: UniqueID: 1 Input: hasAlivePlayer:76561198135524863
[18:58:17:974762 +01:00] [Thread 47080] extDB2: SQL_CUSTOM_V2: Trace: UniqueID: 1 Result: [1,[[false]]]
[18:58:17:974762 +01:00] [Thread 47080] extDB2: Output to Server: [1,[[false]]]
[18:58:20:268893 +01:00] [Thread 47080] extDB2: Input from Server: 0:926265:hasAlivePlayer:76561198135524863
[18:58:20:268893 +01:00] [Thread 47080] extDB2: SQL_CUSTOM_V2: Trace: UniqueID: 1 Input: hasAlivePlayer:76561198135524863
[18:58:20:269893 +01:00] [Thread 47080] extDB2: SQL_CUSTOM_V2: Trace: UniqueID: 1 Result: [1,[[false]]]
[18:58:20:269893 +01:00] [Thread 47080] extDB2: Output to Server: [1,[[false]]]
[18:58:22:493020 +01:00] [Thread 47080] extDB2: Input from Server: 0:926265:hasAlivePlayer:76561198135524863
[18:58:22:493020 +01:00] [Thread 47080] extDB2: SQL_CUSTOM_V2: Trace: UniqueID: 1 Input: hasAlivePlayer:76561198135524863
[18:58:22:494020 +01:00] [Thread 47080] extDB2: SQL_CUSTOM_V2: Trace: UniqueID: 1 Result: [1,[[false]]]
[18:58:22:494020 +01:00] [Thread 47080] extDB2: Output to Server: [1,[[false]]]
[18:58:24:693146 +01:00] [Thread 47080] extDB2: Input from Server: 0:926265:hasAlivePlayer:76561198135524863
[18:58:24:693146 +01:00] [Thread 47080] extDB2: SQL_CUSTOM_V2: Trace: UniqueID: 1 Input: hasAlivePlayer:76561198135524863
[18:58:24:694146 +01:00] [Thread 47080] extDB2: SQL_CUSTOM_V2: Trace: UniqueID: 1 Result: [1,[[false]]]
[18:58:24:694146 +01:00] [Thread 47080] extDB2: Output to Server: [1,[[false]]]
[18:58:26:897272 +01:00] [Thread 47080] extDB2: Input from Server: 0:926265:hasAlivePlayer:76561198135524863
[18:58:26:897272 +01:00] [Thread 47080] extDB2: SQL_CUSTOM_V2: Trace: UniqueID: 1 Input: hasAlivePlayer:76561198135524863
[18:58:26:898272 +01:00] [Thread 47080] extDB2: SQL_CUSTOM_V2: Trace: UniqueID: 1 Result: [1,[[false]]]
[18:58:26:898272 +01:00] [Thread 47080] extDB2: Output to Server: [1,[[false]]]
[18:58:29:458419 +01:00] [Thread 47080] extDB2: Input from Server: 0:926265:hasAlivePlayer:76561198135524863
[18:58:29:458419 +01:00] [Thread 47080] extDB2: SQL_CUSTOM_V2: Trace: UniqueID: 1 Input: hasAlivePlayer:76561198135524863
[18:58:29:459419 +01:00] [Thread 47080] extDB2: SQL_CUSTOM_V2: Trace: UniqueID: 1 Result: [1,[[false]]]
[18:58:29:459419 +01:00] [Thread 47080] extDB2: Output to Server: [1,[[false]]]
[18:58:31:500535 +01:00] [Thread 47080] extDB2: Input from Server: 0:926265:hasAlivePlayer:76561198135524863
[18:58:31:500535 +01:00] [Thread 47080] extDB2: SQL_CUSTOM_V2: Trace: UniqueID: 1 Input: hasAlivePlayer:76561198135524863
[18:58:31:501535 +01:00] [Thread 47080] extDB2: SQL_CUSTOM_V2: Trace: UniqueID: 1 Result: [1,[[false]]]
[18:58:31:501535 +01:00] [Thread 47080] extDB2: Output to Server: [1,[[false]]]
[18:58:33:919674 +01:00] [Thread 47080] extDB2: Input from Server: 0:926265:hasAlivePlayer:76561198135524863
[18:58:33:919674 +01:00] [Thread 47080] extDB2: SQL_CUSTOM_V2: Trace: UniqueID: 1 Input: hasAlivePlayer:76561198135524863
[18:58:33:922674 +01:00] [Thread 47080] extDB2: SQL_CUSTOM_V2: Trace: UniqueID: 1 Result: [1,[[false]]]
[18:58:33:922674 +01:00] [Thread 47080] extDB2: Output to Server: [1,[[false]]]
[18:58:36:331812 +01:00] [Thread 47080] extDB2: Input from Server: 0:926265:hasAlivePlayer:76561198135524863
[18:58:36:331812 +01:00] [Thread 47080] extDB2: SQL_CUSTOM_V2: Trace: UniqueID: 1 Input: hasAlivePlayer:76561198135524863
[18:58:36:332812 +01:00] [Thread 47080] extDB2: SQL_CUSTOM_V2: Trace: UniqueID: 1 Result: [1,[[false]]]
[18:58:36:332812 +01:00] [Thread 47080] extDB2: Output to Server: [1,[[false]]]
