extDB2: Version: 65
extDB2: https://github.com/Torndeco/extDB2
extDB2: Windows Debug Version

Message: All development for extDB2 is done on a Linux Dedicated Server
Message: If you would like to Donate to extDB2 Development
Message: https://www.paypal.com/cgi-bin/webscr?cmd=_s-xclick&hosted_button_id=2SUEFTGABTAM2
Message: Also leave a message if there is any particular feature you would like to see added.
Message: Thanks for all the people that have donated.
Message: Torndeco: 20/02/15


extDB2: Found extdb-conf.ini
extDB2: Detected 32 Cores, Setting up 6 Worker Threads


[12:14:00:246691 +01:00] [Thread 28596] extDB2: Input from Server: 9:VERSION
[12:14:00:246691 +01:00] [Thread 28596] extDB2: Output to Server: 65
[12:14:00:247691 +01:00] [Thread 28596] extDB2: Input from Server: 9:ADD_DATABASE:exile
[12:14:00:247691 +01:00] [Thread 28596] extDB2: Database Type: MySQL
[12:14:00:254692 +01:00] [Thread 28596] extDB2: Database Session Pool Started
[12:14:00:254692 +01:00] [Thread 28596] extDB2: Output to Server: [1]
[12:14:00:254692 +01:00] [Thread 28596] extDB2: Input from Server: 9:ADD_DATABASE_PROTOCOL:exile:SQL_CUSTOM_V2:421581:exile
[12:14:00:256692 +01:00] [Thread 28596] extDB2: SQL_CUSTOM_V2: Loading Template Filename: C:\TCAFiles\Users\SamF\13442\@ExileServer\extDB\sql_custom_v2\exile.ini
[12:14:00:256692 +01:00] [Thread 28596] extDB2: SQL_CUSTOM_V2: Version 8 Detected, Latest Version 12 Available
[12:14:00:259692 +01:00] [Thread 28596] extDB2: Output to Server: [1]
[12:14:00:259692 +01:00] [Thread 28596] extDB2: Input from Server: 9:TIME
[12:14:00:259692 +01:00] [Thread 28596] extDB2: Output to Server: [1,[2015, 9, 05, 11, 14]]
[12:14:00:259692 +01:00] [Thread 28596] extDB2: Input from Server: 9:LOCK
[12:14:00:259692 +01:00] [Thread 28596] extDB2: Output to Server: [1]
[12:14:00:609712 +01:00] [Thread 28596] extDB2: Input from Server: 0:421581:loadTerriotryIdPage:0:100
[12:14:00:609712 +01:00] [Thread 28596] extDB2: SQL_CUSTOM_V2: Trace: UniqueID: 1 Input: loadTerriotryIdPage:0:100
[12:14:00:610712 +01:00] [Thread 28596] extDB2: SQL_CUSTOM_V2: Trace: UniqueID: 1 Result: [1,[]]
[12:14:00:610712 +01:00] [Thread 28596] extDB2: Output to Server: [1,[]]
[12:14:00:610712 +01:00] [Thread 28596] extDB2: Input from Server: 0:421581:loadConstructionIdPage:0:100
[12:14:00:610712 +01:00] [Thread 28596] extDB2: SQL_CUSTOM_V2: Trace: UniqueID: 1 Input: loadConstructionIdPage:0:100
[12:14:00:611712 +01:00] [Thread 28596] extDB2: SQL_CUSTOM_V2: Trace: UniqueID: 1 Result: [1,[]]
[12:14:00:611712 +01:00] [Thread 28596] extDB2: Output to Server: [1,[]]
[12:14:00:626713 +01:00] [Thread 28596] extDB2: Input from Server: 0:421581:loadVehicleIdPage:0:100
[12:14:00:626713 +01:00] [Thread 28596] extDB2: SQL_CUSTOM_V2: Trace: UniqueID: 1 Input: loadVehicleIdPage:0:100
[12:14:00:627713 +01:00] [Thread 28596] extDB2: SQL_CUSTOM_V2: Trace: UniqueID: 1 Result: [1,[[2],[4],[5],[6],[7],[8],[9],[13],[15],[17],[19],[20]]]
[12:14:00:627713 +01:00] [Thread 28596] extDB2: Output to Server: [1,[[2],[4],[5],[6],[7],[8],[9],[13],[15],[17],[19],[20]]]
[12:14:00:627713 +01:00] [Thread 28596] extDB2: Input from Server: 0:421581:loadVehicle:2
[12:14:00:627713 +01:00] [Thread 28596] extDB2: SQL_CUSTOM_V2: Trace: UniqueID: 1 Input: loadVehicle:2
[12:14:00:629713 +01:00] [Thread 28596] extDB2: SQL_CUSTOM_V2: Trace: UniqueID: 1 Result: [1,[[2,"Exile_Chopper_Huron_Black","2015-09-04T19:14:32Z","76561198031347321",-1,0.805189,0,[["HitHull",0],["HitFuel",0],["HitAvionics",0],["HitEngine1",0],["HitEngine2",0],["HitEngine3",0],["HitEngine4",0],["HitEngine",0],["HitHRotor",0],["HitVRotor",0],["HitRotorVirtual",0],["HitGlass1",0],["HitGlass2",0],["HitGlass3",0],["HitGlass4",0],["HitGlass5",0],["HitGlass6",0],["HitGlass7",0],["HitGlass8",0],["HitGlass9",0],["HitGlass10",0],["HitGlass11",0],["HitGlass12",0],["HitGlass13",0],["HitGlass14",0],["HitGlass15",0],["HitMissiles",0],["HitRGlass",0],["HitLGlass",0],["HitWinch",0],["HitTransmission",0],["HitLight",0],["HitHydraulics",0],["HitGear",0],["HitHStabilizerL1",0],["HitHStabilizerR1",0],["HitVStabilizer1",0],["HitTail",0],["HitPitotTube",0],["HitStaticPort",0],["HitStarter1",0],["HitStarter2",0],["HitStarter3",0]],14584.5,16721.9,4.70874,-0.737915,-0.674273,0.0289307,0.0211434,0.0197494,0.999581,[[],[]],[["Exile_Item_InstaDoc",1],["Exile_Item_DuctTape",1],["Exile_Item_DuctTape",1],["Exile_Item_DuctTape",1],["Exile_Item_DuctTape",1],["Exile_Item_InstaDoc",1],["Exile_Item_InstaDoc",1],["Exile_Item_InstaDoc",1],["Exile_Item_DuctTape",1],["Exile_Item_DuctTape",1],["10Rnd_338_Mag",10],["150Rnd_762x51_Box_Tracer",150],["150Rnd_762x51_Box_Tracer",150],["150Rnd_762x51_Box_Tracer",150],["Exile_Item_Flag",1]],[["LMG_Zafir_F","","","",""]],"0721"]]]
[12:14:00:629713 +01:00] [Thread 28596] extDB2: Output to Server: [1,[[2,"Exile_Chopper_Huron_Black","2015-09-04T19:14:32Z","76561198031347321",-1,0.805189,0,[["HitHull",0],["HitFuel",0],["HitAvionics",0],["HitEngine1",0],["HitEngine2",0],["HitEngine3",0],["HitEngine4",0],["HitEngine",0],["HitHRotor",0],["HitVRotor",0],["HitRotorVirtual",0],["HitGlass1",0],["HitGlass2",0],["HitGlass3",0],["HitGlass4",0],["HitGlass5",0],["HitGlass6",0],["HitGlass7",0],["HitGlass8",0],["HitGlass9",0],["HitGlass10",0],["HitGlass11",0],["HitGlass12",0],["HitGlass13",0],["HitGlass14",0],["HitGlass15",0],["HitMissiles",0],["HitRGlass",0],["HitLGlass",0],["HitWinch",0],["HitTransmission",0],["HitLight",0],["HitHydraulics",0],["HitGear",0],["HitHStabilizerL1",0],["HitHStabilizerR1",0],["HitVStabilizer1",0],["HitTail",0],["HitPitotTube",0],["HitStaticPort",0],["HitStarter1",0],["HitStarter2",0],["HitStarter3",0]],14584.5,16721.9,4.70874,-0.737915,-0.674273,0.0289307,0.0211434,0.0197494,0.999581,[[],[]],[["Exile_Item_InstaDoc",1],["Exile_Item_DuctTape",1],["Exile_Item_DuctTape",1],["Exile_Item_DuctTape",1],["Exile_Item_DuctTape",1],["Exile_Item_InstaDoc",1],["Exile_Item_InstaDoc",1],["Exile_Item_InstaDoc",1],["Exile_Item_DuctTape",1],["Exile_Item_DuctTape",1],["10Rnd_338_Mag",10],["150Rnd_762x51_Box_Tracer",150],["150Rnd_762x51_Box_Tracer",150],["150Rnd_762x51_Box_Tracer",150],["Exile_Item_Flag",1]],[["LMG_Zafir_F","","","",""]],"0721"]]]
[12:14:01:078739 +01:00] [Thread 28596] extDB2: Input from Server: 0:421581:loadVehicleContainer:2
[12:14:01:078739 +01:00] [Thread 28596] extDB2: SQL_CUSTOM_V2: Trace: UniqueID: 1 Input: loadVehicleContainer:2
[12:14:01:079739 +01:00] [Thread 28596] extDB2: SQL_CUSTOM_V2: Trace: UniqueID: 1 Result: [1,[[[]]]]
[12:14:01:079739 +01:00] [Thread 28596] extDB2: Output to Server: [1,[[[]]]]
[12:14:01:079739 +01:00] [Thread 28596] extDB2: Input from Server: 0:421581:loadVehicle:4
[12:14:01:079739 +01:00] [Thread 28596] extDB2: SQL_CUSTOM_V2: Trace: UniqueID: 1 Input: loadVehicle:4
[12:14:01:080739 +01:00] [Thread 28596] extDB2: SQL_CUSTOM_V2: Trace: UniqueID: 1 Result: [1,[[4,"Exile_Car_Van_Fuel_Black","2015-09-04T20:32:25Z","76561198091735193",-1,0.999705,0,[["HitLFWheel",0],["HitLF2Wheel",0],["HitRFWheel",0],["HitRF2Wheel",0],["HitFuelTank",0],["HitFuel",0],["HitEngine",0],["HitGlass1",0],["HitGlass2",0],["HitGlass3",0],["HitGlass4",0],["HitRGlass",0],["HitLGlass",0],["HitGlass5",0],["HitGlass6",0],["HitBody",0],["HitLBWheel",0],["HitLMWheel",0],["HitRBWheel",0],["HitRMWheel",0]],14659.2,16791.9,-0.0101509,-0.625488,-0.780194,-0.00787354,0.0518983,-0.051672,0.997315,[[],[]],[],[],"6575"]]]
[12:14:01:081739 +01:00] [Thread 28596] extDB2: Output to Server: [1,[[4,"Exile_Car_Van_Fuel_Black","2015-09-04T20:32:25Z","76561198091735193",-1,0.999705,0,[["HitLFWheel",0],["HitLF2Wheel",0],["HitRFWheel",0],["HitRF2Wheel",0],["HitFuelTank",0],["HitFuel",0],["HitEngine",0],["HitGlass1",0],["HitGlass2",0],["HitGlass3",0],["HitGlass4",0],["HitRGlass",0],["HitLGlass",0],["HitGlass5",0],["HitGlass6",0],["HitBody",0],["HitLBWheel",0],["HitLMWheel",0],["HitRBWheel",0],["HitRMWheel",0]],14659.2,16791.9,-0.0101509,-0.625488,-0.780194,-0.00787354,0.0518983,-0.051672,0.997315,[[],[]],[],[],"6575"]]]
[12:14:01:401757 +01:00] [Thread 28596] extDB2: Input from Server: 0:421581:loadVehicleContainer:4
[12:14:01:401757 +01:00] [Thread 28596] extDB2: SQL_CUSTOM_V2: Trace: UniqueID: 1 Input: loadVehicleContainer:4
[12:14:01:402757 +01:00] [Thread 28596] extDB2: SQL_CUSTOM_V2: Trace: UniqueID: 1 Result: [1,[[[]]]]
[12:14:01:402757 +01:00] [Thread 28596] extDB2: Output to Server: [1,[[[]]]]
[12:14:01:402757 +01:00] [Thread 28596] extDB2: Input from Server: 0:421581:loadVehicle:5
[12:14:01:402757 +01:00] [Thread 28596] extDB2: SQL_CUSTOM_V2: Trace: UniqueID: 1 Input: loadVehicle:5
[12:14:01:403757 +01:00] [Thread 28596] extDB2: SQL_CUSTOM_V2: Trace: UniqueID: 1 Result: [1,[[5,"Exile_Car_Strider","2015-09-04T20:33:50Z","76561198091735193",-1,1,0,[["HitLFWheel",0],["HitLF2Wheel",0],["HitRFWheel",0],["HitRF2Wheel",0],["HitFuel",0],["HitEngine",0],["HitBody",0],["HitGlass1",0],["HitGlass2",0],["HitGlass3",0],["HitGlass4",0],["HitGlass5",0],["HitRGlass",0],["HitLGlass",0],["HitGlass6",0],["HitLBWheel",0],["HitLMWheel",0],["HitRBWheel",0],["HitRMWheel",0]],14666.7,16781.9,-0.129229,-0.765625,-0.643284,-0.00195312,0.00531588,-0.00936287,0.999942,[[],[]],[],[],"6575"]]]
[12:14:01:403757 +01:00] [Thread 28596] extDB2: Output to Server: [1,[[5,"Exile_Car_Strider","2015-09-04T20:33:50Z","76561198091735193",-1,1,0,[["HitLFWheel",0],["HitLF2Wheel",0],["HitRFWheel",0],["HitRF2Wheel",0],["HitFuel",0],["HitEngine",0],["HitBody",0],["HitGlass1",0],["HitGlass2",0],["HitGlass3",0],["HitGlass4",0],["HitGlass5",0],["HitRGlass",0],["HitLGlass",0],["HitGlass6",0],["HitLBWheel",0],["HitLMWheel",0],["HitRBWheel",0],["HitRMWheel",0]],14666.7,16781.9,-0.129229,-0.765625,-0.643284,-0.00195312,0.00531588,-0.00936287,0.999942,[[],[]],[],[],"6575"]]]
[12:14:01:603769 +01:00] [Thread 28596] extDB2: Input from Server: 0:421581:loadVehicleContainer:5
[12:14:01:604769 +01:00] [Thread 28596] extDB2: SQL_CUSTOM_V2: Trace: UniqueID: 1 Input: loadVehicleContainer:5
[12:14:01:604769 +01:00] [Thread 28596] extDB2: SQL_CUSTOM_V2: Trace: UniqueID: 1 Result: [1,[[[]]]]
[12:14:01:604769 +01:00] [Thread 28596] extDB2: Output to Server: [1,[[[]]]]
[12:14:01:605769 +01:00] [Thread 28596] extDB2: Input from Server: 0:421581:loadVehicle:6
[12:14:01:605769 +01:00] [Thread 28596] extDB2: SQL_CUSTOM_V2: Trace: UniqueID: 1 Input: loadVehicle:6
[12:14:01:606769 +01:00] [Thread 28596] extDB2: SQL_CUSTOM_V2: Trace: UniqueID: 1 Result: [1,[[6,"Exile_Car_Strider","2015-09-04T20:38:17Z","76561198031347321",-1,0.99145,0.200787,[["HitLFWheel",0],["HitLF2Wheel",0],["HitRFWheel",0],["HitRF2Wheel",0],["HitFuel",0],["HitEngine",0],["HitBody",0],["HitGlass1",0],["HitGlass2",0],["HitGlass3",0],["HitGlass4",0],["HitGlass5",0],["HitRGlass",0],["HitLGlass",0],["HitGlass6",0],["HitLBWheel",0],["HitLMWheel",0],["HitRBWheel",0],["HitRMWheel",0]],14593.2,16722.3,-0.123007,0.733948,0.679204,-0.00158691,-0.000158657,0.00250787,0.999997,[["optic_AMS_snd","optic_AMS_khk","optic_DMS","optic_KHS_tan"],[1,1,1,1]],[["Exile_Item_DuctTape",1],["Exile_Item_DuctTape",1],["Exile_Item_DuctTape",1],["Exile_Item_InstaDoc",1],["Exile_Item_InstaDoc",1],["Exile_Item_GloriousKnakworst",1],["10Rnd_762x51_Mag",10],["10Rnd_762x51_Mag",10],["10Rnd_338_Mag",10],["10Rnd_338_Mag",10],["10Rnd_338_Mag",10],["10Rnd_762x51_Mag",10],["Exile_Item_PlasticBottleFreshWater",1],["Exile_Item_InstaDoc",1]],[],"0721"]]]
[12:14:01:606769 +01:00] [Thread 28596] extDB2: Output to Server: [1,[[6,"Exile_Car_Strider","2015-09-04T20:38:17Z","76561198031347321",-1,0.99145,0.200787,[["HitLFWheel",0],["HitLF2Wheel",0],["HitRFWheel",0],["HitRF2Wheel",0],["HitFuel",0],["HitEngine",0],["HitBody",0],["HitGlass1",0],["HitGlass2",0],["HitGlass3",0],["HitGlass4",0],["HitGlass5",0],["HitRGlass",0],["HitLGlass",0],["HitGlass6",0],["HitLBWheel",0],["HitLMWheel",0],["HitRBWheel",0],["HitRMWheel",0]],14593.2,16722.3,-0.123007,0.733948,0.679204,-0.00158691,-0.000158657,0.00250787,0.999997,[["optic_AMS_snd","optic_AMS_khk","optic_DMS","optic_KHS_tan"],[1,1,1,1]],[["Exile_Item_DuctTape",1],["Exile_Item_DuctTape",1],["Exile_Item_DuctTape",1],["Exile_Item_InstaDoc",1],["Exile_Item_InstaDoc",1],["Exile_Item_GloriousKnakworst",1],["10Rnd_762x51_Mag",10],["10Rnd_762x51_Mag",10],["10Rnd_338_Mag",10],["10Rnd_338_Mag",10],["10Rnd_338_Mag",10],["10Rnd_762x51_Mag",10],["Exile_Item_PlasticBottleFreshWater",1],["Exile_Item_InstaDoc",1]],[],"0721"]]]
[12:14:01:754777 +01:00] [Thread 28596] extDB2: Input from Server: 0:421581:loadVehicleContainer:6
[12:14:01:754777 +01:00] [Thread 28596] extDB2: SQL_CUSTOM_V2: Trace: UniqueID: 1 Input: loadVehicleContainer:6
[12:14:01:754777 +01:00] [Thread 28596] extDB2: SQL_CUSTOM_V2: Trace: UniqueID: 1 Result: [1,[[[]]]]
[12:14:01:754777 +01:00] [Thread 28596] extDB2: Output to Server: [1,[[[]]]]
[12:14:01:755777 +01:00] [Thread 28596] extDB2: Input from Server: 0:421581:loadVehicle:7
[12:14:01:755777 +01:00] [Thread 28596] extDB2: SQL_CUSTOM_V2: Trace: UniqueID: 1 Input: loadVehicle:7
[12:14:01:756777 +01:00] [Thread 28596] extDB2: SQL_CUSTOM_V2: Trace: UniqueID: 1 Result: [1,[[7,"Exile_Car_Offroad_Repair_Civillian","2015-09-04T20:43:40Z","76561198091735193",-1,0.98825,0,[["HitLFWheel",0],["HitLF2Wheel",0],["HitRFWheel",0],["HitRF2Wheel",0],["HitFuel",0],["HitEngine",0],["HitBody",0],["HitGlass1",0],["HitGlass2",0],["HitRGlass",0],["HitLGlass",0],["HitGlass3",0],["HitGlass4",0],["HitGlass5",0],["HitGlass6",0],["HitLBWheel",0],["HitLMWheel",0],["HitRBWheel",0],["HitRMWheel",0]],14660.2,16783.9,-0.0404167,-0.76709,-0.641456,-0.010376,-0.00655018,-0.00834168,0.999944,[[],[]],[],[],"6575"]]]
[12:14:01:756777 +01:00] [Thread 28596] extDB2: Output to Server: [1,[[7,"Exile_Car_Offroad_Repair_Civillian","2015-09-04T20:43:40Z","76561198091735193",-1,0.98825,0,[["HitLFWheel",0],["HitLF2Wheel",0],["HitRFWheel",0],["HitRF2Wheel",0],["HitFuel",0],["HitEngine",0],["HitBody",0],["HitGlass1",0],["HitGlass2",0],["HitRGlass",0],["HitLGlass",0],["HitGlass3",0],["HitGlass4",0],["HitGlass5",0],["HitGlass6",0],["HitLBWheel",0],["HitLMWheel",0],["HitRBWheel",0],["HitRMWheel",0]],14660.2,16783.9,-0.0404167,-0.76709,-0.641456,-0.010376,-0.00655018,-0.00834168,0.999944,[[],[]],[],[],"6575"]]]
[12:14:01:928787 +01:00] [Thread 28596] extDB2: Input from Server: 0:421581:loadVehicleContainer:7
[12:14:01:928787 +01:00] [Thread 28596] extDB2: SQL_CUSTOM_V2: Trace: UniqueID: 1 Input: loadVehicleContainer:7
[12:14:01:928787 +01:00] [Thread 28596] extDB2: SQL_CUSTOM_V2: Trace: UniqueID: 1 Result: [1,[[[]]]]
[12:14:01:928787 +01:00] [Thread 28596] extDB2: Output to Server: [1,[[[]]]]
[12:14:01:929787 +01:00] [Thread 28596] extDB2: Input from Server: 0:421581:loadVehicle:8
[12:14:01:929787 +01:00] [Thread 28596] extDB2: SQL_CUSTOM_V2: Trace: UniqueID: 1 Input: loadVehicle:8
[12:14:01:930787 +01:00] [Thread 28596] extDB2: SQL_CUSTOM_V2: Trace: UniqueID: 1 Result: [1,[[8,"Exile_Car_Strider","2015-09-04T20:49:23Z","76561198052369179",0,0.974298,0,[["HitLFWheel",0.318898],["HitLF2Wheel",0.019685],["HitRFWheel",0.799213],["HitRF2Wheel",0.0354331],["HitFuel",0],["HitEngine",0],["HitBody",0.0314961],["HitGlass1",0.200787],["HitGlass2",0.200787],["HitGlass3",0.0787402],["HitGlass4",0.0669291],["HitGlass5",0.019685],["HitRGlass",0],["HitLGlass",0],["HitGlass6",0],["HitLBWheel",0],["HitLMWheel",0],["HitRBWheel",0],["HitRMWheel",0]],11107.8,22711.3,-0.116632,-0.957703,0.287503,0.012146,0.0395623,0.0897434,0.995179,[["muzzle_snds_H","bipod_01_F_blk","H_StrawHat_dark"],[1,1,1]],[["30Rnd_556x45_Stanag",30],["30Rnd_556x45_Stanag",30],["Exile_Item_PlasticBottleFreshWater",1],["Exile_Item_PlasticBottleFreshWater",1],["Exile_Item_PlasticBottleFreshWater",1],["Exile_Item_PlasticBottleFreshWater",1],["7Rnd_408_Mag",6],["Exile_Item_DuctTape",1],["Exile_Item_DuctTape",1],["Exile_Item_DuctTape",1],["Exile_Item_DuctTape",1],["Exile_Item_DuctTape",1],["Exile_Item_GloriousKnakworst",1],["Exile_Item_GloriousKnakworst",1],["Exile_Item_GloriousKnakworst",1],["Exile_Item_GloriousKnakworst",1],["Exile_Item_GloriousKnakworst",1],["Exile_Item_PlasticBottleFreshWater",1],["Exile_Item_PlasticBottleFreshWater",1],["Exile_Item_PlasticBottleFreshWater",1],["Exile_Item_PlasticBottleFreshWater",1],["Exile_Item_PlasticBottleFreshWater",1],["Exile_Item_PlasticBottleFreshWater",1],["30Rnd_556x45_Stanag",30]],[["srifle_LRR_F","","","",""],["srifle_LRR_F","","","optic_tws_mg",""],["arifle_MXC_F","","","",""],["hgun_P07_F","","","",""]],"9090"]]]
[12:14:01:930787 +01:00] [Thread 28596] extDB2: Output to Server: [1,[[8,"Exile_Car_Strider","2015-09-04T20:49:23Z","76561198052369179",0,0.974298,0,[["HitLFWheel",0.318898],["HitLF2Wheel",0.019685],["HitRFWheel",0.799213],["HitRF2Wheel",0.0354331],["HitFuel",0],["HitEngine",0],["HitBody",0.0314961],["HitGlass1",0.200787],["HitGlass2",0.200787],["HitGlass3",0.0787402],["HitGlass4",0.0669291],["HitGlass5",0.019685],["HitRGlass",0],["HitLGlass",0],["HitGlass6",0],["HitLBWheel",0],["HitLMWheel",0],["HitRBWheel",0],["HitRMWheel",0]],11107.8,22711.3,-0.116632,-0.957703,0.287503,0.012146,0.0395623,0.0897434,0.995179,[["muzzle_snds_H","bipod_01_F_blk","H_StrawHat_dark"],[1,1,1]],[["30Rnd_556x45_Stanag",30],["30Rnd_556x45_Stanag",30],["Exile_Item_PlasticBottleFreshWater",1],["Exile_Item_PlasticBottleFreshWater",1],["Exile_Item_PlasticBottleFreshWater",1],["Exile_Item_PlasticBottleFreshWater",1],["7Rnd_408_Mag",6],["Exile_Item_DuctTape",1],["Exile_Item_DuctTape",1],["Exile_Item_DuctTape",1],["Exile_Item_DuctTape",1],["Exile_Item_DuctTape",1],["Exile_Item_GloriousKnakworst",1],["Exile_Item_GloriousKnakworst",1],["Exile_Item_GloriousKnakworst",1],["Exile_Item_GloriousKnakworst",1],["Exile_Item_GloriousKnakworst",1],["Exile_Item_PlasticBottleFreshWater",1],["Exile_Item_PlasticBottleFreshWater",1],["Exile_Item_PlasticBottleFreshWater",1],["Exile_Item_PlasticBottleFreshWater",1],["Exile_Item_PlasticBottleFreshWater",1],["Exile_Item_PlasticBottleFreshWater",1],["30Rnd_556x45_Stanag",30]],[["srifle_LRR_F","","","",""],["srifle_LRR_F","","","optic_tws_mg",""],["arifle_MXC_F","","","",""],["hgun_P07_F","","","",""]],"9090"]]]
[12:14:02:297808 +01:00] [Thread 28596] extDB2: Input from Server: 0:421581:loadVehicleContainer:8
[12:14:02:297808 +01:00] [Thread 28596] extDB2: SQL_CUSTOM_V2: Trace: UniqueID: 1 Input: loadVehicleContainer:8
[12:14:02:298808 +01:00] [Thread 28596] extDB2: SQL_CUSTOM_V2: Trace: UniqueID: 1 Result: [1,[[[["U_B_GhillieSuit",[],[],[[],[]]],["U_B_GhillieSuit",[],[],[[],[]]],["B_FieldPack_oucamo",[],[],[[],[]]]]]]]
[12:14:02:298808 +01:00] [Thread 28596] extDB2: Output to Server: [1,[[[["U_B_GhillieSuit",[],[],[[],[]]],["U_B_GhillieSuit",[],[],[[],[]]],["B_FieldPack_oucamo",[],[],[[],[]]]]]]]
[12:14:13:670459 +01:00] [Thread 28596] extDB2: Input from Server: 0:421581:loadVehicle:9
[12:14:13:670459 +01:00] [Thread 28596] extDB2: SQL_CUSTOM_V2: Trace: UniqueID: 1 Input: loadVehicle:9
[12:14:13:671459 +01:00] [Thread 28596] extDB2: SQL_CUSTOM_V2: Trace: UniqueID: 1 Result: [1,[[9,"Exile_Chopper_Hummingbird_Green","2015-09-04T21:05:03Z","76561198031347321",-1,0.891138,0,[["HitFuel",0],["HitHull",0],["HitEngine",0],["HitAvionics",0],["HitHRotor",0],["HitVRotor",0],["HitGlass1",0],["HitGlass2",0],["HitGlass3",0],["HitGlass4",0],["HitEngine1",0],["HitEngine2",0],["HitMissiles",0],["HitRGlass",0],["HitLGlass",0],["HitEngine3",0],["HitWinch",0],["HitTransmission",0],["HitGlass5",0],["HitGlass6",0],["HitLight",0],["HitHydraulics",0],["HitGear",0],["HitHStabilizerL1",0],["HitHStabilizerR1",0],["HitVStabilizer1",0],["HitTail",0],["HitPitotTube",0],["HitStaticPort",0],["HitStarter1",0],["HitStarter2",0],["HitStarter3",0]],14592.1,16760.3,5.06621,-0.721985,0.691907,0.00152588,0.00162762,-0.000506948,0.999999,[[],[]],[["Exile_Item_DuctTape",1],["Exile_Item_DuctTape",1],["Exile_Item_Energydrink",1],["Exile_Item_GloriousKnakworst",1],["Exile_Item_DuctTape",1],["Exile_Item_DuctTape",1],["Exile_Item_InstaDoc",1],["Exile_Item_InstaDoc",1],["Exile_Item_InstaDoc",1],["Exile_Item_DuctTape",1],["Exile_Item_DuctTape",1],["Exile_Item_DuctTape",1],["Exile_Item_DuctTape",1]],[],"0721"]]]
[12:14:13:671459 +01:00] [Thread 28596] extDB2: Output to Server: [1,[[9,"Exile_Chopper_Hummingbird_Green","2015-09-04T21:05:03Z","76561198031347321",-1,0.891138,0,[["HitFuel",0],["HitHull",0],["HitEngine",0],["HitAvionics",0],["HitHRotor",0],["HitVRotor",0],["HitGlass1",0],["HitGlass2",0],["HitGlass3",0],["HitGlass4",0],["HitEngine1",0],["HitEngine2",0],["HitMissiles",0],["HitRGlass",0],["HitLGlass",0],["HitEngine3",0],["HitWinch",0],["HitTransmission",0],["HitGlass5",0],["HitGlass6",0],["HitLight",0],["HitHydraulics",0],["HitGear",0],["HitHStabilizerL1",0],["HitHStabilizerR1",0],["HitVStabilizer1",0],["HitTail",0],["HitPitotTube",0],["HitStaticPort",0],["HitStarter1",0],["HitStarter2",0],["HitStarter3",0]],14592.1,16760.3,5.06621,-0.721985,0.691907,0.00152588,0.00162762,-0.000506948,0.999999,[[],[]],[["Exile_Item_DuctTape",1],["Exile_Item_DuctTape",1],["Exile_Item_Energydrink",1],["Exile_Item_GloriousKnakworst",1],["Exile_Item_DuctTape",1],["Exile_Item_DuctTape",1],["Exile_Item_InstaDoc",1],["Exile_Item_InstaDoc",1],["Exile_Item_InstaDoc",1],["Exile_Item_DuctTape",1],["Exile_Item_DuctTape",1],["Exile_Item_DuctTape",1],["Exile_Item_DuctTape",1]],[],"0721"]]]
[12:14:14:001478 +01:00] [Thread 28596] extDB2: Input from Server: 0:421581:loadVehicleContainer:9
[12:14:14:001478 +01:00] [Thread 28596] extDB2: SQL_CUSTOM_V2: Trace: UniqueID: 1 Input: loadVehicleContainer:9
[12:14:14:002478 +01:00] [Thread 28596] extDB2: SQL_CUSTOM_V2: Trace: UniqueID: 1 Result: [1,[[[]]]]
[12:14:14:002478 +01:00] [Thread 28596] extDB2: Output to Server: [1,[[[]]]]
[12:14:14:003478 +01:00] [Thread 28596] extDB2: Input from Server: 0:421581:loadVehicle:13
[12:14:14:003478 +01:00] [Thread 28596] extDB2: SQL_CUSTOM_V2: Trace: UniqueID: 1 Input: loadVehicle:13
[12:14:14:003478 +01:00] [Thread 28596] extDB2: SQL_CUSTOM_V2: Trace: UniqueID: 1 Result: [1,[[13,"Exile_Car_Offroad_Repair_Civillian","2015-09-04T23:09:10Z","76561197971220567",-1,0.998659,0,[["HitLFWheel",0],["HitLF2Wheel",0],["HitRFWheel",0],["HitRF2Wheel",0],["HitFuel",0],["HitEngine",0],["HitBody",0],["HitGlass1",0],["HitGlass2",0],["HitRGlass",0],["HitLGlass",0],["HitGlass3",0],["HitGlass4",0],["HitGlass5",0],["HitGlass6",0],["HitLBWheel",0],["HitLMWheel",0],["HitRBWheel",0],["HitRMWheel",0]],14572.1,16885,-0.0394211,0.716736,0.697267,-0.010437,0.00503734,0.00978956,0.999939,[[],[]],[["Exile_Item_DuctTape",1],["Exile_Item_Beer",1],["Exile_Item_Beer",1],["Exile_Item_Energydrink",1],["Exile_Item_InstaDoc",1],["Exile_Item_GloriousKnakworst_Cooked",1],["Exile_Item_SausageGravy",1],["Exile_Item_CamoTentKit",1],["Exile_Item_Catfood_Cooked",1],["Exile_Item_DuctTape",1],["Exile_Item_ChristmasTinner_Cooked",1],["Exile_Item_PortableGeneratorKit",1],["Exile_Item_SausageGravy_Cooked",1],["Exile_Item_CookingPot",1],["Exile_Item_WorkBenchKit",1],["Exile_Item_Surstromming_Cooked",1],["Exile_Item_DuctTape",1],["Exile_Item_DuctTape",1],["Exile_Item_FuelCanisterFull",20],["Exile_Item_PlasticBottleFreshWater",1],["Exile_Item_FuelCanisterFull",20],["Exile_Item_FuelCanisterFull",20],["Exile_Item_FuelCanisterFull",20],["Exile_Item_BBQSandwich_Cooked",1],["Exile_Item_PlasticBottleFreshWater",1],["Exile_Item_PlasticBottleFreshWater",1],["Exile_Item_FuelCanisterFull",20],["Exile_Item_FuelCanisterFull",20],["Exile_Item_BBQSandwich",1],["Exile_Item_PlasticBottleEmpty",1],["Exile_Item_BBQSandwich",1],["Exile_Item_BBQSandwich",1],["Exile_Item_SausageGravy",1],["Exile_Item_SausageGravy",1],["Exile_Item_SausageGravy",1],["Exile_Item_SausageGravy",1],["Exile_Item_GloriousKnakworst",1],["Exile_Item_GloriousKnakworst",1],["Exile_Item_GloriousKnakworst",1],["Exile_Item_Surstromming",1],["Exile_Item_Surstromming",1],["SmokeShellGreen",1],["Exile_Item_Catfood",1],["Exile_Item_Catfood",1],["Exile_Item_Catfood",1],["Exile_Item_ChristmasTinner",1],["Exile_Item_ChristmasTinner",1],["Exile_Item_ChristmasTinner",1],["Exile_Item_ChristmasTinner",1],["Exile_Item_ChristmasTinner",1],["Exile_Item_GloriousKnakworst_Cooked",1],["100Rnd_65x39_caseless_mag",100],["Exile_Item_CampFireKit",1],["Exile_Item_PlasticBottleFreshWater",1],["Exile_Item_PlasticBottleFreshWater",1],["Exile_Item_PlasticBottleFreshWater",1],["Exile_Item_PlasticBottleFreshWater",1],["Exile_Item_PlasticBottleFreshWater",1],["Exile_Item_PlasticBottleFreshWater",1],["Exile_Item_PlasticBottleFreshWater",1],["Exile_Item_PlasticBottleFreshWater",1],["Exile_Item_PlasticBottleFreshWater",1],["Exile_Item_PlasticBottleFreshWater",1],["Exile_Item_PlasticBottleFreshWater",1],["Exile_Item_PlasticBottleFreshWater",1],["10Rnd_762x51_Mag",10],["Exile_Item_WoodLog",1],["Exile_Item_ChristmasTinner",1]],[],"1122"]]]
[12:14:14:003478 +01:00] [Thread 28596] extDB2: Output to Server: [1,[[13,"Exile_Car_Offroad_Repair_Civillian","2015-09-04T23:09:10Z","76561197971220567",-1,0.998659,0,[["HitLFWheel",0],["HitLF2Wheel",0],["HitRFWheel",0],["HitRF2Wheel",0],["HitFuel",0],["HitEngine",0],["HitBody",0],["HitGlass1",0],["HitGlass2",0],["HitRGlass",0],["HitLGlass",0],["HitGlass3",0],["HitGlass4",0],["HitGlass5",0],["HitGlass6",0],["HitLBWheel",0],["HitLMWheel",0],["HitRBWheel",0],["HitRMWheel",0]],14572.1,16885,-0.0394211,0.716736,0.697267,-0.010437,0.00503734,0.00978956,0.999939,[[],[]],[["Exile_Item_DuctTape",1],["Exile_Item_Beer",1],["Exile_Item_Beer",1],["Exile_Item_Energydrink",1],["Exile_Item_InstaDoc",1],["Exile_Item_GloriousKnakworst_Cooked",1],["Exile_Item_SausageGravy",1],["Exile_Item_CamoTentKit",1],["Exile_Item_Catfood_Cooked",1],["Exile_Item_DuctTape",1],["Exile_Item_ChristmasTinner_Cooked",1],["Exile_Item_PortableGeneratorKit",1],["Exile_Item_SausageGravy_Cooked",1],["Exile_Item_CookingPot",1],["Exile_Item_WorkBenchKit",1],["Exile_Item_Surstromming_Cooked",1],["Exile_Item_DuctTape",1],["Exile_Item_DuctTape",1],["Exile_Item_FuelCanisterFull",20],["Exile_Item_PlasticBottleFreshWater",1],["Exile_Item_FuelCanisterFull",20],["Exile_Item_FuelCanisterFull",20],["Exile_Item_FuelCanisterFull",20],["Exile_Item_BBQSandwich_Cooked",1],["Exile_Item_PlasticBottleFreshWater",1],["Exile_Item_PlasticBottleFreshWater",1],["Exile_Item_FuelCanisterFull",20],["Exile_Item_FuelCanisterFull",20],["Exile_Item_BBQSandwich",1],["Exile_Item_PlasticBottleEmpty",1],["Exile_Item_BBQSandwich",1],["Exile_Item_BBQSandwich",1],["Exile_Item_SausageGravy",1],["Exile_Item_SausageGravy",1],["Exile_Item_SausageGravy",1],["Exile_Item_SausageGravy",1],["Exile_Item_GloriousKnakworst",1],["Exile_Item_GloriousKnakworst",1],["Exile_Item_GloriousKnakworst",1],["Exile_Item_Surstromming",1],["Exile_Item_Surstromming",1],["SmokeShellGreen",1],["Exile_Item_Catfood",1],["Exile_Item_Catfood",1],["Exile_Item_Catfood",1],["Exile_Item_ChristmasTinner",1],["Exile_Item_ChristmasTinner",1],["Exile_Item_ChristmasTinner",1],["Exile_Item_ChristmasTinner",1],["Exile_Item_ChristmasTinner",1],["Exile_Item_GloriousKnakworst_Cooked",1],["100Rnd_65x39_caseless_mag",100],["Exile_Item_CampFireKit",1],["Exile_Item_PlasticBottleFreshWater",1],["Exile_Item_PlasticBottleFreshWater",1],["Exile_Item_PlasticBottleFreshWater",1],["Exile_Item_PlasticBottleFreshWater",1],["Exile_Item_PlasticBottleFreshWater",1],["Exile_Item_PlasticBottleFreshWater",1],["Exile_Item_PlasticBottleFreshWater",1],["Exile_Item_PlasticBottleFreshWater",1],["Exile_Item_PlasticBottleFreshWater",1],["Exile_Item_PlasticBottleFreshWater",1],["Exile_Item_PlasticBottleFreshWater",1],["Exile_Item_PlasticBottleFreshWater",1],["10Rnd_762x51_Mag",10],["Exile_Item_WoodLog",1],["Exile_Item_ChristmasTinner",1]],[],"1122"]]]
[12:14:14:584511 +01:00] [Thread 28596] extDB2: Input from Server: 0:421581:loadVehicleContainer:13
[12:14:14:584511 +01:00] [Thread 28596] extDB2: SQL_CUSTOM_V2: Trace: UniqueID: 1 Input: loadVehicleContainer:13
[12:14:14:585511 +01:00] [Thread 28596] extDB2: SQL_CUSTOM_V2: Trace: UniqueID: 1 Result: [1,[[[]]]]
[12:14:14:585511 +01:00] [Thread 28596] extDB2: Output to Server: [1,[[[]]]]
[12:14:14:585511 +01:00] [Thread 28596] extDB2: Input from Server: 0:421581:loadVehicle:15
[12:14:14:585511 +01:00] [Thread 28596] extDB2: SQL_CUSTOM_V2: Trace: UniqueID: 1 Input: loadVehicle:15
[12:14:14:586511 +01:00] [Thread 28596] extDB2: SQL_CUSTOM_V2: Trace: UniqueID: 1 Result: [1,[[15,"Exile_Chopper_Mohawk_FIA","2015-09-04T23:44:45Z","76561198091735193",-1,0.985769,0,[["HitHull",0],["HitFuel",0],["HitAvionics",0],["HitEngine1",0],["HitEngine2",0],["HitEngine",0],["HitHRotor",0],["HitVRotor",0],["HitMissiles",0],["HitRGlass",0],["HitLGlass",0],["HitEngine3",0],["HitWinch",0],["HitTransmission",0],["HitGlass1",0],["HitGlass2",0],["HitGlass3",0],["HitGlass4",0],["HitGlass5",0],["HitGlass6",0],["HitLight",0],["HitHydraulics",0],["HitGear",0],["HitHStabilizerL1",0],["HitHStabilizerR1",0],["HitVStabilizer1",0],["HitTail",0],["HitPitotTube",0],["HitStaticPort",0],["HitStarter1",0],["HitStarter2",0],["HitStarter3",0]],14659.7,16759.9,-0.0424442,-0.671387,0.741099,0.003479,0.00360963,-0.00142427,0.999992,[[],[]],[],[],"6575"]]]
[12:14:14:586511 +01:00] [Thread 28596] extDB2: Output to Server: [1,[[15,"Exile_Chopper_Mohawk_FIA","2015-09-04T23:44:45Z","76561198091735193",-1,0.985769,0,[["HitHull",0],["HitFuel",0],["HitAvionics",0],["HitEngine1",0],["HitEngine2",0],["HitEngine",0],["HitHRotor",0],["HitVRotor",0],["HitMissiles",0],["HitRGlass",0],["HitLGlass",0],["HitEngine3",0],["HitWinch",0],["HitTransmission",0],["HitGlass1",0],["HitGlass2",0],["HitGlass3",0],["HitGlass4",0],["HitGlass5",0],["HitGlass6",0],["HitLight",0],["HitHydraulics",0],["HitGear",0],["HitHStabilizerL1",0],["HitHStabilizerR1",0],["HitVStabilizer1",0],["HitTail",0],["HitPitotTube",0],["HitStaticPort",0],["HitStarter1",0],["HitStarter2",0],["HitStarter3",0]],14659.7,16759.9,-0.0424442,-0.671387,0.741099,0.003479,0.00360963,-0.00142427,0.999992,[[],[]],[],[],"6575"]]]
[12:14:14:847526 +01:00] [Thread 28596] extDB2: Input from Server: 0:421581:loadVehicleContainer:15
[12:14:14:847526 +01:00] [Thread 28596] extDB2: SQL_CUSTOM_V2: Trace: UniqueID: 1 Input: loadVehicleContainer:15
[12:14:14:848526 +01:00] [Thread 28596] extDB2: SQL_CUSTOM_V2: Trace: UniqueID: 1 Result: [1,[[[]]]]
[12:14:14:848526 +01:00] [Thread 28596] extDB2: Output to Server: [1,[[[]]]]
[12:14:14:848526 +01:00] [Thread 28596] extDB2: Input from Server: 0:421581:loadVehicle:17
[12:14:14:848526 +01:00] [Thread 28596] extDB2: SQL_CUSTOM_V2: Trace: UniqueID: 1 Input: loadVehicle:17
[12:14:14:849526 +01:00] [Thread 28596] extDB2: SQL_CUSTOM_V2: Trace: UniqueID: 1 Result: [1,[[17,"Exile_Chopper_Hummingbird_Green","2015-09-05T00:38:37Z","76561198091735193",0,0.936918,1,[["HitFuel",0],["HitHull",0],["HitEngine",0],["HitAvionics",0],["HitHRotor",0],["HitVRotor",0],["HitGlass1",0],["HitGlass2",0],["HitGlass3",0],["HitGlass4",0],["HitEngine1",0],["HitEngine2",0],["HitMissiles",0],["HitRGlass",0],["HitLGlass",0],["HitEngine3",0],["HitWinch",0],["HitTransmission",0],["HitGlass5",0],["HitGlass6",0],["HitLight",0],["HitHydraulics",0],["HitGear",0],["HitHStabilizerL1",0],["HitHStabilizerR1",0],["HitVStabilizer1",0],["HitTail",0],["HitPitotTube",0],["HitStaticPort",0],["HitStarter1",0],["HitStarter2",0],["HitStarter3",0]],16628.9,12110.1,6.21493,0.265818,0.963871,0.0171123,0.00290762,-0.0185525,0.999824,[[],[]],[],[],"6575"]]]
[12:14:14:849526 +01:00] [Thread 28596] extDB2: Output to Server: [1,[[17,"Exile_Chopper_Hummingbird_Green","2015-09-05T00:38:37Z","76561198091735193",0,0.936918,1,[["HitFuel",0],["HitHull",0],["HitEngine",0],["HitAvionics",0],["HitHRotor",0],["HitVRotor",0],["HitGlass1",0],["HitGlass2",0],["HitGlass3",0],["HitGlass4",0],["HitEngine1",0],["HitEngine2",0],["HitMissiles",0],["HitRGlass",0],["HitLGlass",0],["HitEngine3",0],["HitWinch",0],["HitTransmission",0],["HitGlass5",0],["HitGlass6",0],["HitLight",0],["HitHydraulics",0],["HitGear",0],["HitHStabilizerL1",0],["HitHStabilizerR1",0],["HitVStabilizer1",0],["HitTail",0],["HitPitotTube",0],["HitStaticPort",0],["HitStarter1",0],["HitStarter2",0],["HitStarter3",0]],16628.9,12110.1,6.21493,0.265818,0.963871,0.0171123,0.00290762,-0.0185525,0.999824,[[],[]],[],[],"6575"]]]
[12:14:14:854527 +01:00] [Thread 28596] extDB2: Input from Server: 1:421581:deleteVehicle:17
[12:14:14:854527 +01:00] [Thread 28596] extDB2: Output to Server: 
[12:14:14:855527 +01:00] [Thread 37296] extDB2: SQL_CUSTOM_V2: Trace: UniqueID: 1 Input: deleteVehicle:17
[12:14:14:855527 +01:00] [Thread 28596] extDB2: Input from Server: 0:421581:loadVehicleContainer:17
[12:14:14:855527 +01:00] [Thread 28596] extDB2: SQL_CUSTOM_V2: Trace: UniqueID: 1 Input: loadVehicleContainer:17
[12:14:14:863527 +01:00] [Thread 28596] extDB2: SQL_CUSTOM_V2: Trace: UniqueID: 1 Result: [1,[]]
[12:14:14:863527 +01:00] [Thread 28596] extDB2: Output to Server: [1,[]]
[12:14:14:864527 +01:00] [Thread 28596] extDB2: Input from Server: 0:421581:loadVehicle:19
[12:14:14:864527 +01:00] [Thread 28596] extDB2: SQL_CUSTOM_V2: Trace: UniqueID: 1 Input: loadVehicle:19
[12:14:14:865527 +01:00] [Thread 28596] extDB2: SQL_CUSTOM_V2: Trace: UniqueID: 1 Result: [1,[[19,"Exile_Chopper_Hummingbird_Green","2015-09-05T00:47:06Z","76561198091735193",-1,0.960673,0,[["HitFuel",0],["HitHull",0],["HitEngine",0],["HitAvionics",0],["HitHRotor",0],["HitVRotor",0],["HitGlass1",0],["HitGlass2",0],["HitGlass3",0],["HitGlass4",0],["HitEngine1",0],["HitEngine2",0],["HitMissiles",0],["HitRGlass",0],["HitLGlass",0],["HitEngine3",0],["HitWinch",0],["HitTransmission",0],["HitGlass5",0],["HitGlass6",0],["HitLight",0],["HitHydraulics",0],["HitGear",0],["HitHStabilizerL1",0],["HitHStabilizerR1",0],["HitVStabilizer1",0],["HitTail",0],["HitPitotTube",0],["HitStaticPort",0],["HitStarter1",0],["HitStarter2",0],["HitStarter3",0]],14674.6,16768.7,-0.241514,-0.669373,0.742925,0.00152588,0.00159407,-0.000617623,0.999999,[[],[]],[],[],"6575"]]]
[12:14:14:865527 +01:00] [Thread 28596] extDB2: Output to Server: [1,[[19,"Exile_Chopper_Hummingbird_Green","2015-09-05T00:47:06Z","76561198091735193",-1,0.960673,0,[["HitFuel",0],["HitHull",0],["HitEngine",0],["HitAvionics",0],["HitHRotor",0],["HitVRotor",0],["HitGlass1",0],["HitGlass2",0],["HitGlass3",0],["HitGlass4",0],["HitEngine1",0],["HitEngine2",0],["HitMissiles",0],["HitRGlass",0],["HitLGlass",0],["HitEngine3",0],["HitWinch",0],["HitTransmission",0],["HitGlass5",0],["HitGlass6",0],["HitLight",0],["HitHydraulics",0],["HitGear",0],["HitHStabilizerL1",0],["HitHStabilizerR1",0],["HitVStabilizer1",0],["HitTail",0],["HitPitotTube",0],["HitStaticPort",0],["HitStarter1",0],["HitStarter2",0],["HitStarter3",0]],14674.6,16768.7,-0.241514,-0.669373,0.742925,0.00152588,0.00159407,-0.000617623,0.999999,[[],[]],[],[],"6575"]]]
[12:14:14:870528 +01:00] [Thread 28596] extDB2: Input from Server: 0:421581:loadVehicleContainer:19
[12:14:14:870528 +01:00] [Thread 28596] extDB2: SQL_CUSTOM_V2: Trace: UniqueID: 1 Input: loadVehicleContainer:19
[12:14:14:870528 +01:00] [Thread 28596] extDB2: SQL_CUSTOM_V2: Trace: UniqueID: 1 Result: [1,[[[]]]]
[12:14:14:870528 +01:00] [Thread 28596] extDB2: Output to Server: [1,[[[]]]]
[12:14:14:871528 +01:00] [Thread 28596] extDB2: Input from Server: 0:421581:loadVehicle:20
[12:14:14:871528 +01:00] [Thread 28596] extDB2: SQL_CUSTOM_V2: Trace: UniqueID: 1 Input: loadVehicle:20
[12:14:14:872528 +01:00] [Thread 28596] extDB2: SQL_CUSTOM_V2: Trace: UniqueID: 1 Result: [1,[[20,"Exile_Car_Offroad_Rusty2","2015-09-05T11:12:02Z","76561197974672582",-1,0.978808,0,[["HitLFWheel",0],["HitLF2Wheel",0],["HitRFWheel",0],["HitRF2Wheel",0],["HitFuel",0],["HitEngine",0],["HitBody",0],["HitGlass1",0],["HitGlass2",0],["HitRGlass",0],["HitLGlass",0],["HitGlass3",0],["HitGlass4",0],["HitGlass5",0],["HitGlass6",0],["HitLBWheel",0],["HitLMWheel",0],["HitRBWheel",0],["HitRMWheel",0]],14556.2,16874.7,-0.0348949,-0.714111,-0.700031,-0.00152588,-0.00231595,0.000182807,0.999997,[[],[]],[["200Rnd_65x39_cased_Box_Tracer",200],["200Rnd_65x39_cased_Box_Tracer",200],["Exile_Item_FuelCanisterFull",9]],[],"3275"]]]
[12:14:14:872528 +01:00] [Thread 28596] extDB2: Output to Server: [1,[[20,"Exile_Car_Offroad_Rusty2","2015-09-05T11:12:02Z","76561197974672582",-1,0.978808,0,[["HitLFWheel",0],["HitLF2Wheel",0],["HitRFWheel",0],["HitRF2Wheel",0],["HitFuel",0],["HitEngine",0],["HitBody",0],["HitGlass1",0],["HitGlass2",0],["HitRGlass",0],["HitLGlass",0],["HitGlass3",0],["HitGlass4",0],["HitGlass5",0],["HitGlass6",0],["HitLBWheel",0],["HitLMWheel",0],["HitRBWheel",0],["HitRMWheel",0]],14556.2,16874.7,-0.0348949,-0.714111,-0.700031,-0.00152588,-0.00231595,0.000182807,0.999997,[[],[]],[["200Rnd_65x39_cased_Box_Tracer",200],["200Rnd_65x39_cased_Box_Tracer",200],["Exile_Item_FuelCanisterFull",9]],[],"3275"]]]
[12:14:14:872528 +01:00] [Thread 37296] extDB2: SQL_CUSTOM_V2: Trace: UniqueID: 1 Result: [1,[]]
[12:14:15:115542 +01:00] [Thread 28596] extDB2: Input from Server: 0:421581:loadVehicleContainer:20
[12:14:15:115542 +01:00] [Thread 28596] extDB2: SQL_CUSTOM_V2: Trace: UniqueID: 1 Input: loadVehicleContainer:20
[12:14:15:116542 +01:00] [Thread 28596] extDB2: SQL_CUSTOM_V2: Trace: UniqueID: 1 Result: [1,[[[]]]]
[12:14:15:116542 +01:00] [Thread 28596] extDB2: Output to Server: [1,[[[]]]]
[12:14:15:116542 +01:00] [Thread 28596] extDB2: Input from Server: 0:421581:loadContainerIdPage:0:100
[12:14:15:116542 +01:00] [Thread 28596] extDB2: SQL_CUSTOM_V2: Trace: UniqueID: 1 Input: loadContainerIdPage:0:100
[12:14:15:117542 +01:00] [Thread 28596] extDB2: SQL_CUSTOM_V2: Trace: UniqueID: 1 Result: [1,[]]
[12:14:15:117542 +01:00] [Thread 28596] extDB2: Output to Server: [1,[]]
[12:16:10:768156 +01:00] [Thread 28596] extDB2: Input from Server: 9:TIME
[12:16:10:768156 +01:00] [Thread 28596] extDB2: Output to Server: [1,[2015, 9, 05, 11, 16]]
[16:59:16:572689 +01:00] [Thread 28596] extDB2: Input from Server: 0:421581:isKnownAccount:76561198052369179
[16:59:16:572689 +01:00] [Thread 28596] extDB2: SQL_CUSTOM_V2: Trace: UniqueID: 1 Input: isKnownAccount:76561198052369179
[16:59:16:573689 +01:00] [Thread 28596] extDB2: SQL_CUSTOM_V2: Trace: UniqueID: 1 Result: [1,[[true]]]
[16:59:16:573689 +01:00] [Thread 28596] extDB2: Output to Server: [1,[[true]]]
[16:59:16:573689 +01:00] [Thread 28596] extDB2: Input from Server: 1:421581:startAccountSession:76561198052369179:McNugget
[16:59:16:573689 +01:00] [Thread 28596] extDB2: Output to Server: 
[16:59:16:574689 +01:00] [Thread 37296] extDB2: SQL_CUSTOM_V2: Trace: UniqueID: 1 Input: startAccountSession:76561198052369179:McNugget
[16:59:16:584690 +01:00] [Thread 37296] extDB2: SQL_CUSTOM_V2: Trace: UniqueID: 1 Result: [1,[]]
[16:59:28:244357 +01:00] [Thread 28596] extDB2: Input from Server: 0:421581:hasAlivePlayer:76561198052369179
[16:59:28:244357 +01:00] [Thread 28596] extDB2: SQL_CUSTOM_V2: Trace: UniqueID: 1 Input: hasAlivePlayer:76561198052369179
[16:59:28:245357 +01:00] [Thread 28596] extDB2: SQL_CUSTOM_V2: Trace: UniqueID: 1 Result: [1,[[true]]]
[16:59:28:245357 +01:00] [Thread 28596] extDB2: Output to Server: [1,[[true]]]
[16:59:28:497371 +01:00] [Thread 28596] extDB2: Input from Server: 0:421581:loadPlayer:76561198052369179
[16:59:28:497371 +01:00] [Thread 28596] extDB2: SQL_CUSTOM_V2: Trace: UniqueID: 1 Input: loadPlayer:76561198052369179
[16:59:28:499371 +01:00] [Thread 28596] extDB2: SQL_CUSTOM_V2: Trace: UniqueID: 1 Result: [1,[[65,"McNugget","76561198052369179",1,0.0748032,0,88.5338,81.7875,0,1,0,0.0748032,0.0748032,0.0748032,0.0748032,305.201,11106.7,22708.1,0.334077,["ItemMap","ItemCompass","Exile_Item_XM8","ItemRadio","ItemGPS","NVGoggles_OPFOR","Rangefinder"],"B_Carryall_oli",[["U_NikosBody",1]],[["Exile_Item_Codelock",1],["Exile_Item_CamoTentKit",1],["16Rnd_9x21_Mag",16],["16Rnd_9x21_Mag",16],["16Rnd_9x21_Mag",16],["30Rnd_65x39_caseless_mag_Tracer",30],["30Rnd_65x39_caseless_mag_Tracer",30]],[],"arifle_MXM_Black_F","",["muzzle_snds_L","","",""],"hgun_Rook40_F","H_Shemag_olive_hs","Rangefinder",[["30Rnd_65x39_caseless_mag",27],["30Rnd_9x21_Mag",30]],"arifle_MXM_Black_F",["muzzle_snds_H","","optic_LRPS",""],"",["","","",""],"U_O_Wetsuit",[],[["Exile_Item_InstaDoc",1],["Exile_Item_GloriousKnakworst",1],["Exile_Item_GloriousKnakworst",1],["Exile_Item_DuctTape",1],["Exile_Item_GloriousKnakworst",1],["Exile_Item_PlasticBottleFreshWater",1],["Exile_Item_PlasticBottleEmpty",1],["Exile_Item_Catfood",1]],[],"V_PlateCarrierGL_blk",[],[["30Rnd_65x39_caseless_mag_Tracer",30],["30Rnd_65x39_caseless_mag_Tracer",30],["30Rnd_65x39_caseless_mag_Tracer",30],["30Rnd_65x39_caseless_mag_Tracer",30],["30Rnd_9x21_Mag",30],["30Rnd_9x21_Mag",30],["30Rnd_9x21_Mag",30],["30Rnd_9x21_Mag",30]],[],19205,3758,0,2,"",""]]]
[16:59:28:499371 +01:00] [Thread 28596] extDB2: Output to Server: [1,[[65,"McNugget","76561198052369179",1,0.0748032,0,88.5338,81.7875,0,1,0,0.0748032,0.0748032,0.0748032,0.0748032,305.201,11106.7,22708.1,0.334077,["ItemMap","ItemCompass","Exile_Item_XM8","ItemRadio","ItemGPS","NVGoggles_OPFOR","Rangefinder"],"B_Carryall_oli",[["U_NikosBody",1]],[["Exile_Item_Codelock",1],["Exile_Item_CamoTentKit",1],["16Rnd_9x21_Mag",16],["16Rnd_9x21_Mag",16],["16Rnd_9x21_Mag",16],["30Rnd_65x39_caseless_mag_Tracer",30],["30Rnd_65x39_caseless_mag_Tracer",30]],[],"arifle_MXM_Black_F","",["muzzle_snds_L","","",""],"hgun_Rook40_F","H_Shemag_olive_hs","Rangefinder",[["30Rnd_65x39_caseless_mag",27],["30Rnd_9x21_Mag",30]],"arifle_MXM_Black_F",["muzzle_snds_H","","optic_LRPS",""],"",["","","",""],"U_O_Wetsuit",[],[["Exile_Item_InstaDoc",1],["Exile_Item_GloriousKnakworst",1],["Exile_Item_GloriousKnakworst",1],["Exile_Item_DuctTape",1],["Exile_Item_GloriousKnakworst",1],["Exile_Item_PlasticBottleFreshWater",1],["Exile_Item_PlasticBottleEmpty",1],["Exile_Item_Catfood",1]],[],"V_PlateCarrierGL_blk",[],[["30Rnd_65x39_caseless_mag_Tracer",30],["30Rnd_65x39_caseless_mag_Tracer",30],["30Rnd_65x39_caseless_mag_Tracer",30],["30Rnd_65x39_caseless_mag_Tracer",30],["30Rnd_9x21_Mag",30],["30Rnd_9x21_Mag",30],["30Rnd_9x21_Mag",30],["30Rnd_9x21_Mag",30]],[],19205,3758,0,2,"",""]]]
[17:00:39:818450 +01:00] [Thread 28596] extDB2: Input from Server: 1:421581:updateVehicle:0:0.974298:0:[["HitLFWheel",0.318898],["HitLF2Wheel",0.019685],["HitRFWheel",0.799213],["HitRF2Wheel",0.0354331],["HitFuel",0],["HitEngine",0],["HitBody",0.0314961],["HitGlass1",0.200787],["HitGlass2",0.200787],["HitGlass3",0.0787402],["HitGlass4",0.0669291],["HitGlass5",0.019685],["HitRGlass",0],["HitLGlass",0],["HitGlass6",0],["HitLBWheel",0],["HitLMWheel",0],["HitRBWheel",0],["HitRMWheel",0]]:11107.8:22711.3:-0.0720196:-0.957875:0.287159:0.00383172:0.0334784:0.0984025:0.994583:[["muzzle_snds_H","bipod_01_F_blk","H_StrawHat_dark","optic_tws_mg","H_Shemag_olive_hs","NVGoggles_OPFOR","Exile_Item_XM8","ItemCompass","ItemRadio","ItemMap","ItemGPS"],[1,1,1,1,1,1,1,1,1,1,1]]:[["30Rnd_556x45_Stanag",30],["30Rnd_556x45_Stanag",30],["Exile_Item_PlasticBottleFreshWater",1],["Exile_Item_PlasticBottleFreshWater",1],["Exile_Item_PlasticBottleFreshWater",1],["Exile_Item_PlasticBottleFreshWater",1],["7Rnd_408_Mag",6],["Exile_Item_DuctTape",1],["Exile_Item_DuctTape",1],["Exile_Item_DuctTape",1],["Exile_Item_DuctTape",1],["Exile_Item_DuctTape",1],["Exile_Item_GloriousKnakworst",1],["Exile_Item_GloriousKnakworst",1],["Exile_Item_GloriousKnakworst",1],["Exile_Item_GloriousKnakworst",1],["Exile_Item_GloriousKnakworst",1],["Exile_Item_PlasticBottleFreshWater",1],["Exile_Item_PlasticBottleFreshWater",1],["Exile_Item_PlasticBottleFreshWater",1],["Exile_Item_PlasticBottleFreshWater",1],["Exile_Item_PlasticBottleFreshWater",1],["Exile_Item_PlasticBottleFreshWater",1],["30Rnd_556x45_Stanag",30]]:[["srifle_LRR_F","","","",""],["srifle_LRR_F","","","",""],["arifle_MXC_F","","","",""],["hgun_P07_F","","","",""],["Rangefinder","","","",""],["arifle_MXM_Black_F","muzzle_snds_H","","optic_LRPS",["30Rnd_65x39_caseless_mag",27],""],["hgun_Rook40_F","muzzle_snds_L","","",["16Rnd_9x21_Mag",16],""]]:[["U_B_GhillieSuit",[],[],[[],[]]],["U_B_GhillieSuit",[],[],[[],[]]],["U_O_Wetsuit",[],[["Exile_Item_InstaDoc",1],["Exile_Item_GloriousKnakworst",1],["Exile_Item_GloriousKnakworst",1],["Exile_Item_DuctTape",1],["Exile_Item_GloriousKnakworst",1],["Exile_Item_PlasticBottleFreshWater",1],["Exile_Item_PlasticBottleEmpty",1],["Exile_Item_Catfood",1],["30Rnd_9x21_Mag",30]],[[],[]]],["V_PlateCarrierGL_blk",[],[["30Rnd_65x39_caseless_mag_Tracer",30],["30Rnd_65x39_caseless_mag_Tracer",30],["30Rnd_65x39_caseless_mag_Tracer",30],["30Rnd_65x39_caseless_mag_Tracer",30],["30Rnd_9x21_Mag",30],["30Rnd_9x21_Mag",30],["30Rnd_9x21_Mag",30],["30Rnd_9x21_Mag",30]],[[],[]]],["B_FieldPack_oucamo",[],[],[[],[]]],["B_Carryall_oli",[],[["Exile_Item_Codelock",1],["Exile_Item_CamoTentKit",1],["16Rnd_9x21_Mag",16],["16Rnd_9x21_Mag",16],["30Rnd_65x39_caseless_mag_Tracer",30],["30Rnd_65x39_caseless_mag_Tracer",30]],[["U_NikosBody"],[1]]]]:8
[17:00:39:818450 +01:00] [Thread 28596] extDB2: Output to Server: 
[17:00:39:818450 +01:00] [Thread 37296] extDB2: SQL_CUSTOM_V2: Trace: UniqueID: 1 Input: updateVehicle:0:0.974298:0:[["HitLFWheel",0.318898],["HitLF2Wheel",0.019685],["HitRFWheel",0.799213],["HitRF2Wheel",0.0354331],["HitFuel",0],["HitEngine",0],["HitBody",0.0314961],["HitGlass1",0.200787],["HitGlass2",0.200787],["HitGlass3",0.0787402],["HitGlass4",0.0669291],["HitGlass5",0.019685],["HitRGlass",0],["HitLGlass",0],["HitGlass6",0],["HitLBWheel",0],["HitLMWheel",0],["HitRBWheel",0],["HitRMWheel",0]]:11107.8:22711.3:-0.0720196:-0.957875:0.287159:0.00383172:0.0334784:0.0984025:0.994583:[["muzzle_snds_H","bipod_01_F_blk","H_StrawHat_dark","optic_tws_mg","H_Shemag_olive_hs","NVGoggles_OPFOR","Exile_Item_XM8","ItemCompass","ItemRadio","ItemMap","ItemGPS"],[1,1,1,1,1,1,1,1,1,1,1]]:[["30Rnd_556x45_Stanag",30],["30Rnd_556x45_Stanag",30],["Exile_Item_PlasticBottleFreshWater",1],["Exile_Item_PlasticBottleFreshWater",1],["Exile_Item_PlasticBottleFreshWater",1],["Exile_Item_PlasticBottleFreshWater",1],["7Rnd_408_Mag",6],["Exile_Item_DuctTape",1],["Exile_Item_DuctTape",1],["Exile_Item_DuctTape",1],["Exile_Item_DuctTape",1],["Exile_Item_DuctTape",1],["Exile_Item_GloriousKnakworst",1],["Exile_Item_GloriousKnakworst",1],["Exile_Item_GloriousKnakworst",1],["Exile_Item_GloriousKnakworst",1],["Exile_Item_GloriousKnakworst",1],["Exile_Item_PlasticBottleFreshWater",1],["Exile_Item_PlasticBottleFreshWater",1],["Exile_Item_PlasticBottleFreshWater",1],["Exile_Item_PlasticBottleFreshWater",1],["Exile_Item_PlasticBottleFreshWater",1],["Exile_Item_PlasticBottleFreshWater",1],["30Rnd_556x45_Stanag",30]]:[["srifle_LRR_F","","","",""],["srifle_LRR_F","","","",""],["arifle_MXC_F","","","",""],["hgun_P07_F","","","",""],["Rangefinder","","","",""],["arifle_MXM_Black_F","muzzle_snds_H","","optic_LRPS",["30Rnd_65x39_caseless_mag",27],""],["hgun_Rook40_F","muzzle_snds_L","","",["16Rnd_9x21_Mag",16],""]]:[["U_B_GhillieSuit",[],[],[[],[]]],["U_B_GhillieSuit",[],[],[[],[]]],["U_O_Wetsuit",[],[["Exile_Item_InstaDoc",1],["Exile_Item_GloriousKnakworst",1],["Exile_Item_GloriousKnakworst",1],["Exile_Item_DuctTape",1],["Exile_Item_GloriousKnakworst",1],["Exile_Item_PlasticBottleFreshWater",1],["Exile_Item_PlasticBottleEmpty",1],["Exile_Item_Catfood",1],["30Rnd_9x21_Mag",30]],[[],[]]],["V_PlateCarrierGL_blk",[],[["30Rnd_65x39_caseless_mag_Tracer",30],["30Rnd_65x39_caseless_mag_Tracer",30],["30Rnd_65x39_caseless_mag_Tracer",30],["30Rnd_65x39_caseless_mag_Tracer",30],["30Rnd_9x21_Mag",30],["30Rnd_9x21_Mag",30],["30Rnd_9x21_Mag",30],["30Rnd_9x21_Mag",30]],[[],[]]],["B_FieldPack_oucamo",[],[],[[],[]]],["B_Carryall_oli",[],[["Exile_Item_Codelock",1],["Exile_Item_CamoTentKit",1],["16Rnd_9x21_Mag",16],["16Rnd_9x21_Mag",16],["30Rnd_65x39_caseless_mag_Tracer",30],["30Rnd_65x39_caseless_mag_Tracer",30]],[["U_NikosBody"],[1]]]]:8
[17:00:39:827451 +01:00] [Thread 37296] extDB2: SQL_CUSTOM_V2: Trace: UniqueID: 1 Result: [1,[]]
[17:01:10:538207 +01:00] [Thread 28596] extDB2: Input from Server: 1:421581:updateVehicle:0:0.974298:0:[["HitLFWheel",0.318898],["HitLF2Wheel",0.019685],["HitRFWheel",0.799213],["HitRF2Wheel",0.0354331],["HitFuel",0],["HitEngine",0],["HitBody",0.0314961],["HitGlass1",0.200787],["HitGlass2",0.200787],["HitGlass3",0.0787402],["HitGlass4",0.0669291],["HitGlass5",0.019685],["HitRGlass",0],["HitLGlass",0],["HitGlass6",0],["HitLBWheel",0],["HitLMWheel",0],["HitRBWheel",0],["HitRMWheel",0]]:11107.8:22711.3:-0.0720196:-0.957875:0.287159:0.00383172:0.0334784:0.0984025:0.994583:[["muzzle_snds_H","bipod_01_F_blk","H_StrawHat_dark","optic_tws_mg","H_Shemag_olive_hs","NVGoggles_OPFOR","Exile_Item_XM8","ItemCompass","ItemRadio","ItemGPS"],[1,1,1,1,1,1,1,1,1,1]]:[["30Rnd_556x45_Stanag",30],["30Rnd_556x45_Stanag",30],["Exile_Item_PlasticBottleFreshWater",1],["Exile_Item_PlasticBottleFreshWater",1],["Exile_Item_PlasticBottleFreshWater",1],["Exile_Item_PlasticBottleFreshWater",1],["7Rnd_408_Mag",6],["Exile_Item_DuctTape",1],["Exile_Item_DuctTape",1],["Exile_Item_DuctTape",1],["Exile_Item_DuctTape",1],["Exile_Item_DuctTape",1],["Exile_Item_GloriousKnakworst",1],["Exile_Item_GloriousKnakworst",1],["Exile_Item_GloriousKnakworst",1],["Exile_Item_GloriousKnakworst",1],["Exile_Item_GloriousKnakworst",1],["Exile_Item_PlasticBottleFreshWater",1],["Exile_Item_PlasticBottleFreshWater",1],["Exile_Item_PlasticBottleFreshWater",1],["Exile_Item_PlasticBottleFreshWater",1],["Exile_Item_PlasticBottleFreshWater",1],["Exile_Item_PlasticBottleFreshWater",1],["30Rnd_556x45_Stanag",30]]:[["srifle_LRR_F","","","",""],["srifle_LRR_F","","","",""],["arifle_MXC_F","","","",""],["hgun_P07_F","","","",""],["Rangefinder","","","",""],["arifle_MXM_Black_F","muzzle_snds_H","","optic_LRPS",["30Rnd_65x39_caseless_mag",27],""],["hgun_Rook40_F","muzzle_snds_L","","",["16Rnd_9x21_Mag",16],""]]:[["U_B_GhillieSuit",[],[],[[],[]]],["U_B_GhillieSuit",[],[],[[],[]]],["U_O_Wetsuit",[],[["Exile_Item_InstaDoc",1],["Exile_Item_GloriousKnakworst",1],["Exile_Item_GloriousKnakworst",1],["Exile_Item_DuctTape",1],["Exile_Item_GloriousKnakworst",1],["Exile_Item_PlasticBottleFreshWater",1],["Exile_Item_PlasticBottleEmpty",1],["Exile_Item_Catfood",1],["30Rnd_9x21_Mag",30]],[[],[]]],["V_PlateCarrierGL_blk",[],[["30Rnd_65x39_caseless_mag_Tracer",30],["30Rnd_65x39_caseless_mag_Tracer",30],["30Rnd_65x39_caseless_mag_Tracer",30],["30Rnd_65x39_caseless_mag_Tracer",30],["30Rnd_9x21_Mag",30],["30Rnd_9x21_Mag",30],["30Rnd_9x21_Mag",30],["30Rnd_9x21_Mag",30]],[[],[]]],["B_FieldPack_oucamo",[],[],[[],[]]],["B_Carryall_oli",[],[["Exile_Item_Codelock",1],["Exile_Item_CamoTentKit",1],["16Rnd_9x21_Mag",16],["16Rnd_9x21_Mag",16],["30Rnd_65x39_caseless_mag_Tracer",30],["30Rnd_65x39_caseless_mag_Tracer",30]],[["U_NikosBody"],[1]]]]:8
[17:01:10:538207 +01:00] [Thread 28596] extDB2: Output to Server: 
[17:01:10:538207 +01:00] [Thread 37296] extDB2: SQL_CUSTOM_V2: Trace: UniqueID: 1 Input: updateVehicle:0:0.974298:0:[["HitLFWheel",0.318898],["HitLF2Wheel",0.019685],["HitRFWheel",0.799213],["HitRF2Wheel",0.0354331],["HitFuel",0],["HitEngine",0],["HitBody",0.0314961],["HitGlass1",0.200787],["HitGlass2",0.200787],["HitGlass3",0.0787402],["HitGlass4",0.0669291],["HitGlass5",0.019685],["HitRGlass",0],["HitLGlass",0],["HitGlass6",0],["HitLBWheel",0],["HitLMWheel",0],["HitRBWheel",0],["HitRMWheel",0]]:11107.8:22711.3:-0.0720196:-0.957875:0.287159:0.00383172:0.0334784:0.0984025:0.994583:[["muzzle_snds_H","bipod_01_F_blk","H_StrawHat_dark","optic_tws_mg","H_Shemag_olive_hs","NVGoggles_OPFOR","Exile_Item_XM8","ItemCompass","ItemRadio","ItemGPS"],[1,1,1,1,1,1,1,1,1,1]]:[["30Rnd_556x45_Stanag",30],["30Rnd_556x45_Stanag",30],["Exile_Item_PlasticBottleFreshWater",1],["Exile_Item_PlasticBottleFreshWater",1],["Exile_Item_PlasticBottleFreshWater",1],["Exile_Item_PlasticBottleFreshWater",1],["7Rnd_408_Mag",6],["Exile_Item_DuctTape",1],["Exile_Item_DuctTape",1],["Exile_Item_DuctTape",1],["Exile_Item_DuctTape",1],["Exile_Item_DuctTape",1],["Exile_Item_GloriousKnakworst",1],["Exile_Item_GloriousKnakworst",1],["Exile_Item_GloriousKnakworst",1],["Exile_Item_GloriousKnakworst",1],["Exile_Item_GloriousKnakworst",1],["Exile_Item_PlasticBottleFreshWater",1],["Exile_Item_PlasticBottleFreshWater",1],["Exile_Item_PlasticBottleFreshWater",1],["Exile_Item_PlasticBottleFreshWater",1],["Exile_Item_PlasticBottleFreshWater",1],["Exile_Item_PlasticBottleFreshWater",1],["30Rnd_556x45_Stanag",30]]:[["srifle_LRR_F","","","",""],["srifle_LRR_F","","","",""],["arifle_MXC_F","","","",""],["hgun_P07_F","","","",""],["Rangefinder","","","",""],["arifle_MXM_Black_F","muzzle_snds_H","","optic_LRPS",["30Rnd_65x39_caseless_mag",27],""],["hgun_Rook40_F","muzzle_snds_L","","",["16Rnd_9x21_Mag",16],""]]:[["U_B_GhillieSuit",[],[],[[],[]]],["U_B_GhillieSuit",[],[],[[],[]]],["U_O_Wetsuit",[],[["Exile_Item_InstaDoc",1],["Exile_Item_GloriousKnakworst",1],["Exile_Item_GloriousKnakworst",1],["Exile_Item_DuctTape",1],["Exile_Item_GloriousKnakworst",1],["Exile_Item_PlasticBottleFreshWater",1],["Exile_Item_PlasticBottleEmpty",1],["Exile_Item_Catfood",1],["30Rnd_9x21_Mag",30]],[[],[]]],["V_PlateCarrierGL_blk",[],[["30Rnd_65x39_caseless_mag_Tracer",30],["30Rnd_65x39_caseless_mag_Tracer",30],["30Rnd_65x39_caseless_mag_Tracer",30],["30Rnd_65x39_caseless_mag_Tracer",30],["30Rnd_9x21_Mag",30],["30Rnd_9x21_Mag",30],["30Rnd_9x21_Mag",30],["30Rnd_9x21_Mag",30]],[[],[]]],["B_FieldPack_oucamo",[],[],[[],[]]],["B_Carryall_oli",[],[["Exile_Item_Codelock",1],["Exile_Item_CamoTentKit",1],["16Rnd_9x21_Mag",16],["16Rnd_9x21_Mag",16],["30Rnd_65x39_caseless_mag_Tracer",30],["30Rnd_65x39_caseless_mag_Tracer",30]],[["U_NikosBody"],[1]]]]:8
[17:01:10:560209 +01:00] [Thread 37296] extDB2: SQL_CUSTOM_V2: Trace: UniqueID: 1 Result: [1,[]]
[17:01:25:913087 +01:00] [Thread 28596] extDB2: Input from Server: 1:421581:updateVehicle:-1:0.974298:0:[["HitLFWheel",0.318898],["HitLF2Wheel",0.019685],["HitRFWheel",0.799213],["HitRF2Wheel",0.0354331],["HitFuel",0],["HitEngine",0],["HitBody",0.0314961],["HitGlass1",0.200787],["HitGlass2",0.200787],["HitGlass3",0.0787402],["HitGlass4",0.0669291],["HitGlass5",0.019685],["HitRGlass",0],["HitLGlass",0],["HitGlass6",0],["HitLBWheel",0],["HitLMWheel",0],["HitRBWheel",0],["HitRMWheel",0]]:11107.8:22711.3:-0.0720196:-0.957875:0.287159:0.00383172:0.0334784:0.0984025:0.994583:[["muzzle_snds_H","bipod_01_F_blk","H_StrawHat_dark","optic_tws_mg","H_Shemag_olive_hs","NVGoggles_OPFOR","Exile_Item_XM8","ItemCompass","ItemRadio","ItemGPS"],[1,1,1,1,1,1,1,1,1,1]]:[["30Rnd_556x45_Stanag",30],["30Rnd_556x45_Stanag",30],["Exile_Item_PlasticBottleFreshWater",1],["Exile_Item_PlasticBottleFreshWater",1],["Exile_Item_PlasticBottleFreshWater",1],["Exile_Item_PlasticBottleFreshWater",1],["7Rnd_408_Mag",6],["Exile_Item_DuctTape",1],["Exile_Item_DuctTape",1],["Exile_Item_DuctTape",1],["Exile_Item_DuctTape",1],["Exile_Item_DuctTape",1],["Exile_Item_GloriousKnakworst",1],["Exile_Item_GloriousKnakworst",1],["Exile_Item_GloriousKnakworst",1],["Exile_Item_GloriousKnakworst",1],["Exile_Item_GloriousKnakworst",1],["Exile_Item_PlasticBottleFreshWater",1],["Exile_Item_PlasticBottleFreshWater",1],["Exile_Item_PlasticBottleFreshWater",1],["Exile_Item_PlasticBottleFreshWater",1],["Exile_Item_PlasticBottleFreshWater",1],["Exile_Item_PlasticBottleFreshWater",1],["30Rnd_556x45_Stanag",30]]:[["srifle_LRR_F","","","",""],["srifle_LRR_F","","","",""],["arifle_MXC_F","","","",""],["hgun_P07_F","","","",""],["Rangefinder","","","",""],["arifle_MXM_Black_F","muzzle_snds_H","","optic_LRPS",["30Rnd_65x39_caseless_mag",27],""],["hgun_Rook40_F","muzzle_snds_L","","",["16Rnd_9x21_Mag",16],""]]:[["U_B_GhillieSuit",[],[],[[],[]]],["U_B_GhillieSuit",[],[],[[],[]]],["U_O_Wetsuit",[],[["Exile_Item_InstaDoc",1],["Exile_Item_GloriousKnakworst",1],["Exile_Item_GloriousKnakworst",1],["Exile_Item_DuctTape",1],["Exile_Item_GloriousKnakworst",1],["Exile_Item_PlasticBottleFreshWater",1],["Exile_Item_PlasticBottleEmpty",1],["Exile_Item_Catfood",1],["30Rnd_9x21_Mag",30]],[[],[]]],["V_PlateCarrierGL_blk",[],[["30Rnd_65x39_caseless_mag_Tracer",30],["30Rnd_65x39_caseless_mag_Tracer",30],["30Rnd_65x39_caseless_mag_Tracer",30],["30Rnd_65x39_caseless_mag_Tracer",30],["30Rnd_9x21_Mag",30],["30Rnd_9x21_Mag",30],["30Rnd_9x21_Mag",30],["30Rnd_9x21_Mag",30]],[[],[]]],["B_FieldPack_oucamo",[],[],[[],[]]],["B_Carryall_oli",[],[["Exile_Item_Codelock",1],["Exile_Item_CamoTentKit",1],["16Rnd_9x21_Mag",16],["16Rnd_9x21_Mag",16],["30Rnd_65x39_caseless_mag_Tracer",30],["30Rnd_65x39_caseless_mag_Tracer",30]],[["U_NikosBody"],[1]]]]:8
[17:01:25:913087 +01:00] [Thread 28596] extDB2: Output to Server: 
[17:01:25:913087 +01:00] [Thread 37296] extDB2: SQL_CUSTOM_V2: Trace: UniqueID: 1 Input: updateVehicle:-1:0.974298:0:[["HitLFWheel",0.318898],["HitLF2Wheel",0.019685],["HitRFWheel",0.799213],["HitRF2Wheel",0.0354331],["HitFuel",0],["HitEngine",0],["HitBody",0.0314961],["HitGlass1",0.200787],["HitGlass2",0.200787],["HitGlass3",0.0787402],["HitGlass4",0.0669291],["HitGlass5",0.019685],["HitRGlass",0],["HitLGlass",0],["HitGlass6",0],["HitLBWheel",0],["HitLMWheel",0],["HitRBWheel",0],["HitRMWheel",0]]:11107.8:22711.3:-0.0720196:-0.957875:0.287159:0.00383172:0.0334784:0.0984025:0.994583:[["muzzle_snds_H","bipod_01_F_blk","H_StrawHat_dark","optic_tws_mg","H_Shemag_olive_hs","NVGoggles_OPFOR","Exile_Item_XM8","ItemCompass","ItemRadio","ItemGPS"],[1,1,1,1,1,1,1,1,1,1]]:[["30Rnd_556x45_Stanag",30],["30Rnd_556x45_Stanag",30],["Exile_Item_PlasticBottleFreshWater",1],["Exile_Item_PlasticBottleFreshWater",1],["Exile_Item_PlasticBottleFreshWater",1],["Exile_Item_PlasticBottleFreshWater",1],["7Rnd_408_Mag",6],["Exile_Item_DuctTape",1],["Exile_Item_DuctTape",1],["Exile_Item_DuctTape",1],["Exile_Item_DuctTape",1],["Exile_Item_DuctTape",1],["Exile_Item_GloriousKnakworst",1],["Exile_Item_GloriousKnakworst",1],["Exile_Item_GloriousKnakworst",1],["Exile_Item_GloriousKnakworst",1],["Exile_Item_GloriousKnakworst",1],["Exile_Item_PlasticBottleFreshWater",1],["Exile_Item_PlasticBottleFreshWater",1],["Exile_Item_PlasticBottleFreshWater",1],["Exile_Item_PlasticBottleFreshWater",1],["Exile_Item_PlasticBottleFreshWater",1],["Exile_Item_PlasticBottleFreshWater",1],["30Rnd_556x45_Stanag",30]]:[["srifle_LRR_F","","","",""],["srifle_LRR_F","","","",""],["arifle_MXC_F","","","",""],["hgun_P07_F","","","",""],["Rangefinder","","","",""],["arifle_MXM_Black_F","muzzle_snds_H","","optic_LRPS",["30Rnd_65x39_caseless_mag",27],""],["hgun_Rook40_F","muzzle_snds_L","","",["16Rnd_9x21_Mag",16],""]]:[["U_B_GhillieSuit",[],[],[[],[]]],["U_B_GhillieSuit",[],[],[[],[]]],["U_O_Wetsuit",[],[["Exile_Item_InstaDoc",1],["Exile_Item_GloriousKnakworst",1],["Exile_Item_GloriousKnakworst",1],["Exile_Item_DuctTape",1],["Exile_Item_GloriousKnakworst",1],["Exile_Item_PlasticBottleFreshWater",1],["Exile_Item_PlasticBottleEmpty",1],["Exile_Item_Catfood",1],["30Rnd_9x21_Mag",30]],[[],[]]],["V_PlateCarrierGL_blk",[],[["30Rnd_65x39_caseless_mag_Tracer",30],["30Rnd_65x39_caseless_mag_Tracer",30],["30Rnd_65x39_caseless_mag_Tracer",30],["30Rnd_65x39_caseless_mag_Tracer",30],["30Rnd_9x21_Mag",30],["30Rnd_9x21_Mag",30],["30Rnd_9x21_Mag",30],["30Rnd_9x21_Mag",30]],[[],[]]],["B_FieldPack_oucamo",[],[],[[],[]]],["B_Carryall_oli",[],[["Exile_Item_Codelock",1],["Exile_Item_CamoTentKit",1],["16Rnd_9x21_Mag",16],["16Rnd_9x21_Mag",16],["30Rnd_65x39_caseless_mag_Tracer",30],["30Rnd_65x39_caseless_mag_Tracer",30]],[["U_NikosBody"],[1]]]]:8
[17:01:25:938088 +01:00] [Thread 37296] extDB2: SQL_CUSTOM_V2: Trace: UniqueID: 1 Result: [1,[]]
[17:02:36:710136 +01:00] [Thread 28596] extDB2: Input from Server: 1:421581:killPlayer:65
[17:02:36:710136 +01:00] [Thread 28596] extDB2: Output to Server: 
[17:02:36:710136 +01:00] [Thread 37296] extDB2: SQL_CUSTOM_V2: Trace: UniqueID: 1 Input: killPlayer:65
[17:02:36:710136 +01:00] [Thread 28596] extDB2: Input from Server: 1:421581:addAccountDeath:76561198052369179
[17:02:36:710136 +01:00] [Thread 28596] extDB2: Output to Server: 
[17:02:36:710136 +01:00] [Thread 117856] extDB2: SQL_CUSTOM_V2: Trace: UniqueID: 1 Input: addAccountDeath:76561198052369179
[17:02:36:721137 +01:00] [Thread 37296] extDB2: SQL_CUSTOM_V2: Trace: UniqueID: 1 Result: [1,[]]
[17:02:36:733137 +01:00] [Thread 117856] extDB2: SQL_CUSTOM_V2: Trace: UniqueID: 1 Result: [1,[]]
[17:02:45:801656 +01:00] [Thread 28596] extDB2: Input from Server: 0:421581:hasAlivePlayer:76561198052369179
[17:02:45:801656 +01:00] [Thread 28596] extDB2: SQL_CUSTOM_V2: Trace: UniqueID: 1 Input: hasAlivePlayer:76561198052369179
[17:02:45:802656 +01:00] [Thread 28596] extDB2: SQL_CUSTOM_V2: Trace: UniqueID: 1 Result: [1,[[false]]]
[17:02:45:802656 +01:00] [Thread 28596] extDB2: Output to Server: [1,[[false]]]
[17:02:49:820886 +01:00] [Thread 28596] extDB2: Input from Server: 0:421581:getAccountStats:76561198052369179
[17:02:49:820886 +01:00] [Thread 28596] extDB2: SQL_CUSTOM_V2: Trace: UniqueID: 1 Input: getAccountStats:76561198052369179
[17:02:49:821886 +01:00] [Thread 28596] extDB2: SQL_CUSTOM_V2: Trace: UniqueID: 1 Result: [1,[[19205,3758,0,3,"",""]]]
[17:02:49:821886 +01:00] [Thread 28596] extDB2: Output to Server: [1,[[19205,3758,0,3,"",""]]]
[17:02:49:872889 +01:00] [Thread 28596] extDB2: Input from Server: 0:421581:createPlayer:76561198052369179:McNugget
[17:02:49:872889 +01:00] [Thread 28596] extDB2: SQL_CUSTOM_V2: Trace: UniqueID: 1 Input: createPlayer:76561198052369179:McNugget
[17:02:49:886890 +01:00] [Thread 28596] extDB2: SQL_CUSTOM_V2: Trace: UniqueID: 1 Result: [1,[92,[]]]
[17:02:49:886890 +01:00] [Thread 28596] extDB2: Output to Server: [1,[92,[]]]
[17:02:49:886890 +01:00] [Thread 28596] extDB2: Input from Server: 1:421581:updatePlayer:McNugget:1:0:0:100:100:0:1:0:0:0:0:0:256.447:9926.53:12083.3:0:["ItemMap","ItemCompass","Exile_Item_XM8","ItemRadio"]::[]:[]:[]::G_Tactical_Black:["","","",""]::::[]::["","","",""]::["","","",""]:Exile_Uniform_BambiOverall:[]:[["Exile_Item_PlasticBottleFreshWater",1]]:[]::[]:[]:[]:92
[17:02:49:886890 +01:00] [Thread 28596] extDB2: Output to Server: 
[17:02:49:886890 +01:00] [Thread 117856] extDB2: SQL_CUSTOM_V2: Trace: UniqueID: 1 Input: updatePlayer:McNugget:1:0:0:100:100:0:1:0:0:0:0:0:256.447:9926.53:12083.3:0:["ItemMap","ItemCompass","Exile_Item_XM8","ItemRadio"]::[]:[]:[]::G_Tactical_Black:["","","",""]::::[]::["","","",""]::["","","",""]:Exile_Uniform_BambiOverall:[]:[["Exile_Item_PlasticBottleFreshWater",1]]:[]::[]:[]:[]:92
[17:02:49:894890 +01:00] [Thread 117856] extDB2: SQL_CUSTOM_V2: Trace: UniqueID: 1 Result: [1,[]]
[17:04:29:827606 +01:00] [Thread 28596] extDB2: Input from Server: 1:421581:updatePlayer:McNugget:1:0:0:98.3472:97.5125:0:1:0:0:0:0:0:359.538:9449.54:11849.5:0.422924:["ItemMap","ItemCompass","Exile_Item_XM8","ItemRadio"]::[]:[]:[]:::["","","",""]::::[]::["","","",""]::["","","",""]:Exile_Uniform_BambiOverall:[]:[["Exile_Item_PlasticBottleFreshWater",1]]:[]::[]:[]:[]:92
[17:04:29:827606 +01:00] [Thread 28596] extDB2: Output to Server: 
[17:04:29:827606 +01:00] [Thread 117856] extDB2: SQL_CUSTOM_V2: Trace: UniqueID: 1 Input: updatePlayer:McNugget:1:0:0:98.3472:97.5125:0:1:0:0:0:0:0:359.538:9449.54:11849.5:0.422924:["ItemMap","ItemCompass","Exile_Item_XM8","ItemRadio"]::[]:[]:[]:::["","","",""]::::[]::["","","",""]::["","","",""]:Exile_Uniform_BambiOverall:[]:[["Exile_Item_PlasticBottleFreshWater",1]]:[]::[]:[]:[]:92
[17:04:29:874609 +01:00] [Thread 117856] extDB2: SQL_CUSTOM_V2: Trace: UniqueID: 1 Result: [1,[]]
[17:09:36:450144 +01:00] [Thread 28596] extDB2: Input from Server: 1:421581:updatePlayer:McNugget:1:0:0.160415:92.277:88.15:0:1:0:0:0:0:0:48.1901:9739.34:12373.7:0.00141525:["ItemMap","ItemCompass","Exile_Item_XM8","ItemRadio"]:B_OutdoorPack_blk:[["H_Hat_blue",1]]:[]:[]:::["","","",""]::H_Hat_checker::[]::["","","",""]::["","","",""]:Exile_Uniform_BambiOverall:[]:[["Exile_Item_PlasticBottleFreshWater",1],["Exile_Item_Surstromming",1],["Exile_Item_BBQSandwich",1],["9Rnd_45ACP_Mag",9],["Exile_Item_GloriousKnakworst",1],["Exile_Item_ExtensionCord",1]]:[]::[]:[]:[]:92
[17:09:36:450144 +01:00] [Thread 28596] extDB2: Output to Server: 
[17:09:36:450144 +01:00] [Thread 117856] extDB2: SQL_CUSTOM_V2: Trace: UniqueID: 1 Input: updatePlayer:McNugget:1:0:0.160415:92.277:88.15:0:1:0:0:0:0:0:48.1901:9739.34:12373.7:0.00141525:["ItemMap","ItemCompass","Exile_Item_XM8","ItemRadio"]:B_OutdoorPack_blk:[["H_Hat_blue",1]]:[]:[]:::["","","",""]::H_Hat_checker::[]::["","","",""]::["","","",""]:Exile_Uniform_BambiOverall:[]:[["Exile_Item_PlasticBottleFreshWater",1],["Exile_Item_Surstromming",1],["Exile_Item_BBQSandwich",1],["9Rnd_45ACP_Mag",9],["Exile_Item_GloriousKnakworst",1],["Exile_Item_ExtensionCord",1]]:[]::[]:[]:[]:92
[17:09:36:470145 +01:00] [Thread 117856] extDB2: SQL_CUSTOM_V2: Trace: UniqueID: 1 Result: [1,[]]
[17:14:43:536708 +01:00] [Thread 28596] extDB2: Input from Server: 1:421581:updatePlayer:McNugget:1:0:0:86.1037:78.5846:0:1:0:0:0:0:0:37.7532:11730.7:13897.7:0.892281:["ItemMap","ItemCompass","Exile_Item_XM8","ItemRadio"]:B_OutdoorPack_blk:[["H_Hat_blue",1]]:[]:[]:::["","","",""]::H_Hat_checker::[]::["","","",""]::["","","",""]:Exile_Uniform_BambiOverall:[]:[["Exile_Item_PlasticBottleFreshWater",1],["Exile_Item_Surstromming",1],["Exile_Item_BBQSandwich",1],["9Rnd_45ACP_Mag",9],["Exile_Item_GloriousKnakworst",1],["Exile_Item_ExtensionCord",1]]:[]::[]:[]:[]:92
[17:14:43:536708 +01:00] [Thread 28596] extDB2: Output to Server: 
[17:14:43:537708 +01:00] [Thread 117856] extDB2: SQL_CUSTOM_V2: Trace: UniqueID: 1 Input: updatePlayer:McNugget:1:0:0:86.1037:78.5846:0:1:0:0:0:0:0:37.7532:11730.7:13897.7:0.892281:["ItemMap","ItemCompass","Exile_Item_XM8","ItemRadio"]:B_OutdoorPack_blk:[["H_Hat_blue",1]]:[]:[]:::["","","",""]::H_Hat_checker::[]::["","","",""]::["","","",""]:Exile_Uniform_BambiOverall:[]:[["Exile_Item_PlasticBottleFreshWater",1],["Exile_Item_Surstromming",1],["Exile_Item_BBQSandwich",1],["9Rnd_45ACP_Mag",9],["Exile_Item_GloriousKnakworst",1],["Exile_Item_ExtensionCord",1]]:[]::[]:[]:[]:92
[17:14:43:551709 +01:00] [Thread 117856] extDB2: SQL_CUSTOM_V2: Trace: UniqueID: 1 Result: [1,[]]
[17:19:20:779566 +01:00] [Thread 28596] extDB2: Input from Server: 1:421581:updatePlayer:McNugget:1:0.0590551:0.013524:80.5434:70.2408:0:1:0:0.0590551:0.0590551:0.0590551:0.0590551:55.0733:14294.4:16537.2:0.00141525:["ItemMap","ItemCompass","Exile_Item_XM8","ItemRadio"]:B_OutdoorPack_blk:[["H_Hat_blue",1]]:[]:[]:::["","","",""]::H_Hat_checker::[]::["","","",""]::["","","",""]:Exile_Uniform_BambiOverall:[]:[["Exile_Item_PlasticBottleFreshWater",1],["Exile_Item_Surstromming",1],["Exile_Item_BBQSandwich",1],["9Rnd_45ACP_Mag",9],["Exile_Item_GloriousKnakworst",1],["Exile_Item_ExtensionCord",1]]:[]::[]:[]:[]:92
[17:19:20:779566 +01:00] [Thread 28596] extDB2: Output to Server: 
[17:19:20:779566 +01:00] [Thread 117856] extDB2: SQL_CUSTOM_V2: Trace: UniqueID: 1 Input: updatePlayer:McNugget:1:0.0590551:0.013524:80.5434:70.2408:0:1:0:0.0590551:0.0590551:0.0590551:0.0590551:55.0733:14294.4:16537.2:0.00141525:["ItemMap","ItemCompass","Exile_Item_XM8","ItemRadio"]:B_OutdoorPack_blk:[["H_Hat_blue",1]]:[]:[]:::["","","",""]::H_Hat_checker::[]::["","","",""]::["","","",""]:Exile_Uniform_BambiOverall:[]:[["Exile_Item_PlasticBottleFreshWater",1],["Exile_Item_Surstromming",1],["Exile_Item_BBQSandwich",1],["9Rnd_45ACP_Mag",9],["Exile_Item_GloriousKnakworst",1],["Exile_Item_ExtensionCord",1]]:[]::[]:[]:[]:92
[17:19:20:793566 +01:00] [Thread 117856] extDB2: SQL_CUSTOM_V2: Trace: UniqueID: 1 Result: [1,[]]
[17:20:57:700109 +01:00] [Thread 28596] extDB2: Input from Server: 1:421581:setAccountMoney:19165:76561198052369179
[17:20:57:700109 +01:00] [Thread 28596] extDB2: Output to Server: 
[17:20:57:700109 +01:00] [Thread 117856] extDB2: SQL_CUSTOM_V2: Trace: UniqueID: 1 Input: setAccountMoney:19165:76561198052369179
[17:20:57:701109 +01:00] [Thread 28596] extDB2: Input from Server: 1:421581:updatePlayer:McNugget:1:0.0590551:0.0589085:80.5434:70.2408:0:1:0:0.0590551:0.0590551:0.0590551:0.0590551:130.373:14589.1:16778.8:0.12644:["ItemMap","ItemCompass","Exile_Item_XM8","ItemRadio"]:B_OutdoorPack_blk:[["H_Hat_blue",1]]:[]:[]:::["","","",""]::H_Hat_checker::[]::["","","",""]::["","","",""]:Exile_Uniform_BambiOverall:[]:[["Exile_Item_PlasticBottleFreshWater",1],["Exile_Item_Surstromming",1],["Exile_Item_BBQSandwich",1],["9Rnd_45ACP_Mag",9],["Exile_Item_GloriousKnakworst",1],["Exile_Item_ExtensionCord",1]]:[]::[]:[]:[]:92
[17:20:57:701109 +01:00] [Thread 28596] extDB2: Output to Server: 
[17:20:57:702109 +01:00] [Thread 37296] extDB2: SQL_CUSTOM_V2: Trace: UniqueID: 1 Input: updatePlayer:McNugget:1:0.0590551:0.0589085:80.5434:70.2408:0:1:0:0.0590551:0.0590551:0.0590551:0.0590551:130.373:14589.1:16778.8:0.12644:["ItemMap","ItemCompass","Exile_Item_XM8","ItemRadio"]:B_OutdoorPack_blk:[["H_Hat_blue",1]]:[]:[]:::["","","",""]::H_Hat_checker::[]::["","","",""]::["","","",""]:Exile_Uniform_BambiOverall:[]:[["Exile_Item_PlasticBottleFreshWater",1],["Exile_Item_Surstromming",1],["Exile_Item_BBQSandwich",1],["9Rnd_45ACP_Mag",9],["Exile_Item_GloriousKnakworst",1],["Exile_Item_ExtensionCord",1]]:[]::[]:[]:[]:92
[17:20:57:712110 +01:00] [Thread 117856] extDB2: SQL_CUSTOM_V2: Trace: UniqueID: 1 Result: [1,[]]
[17:20:57:752112 +01:00] [Thread 37296] extDB2: SQL_CUSTOM_V2: Trace: UniqueID: 1 Result: [1,[]]
[17:20:58:893177 +01:00] [Thread 28596] extDB2: Input from Server: 1:421581:setAccountMoney:19125:76561198052369179
[17:20:58:893177 +01:00] [Thread 28596] extDB2: Output to Server: 
[17:20:58:893177 +01:00] [Thread 37296] extDB2: SQL_CUSTOM_V2: Trace: UniqueID: 1 Input: setAccountMoney:19125:76561198052369179
[17:20:58:894177 +01:00] [Thread 28596] extDB2: Input from Server: 1:421581:updatePlayer:McNugget:1:0.0590551:0.0169269:80.5434:70.2408:0:1:0:0.0590551:0.0590551:0.0590551:0.0590551:130.373:14589.1:16778.8:0.12644:["ItemMap","ItemCompass","Exile_Item_XM8","ItemRadio"]:B_OutdoorPack_blk:[["H_Hat_blue",1]]:[]:[]:::["","","",""]::H_Hat_checker::[]::["","","",""]::["","","",""]:Exile_Uniform_BambiOverall:[]:[["Exile_Item_PlasticBottleFreshWater",1],["Exile_Item_Surstromming",1],["Exile_Item_BBQSandwich",1],["9Rnd_45ACP_Mag",9],["Exile_Item_GloriousKnakworst",1],["Exile_Item_ExtensionCord",1],["Exile_Item_PlasticBottleFreshWater",1]]:[]::[]:[]:[]:92
[17:20:58:894177 +01:00] [Thread 28596] extDB2: Output to Server: 
[17:20:58:894177 +01:00] [Thread 117856] extDB2: SQL_CUSTOM_V2: Trace: UniqueID: 1 Input: updatePlayer:McNugget:1:0.0590551:0.0169269:80.5434:70.2408:0:1:0:0.0590551:0.0590551:0.0590551:0.0590551:130.373:14589.1:16778.8:0.12644:["ItemMap","ItemCompass","Exile_Item_XM8","ItemRadio"]:B_OutdoorPack_blk:[["H_Hat_blue",1]]:[]:[]:::["","","",""]::H_Hat_checker::[]::["","","",""]::["","","",""]:Exile_Uniform_BambiOverall:[]:[["Exile_Item_PlasticBottleFreshWater",1],["Exile_Item_Surstromming",1],["Exile_Item_BBQSandwich",1],["9Rnd_45ACP_Mag",9],["Exile_Item_GloriousKnakworst",1],["Exile_Item_ExtensionCord",1],["Exile_Item_PlasticBottleFreshWater",1]]:[]::[]:[]:[]:92
[17:20:58:908178 +01:00] [Thread 37296] extDB2: SQL_CUSTOM_V2: Trace: UniqueID: 1 Result: [1,[]]
[17:20:58:920179 +01:00] [Thread 117856] extDB2: SQL_CUSTOM_V2: Trace: UniqueID: 1 Result: [1,[]]
[17:21:13:116991 +01:00] [Thread 28596] extDB2: Input from Server: 1:421581:setAccountMoneyAndRespect:19145:3760:76561198052369179
[17:21:13:116991 +01:00] [Thread 28596] extDB2: Output to Server: 
[17:21:13:116991 +01:00] [Thread 117856] extDB2: SQL_CUSTOM_V2: Trace: UniqueID: 1 Input: setAccountMoneyAndRespect:19145:3760:76561198052369179
[17:21:13:117991 +01:00] [Thread 28596] extDB2: Input from Server: 1:421581:updatePlayer:McNugget:1:0.0590551:0:80.5434:70.2408:0:1:0:0.0590551:0.0590551:0.0590551:0.0590551:130.373:14589.1:16778.8:0.12644:["ItemMap","ItemCompass","Exile_Item_XM8","ItemRadio"]:B_OutdoorPack_blk:[["H_Hat_blue",1]]:[["Exile_Item_PlasticBottleFreshWater",1]]:[]:::["","","",""]::H_Hat_checker::[]::["","","",""]::["","","",""]:Exile_Uniform_BambiOverall:[]:[["Exile_Item_PlasticBottleFreshWater",1],["Exile_Item_Surstromming",1],["Exile_Item_BBQSandwich",1],["9Rnd_45ACP_Mag",9],["Exile_Item_GloriousKnakworst",1],["Exile_Item_ExtensionCord",1],["Exile_Item_PlasticBottleFreshWater",1]]:[]::[]:[]:[]:92
[17:21:13:117991 +01:00] [Thread 28596] extDB2: Output to Server: 
[17:21:13:117991 +01:00] [Thread 37296] extDB2: SQL_CUSTOM_V2: Trace: UniqueID: 1 Input: updatePlayer:McNugget:1:0.0590551:0:80.5434:70.2408:0:1:0:0.0590551:0.0590551:0.0590551:0.0590551:130.373:14589.1:16778.8:0.12644:["ItemMap","ItemCompass","Exile_Item_XM8","ItemRadio"]:B_OutdoorPack_blk:[["H_Hat_blue",1]]:[["Exile_Item_PlasticBottleFreshWater",1]]:[]:::["","","",""]::H_Hat_checker::[]::["","","",""]::["","","",""]:Exile_Uniform_BambiOverall:[]:[["Exile_Item_PlasticBottleFreshWater",1],["Exile_Item_Surstromming",1],["Exile_Item_BBQSandwich",1],["9Rnd_45ACP_Mag",9],["Exile_Item_GloriousKnakworst",1],["Exile_Item_ExtensionCord",1],["Exile_Item_PlasticBottleFreshWater",1]]:[]::[]:[]:[]:92
[17:21:13:129992 +01:00] [Thread 117856] extDB2: SQL_CUSTOM_V2: Trace: UniqueID: 1 Result: [1,[]]
[17:21:13:157993 +01:00] [Thread 37296] extDB2: SQL_CUSTOM_V2: Trace: UniqueID: 1 Result: [1,[]]
[17:22:59:888098 +01:00] [Thread 28596] extDB2: Input from Server: 0:421581:insertVehicle:Exile_Car_Van_Fuel_Black:76561198052369179:0:14594.3:16895.3:1.17741:0.914236:0.405182:0:0:0:1:9090
[17:22:59:888098 +01:00] [Thread 28596] extDB2: SQL_CUSTOM_V2: Trace: UniqueID: 1 Input: insertVehicle:Exile_Car_Van_Fuel_Black:76561198052369179:0:14594.3:16895.3:1.17741:0.914236:0.405182:0:0:0:1:9090
[17:22:59:896098 +01:00] [Thread 28596] extDB2: SQL_CUSTOM_V2: Trace: UniqueID: 1 Result: [1,[21,[]]]
[17:22:59:896098 +01:00] [Thread 28596] extDB2: Output to Server: [1,[21,[]]]
[17:22:59:898098 +01:00] [Thread 28596] extDB2: Input from Server: 1:421581:updateVehicle:0:1:0:[["HitLFWheel",0],["HitLF2Wheel",0],["HitRFWheel",0],["HitRF2Wheel",0],["HitFuelTank",0],["HitFuel",0],["HitEngine",0],["HitGlass1",0],["HitGlass2",0],["HitGlass3",0],["HitGlass4",0],["HitRGlass",0],["HitLGlass",0],["HitGlass5",0],["HitGlass6",0],["HitBody",0],["HitLBWheel",0],["HitLMWheel",0],["HitRBWheel",0],["HitRMWheel",0]]:14594.3:16895.3:1.17741:0.914236:0.405182:0:0:0:1:[[],[]]:[]:[]:[]:21
[17:22:59:898098 +01:00] [Thread 28596] extDB2: Output to Server: 
[17:22:59:898098 +01:00] [Thread 37296] extDB2: SQL_CUSTOM_V2: Trace: UniqueID: 1 Input: updateVehicle:0:1:0:[["HitLFWheel",0],["HitLF2Wheel",0],["HitRFWheel",0],["HitRF2Wheel",0],["HitFuelTank",0],["HitFuel",0],["HitEngine",0],["HitGlass1",0],["HitGlass2",0],["HitGlass3",0],["HitGlass4",0],["HitRGlass",0],["HitLGlass",0],["HitGlass5",0],["HitGlass6",0],["HitBody",0],["HitLBWheel",0],["HitLMWheel",0],["HitRBWheel",0],["HitRMWheel",0]]:14594.3:16895.3:1.17741:0.914236:0.405182:0:0:0:1:[[],[]]:[]:[]:[]:21
[17:22:59:898098 +01:00] [Thread 28596] extDB2: Input from Server: 1:421581:setAccountMoney:14645:76561198052369179
[17:22:59:898098 +01:00] [Thread 28596] extDB2: Output to Server: 
[17:22:59:898098 +01:00] [Thread 117856] extDB2: SQL_CUSTOM_V2: Trace: UniqueID: 1 Input: setAccountMoney:14645:76561198052369179
[17:22:59:912099 +01:00] [Thread 117856] extDB2: SQL_CUSTOM_V2: Trace: UniqueID: 1 Result: [1,[]]
[17:22:59:920100 +01:00] [Thread 37296] extDB2: SQL_CUSTOM_V2: Trace: UniqueID: 1 Result: [1,[]]
[17:24:28:109144 +01:00] [Thread 28596] extDB2: Input from Server: 1:421581:updatePlayer:McNugget:1:0.0590551:0:74.6176:61.1696:0:1:0:0.0590551:0.0590551:0.0590551:0.0590551:224.929:14172.7:16545.5:1.50045:["ItemMap","ItemCompass","Exile_Item_XM8","ItemRadio"]:B_OutdoorPack_blk:[["H_Hat_blue",1]]:[["Exile_Item_PlasticBottleFreshWater",1]]:[]:::["","","",""]::H_Hat_checker::[]::["","","",""]::["","","",""]:Exile_Uniform_BambiOverall:[]:[["Exile_Item_PlasticBottleFreshWater",1],["Exile_Item_Surstromming",1],["Exile_Item_BBQSandwich",1],["9Rnd_45ACP_Mag",9],["Exile_Item_GloriousKnakworst",1],["Exile_Item_PlasticBottleFreshWater",1]]:[]::[]:[]:[]:92
[17:24:28:109144 +01:00] [Thread 28596] extDB2: Output to Server: 
[17:24:28:110144 +01:00] [Thread 37296] extDB2: SQL_CUSTOM_V2: Trace: UniqueID: 1 Input: updatePlayer:McNugget:1:0.0590551:0:74.6176:61.1696:0:1:0:0.0590551:0.0590551:0.0590551:0.0590551:224.929:14172.7:16545.5:1.50045:["ItemMap","ItemCompass","Exile_Item_XM8","ItemRadio"]:B_OutdoorPack_blk:[["H_Hat_blue",1]]:[["Exile_Item_PlasticBottleFreshWater",1]]:[]:::["","","",""]::H_Hat_checker::[]::["","","",""]::["","","",""]:Exile_Uniform_BambiOverall:[]:[["Exile_Item_PlasticBottleFreshWater",1],["Exile_Item_Surstromming",1],["Exile_Item_BBQSandwich",1],["9Rnd_45ACP_Mag",9],["Exile_Item_GloriousKnakworst",1],["Exile_Item_PlasticBottleFreshWater",1]]:[]::[]:[]:[]:92
[17:24:28:122145 +01:00] [Thread 37296] extDB2: SQL_CUSTOM_V2: Trace: UniqueID: 1 Result: [1,[]]
[17:29:36:174764 +01:00] [Thread 28596] extDB2: Input from Server: 1:421581:updatePlayer:McNugget:1:0.0590551:0:69.0663:52.8428:0:1:0:0.0590551:0.0590551:0.0590551:0.0590551:330.887:12055.3:20865.5:1.43791:["ItemMap","ItemCompass","Exile_Item_XM8","ItemRadio"]:B_OutdoorPack_blk:[["H_Hat_blue",1]]:[["Exile_Item_PlasticBottleFreshWater",1]]:[]:::["","","",""]::H_Hat_checker::[]::["","","",""]::["","","",""]:Exile_Uniform_BambiOverall:[]:[["Exile_Item_PlasticBottleFreshWater",1],["Exile_Item_Surstromming",1],["Exile_Item_BBQSandwich",1],["9Rnd_45ACP_Mag",9],["Exile_Item_GloriousKnakworst",1],["Exile_Item_PlasticBottleFreshWater",1]]:[]::[]:[]:[]:92
[17:29:36:174764 +01:00] [Thread 28596] extDB2: Output to Server: 
[17:29:36:174764 +01:00] [Thread 37296] extDB2: SQL_CUSTOM_V2: Trace: UniqueID: 1 Input: updatePlayer:McNugget:1:0.0590551:0:69.0663:52.8428:0:1:0:0.0590551:0.0590551:0.0590551:0.0590551:330.887:12055.3:20865.5:1.43791:["ItemMap","ItemCompass","Exile_Item_XM8","ItemRadio"]:B_OutdoorPack_blk:[["H_Hat_blue",1]]:[["Exile_Item_PlasticBottleFreshWater",1]]:[]:::["","","",""]::H_Hat_checker::[]::["","","",""]::["","","",""]:Exile_Uniform_BambiOverall:[]:[["Exile_Item_PlasticBottleFreshWater",1],["Exile_Item_Surstromming",1],["Exile_Item_BBQSandwich",1],["9Rnd_45ACP_Mag",9],["Exile_Item_GloriousKnakworst",1],["Exile_Item_PlasticBottleFreshWater",1]]:[]::[]:[]:[]:92
[17:29:36:188765 +01:00] [Thread 37296] extDB2: SQL_CUSTOM_V2: Trace: UniqueID: 1 Result: [1,[]]
[17:32:45:089570 +01:00] [Thread 28596] extDB2: Input from Server: 1:421581:updateVehicle:0:0.969892:0:[["HitLFWheel",0],["HitLF2Wheel",0],["HitRFWheel",0],["HitRF2Wheel",0],["HitFuelTank",0],["HitFuel",0],["HitEngine",0],["HitGlass1",0],["HitGlass2",0],["HitGlass3",0],["HitGlass4",0],["HitRGlass",0],["HitLGlass",0],["HitGlass5",0],["HitGlass6",0],["HitBody",0],["HitLBWheel",0],["HitLMWheel",0],["HitRBWheel",0],["HitRMWheel",0]]:11095.3:22705.7:-0.0037899:0.698853:0.711915:-0.0691528:0.0391297:0.0584839:0.997521:[[],[]]:[]:[]:[]:21
[17:32:45:089570 +01:00] [Thread 28596] extDB2: Output to Server: 
[17:32:45:093570 +01:00] [Thread 37296] extDB2: SQL_CUSTOM_V2: Trace: UniqueID: 1 Input: updateVehicle:0:0.969892:0:[["HitLFWheel",0],["HitLF2Wheel",0],["HitRFWheel",0],["HitRF2Wheel",0],["HitFuelTank",0],["HitFuel",0],["HitEngine",0],["HitGlass1",0],["HitGlass2",0],["HitGlass3",0],["HitGlass4",0],["HitRGlass",0],["HitLGlass",0],["HitGlass5",0],["HitGlass6",0],["HitBody",0],["HitLBWheel",0],["HitLMWheel",0],["HitRBWheel",0],["HitRMWheel",0]]:11095.3:22705.7:-0.0037899:0.698853:0.711915:-0.0691528:0.0391297:0.0584839:0.997521:[[],[]]:[]:[]:[]:21
[17:32:45:121571 +01:00] [Thread 37296] extDB2: SQL_CUSTOM_V2: Trace: UniqueID: 1 Result: [1,[]]
[17:33:00:577455 +01:00] [Thread 28596] extDB2: Input from Server: 1:421581:updateVehicle:-1:0.969892:0:[["HitLFWheel",0],["HitLF2Wheel",0],["HitRFWheel",0],["HitRF2Wheel",0],["HitFuelTank",0],["HitFuel",0],["HitEngine",0],["HitGlass1",0],["HitGlass2",0],["HitGlass3",0],["HitGlass4",0],["HitRGlass",0],["HitLGlass",0],["HitGlass5",0],["HitGlass6",0],["HitBody",0],["HitLBWheel",0],["HitLMWheel",0],["HitRBWheel",0],["HitRMWheel",0]]:11095.3:22705.7:-0.0037899:0.698853:0.711915:-0.0691528:0.0391297:0.0584839:0.997521:[[],[]]:[]:[]:[]:21
[17:33:00:577455 +01:00] [Thread 28596] extDB2: Output to Server: 
[17:33:00:577455 +01:00] [Thread 37296] extDB2: SQL_CUSTOM_V2: Trace: UniqueID: 1 Input: updateVehicle:-1:0.969892:0:[["HitLFWheel",0],["HitLF2Wheel",0],["HitRFWheel",0],["HitRF2Wheel",0],["HitFuelTank",0],["HitFuel",0],["HitEngine",0],["HitGlass1",0],["HitGlass2",0],["HitGlass3",0],["HitGlass4",0],["HitRGlass",0],["HitLGlass",0],["HitGlass5",0],["HitGlass6",0],["HitBody",0],["HitLBWheel",0],["HitLMWheel",0],["HitRBWheel",0],["HitRMWheel",0]]:11095.3:22705.7:-0.0037899:0.698853:0.711915:-0.0691528:0.0391297:0.0584839:0.997521:[[],[]]:[]:[]:[]:21
[17:33:00:591456 +01:00] [Thread 37296] extDB2: SQL_CUSTOM_V2: Trace: UniqueID: 1 Result: [1,[]]
[17:33:15:922333 +01:00] [Thread 28596] extDB2: Input from Server: 1:421581:updateVehicle:-1:0.969892:0:[["HitLFWheel",0],["HitLF2Wheel",0],["HitRFWheel",0],["HitRF2Wheel",0],["HitFuelTank",0],["HitFuel",0],["HitEngine",0],["HitGlass1",0],["HitGlass2",0],["HitGlass3",0],["HitGlass4",0],["HitRGlass",0],["HitLGlass",0],["HitGlass5",0],["HitGlass6",0],["HitBody",0],["HitLBWheel",0],["HitLMWheel",0],["HitRBWheel",0],["HitRMWheel",0]]:11095.3:22705.7:-0.0037899:0.698853:0.711915:-0.0691528:0.0391297:0.0584839:0.997521:[[],[]]:[]:[]:[]:21
[17:33:15:922333 +01:00] [Thread 28596] extDB2: Output to Server: 
[17:33:15:922333 +01:00] [Thread 37296] extDB2: SQL_CUSTOM_V2: Trace: UniqueID: 1 Input: updateVehicle:-1:0.969892:0:[["HitLFWheel",0],["HitLF2Wheel",0],["HitRFWheel",0],["HitRF2Wheel",0],["HitFuelTank",0],["HitFuel",0],["HitEngine",0],["HitGlass1",0],["HitGlass2",0],["HitGlass3",0],["HitGlass4",0],["HitRGlass",0],["HitLGlass",0],["HitGlass5",0],["HitGlass6",0],["HitBody",0],["HitLBWheel",0],["HitLMWheel",0],["HitRBWheel",0],["HitRMWheel",0]]:11095.3:22705.7:-0.0037899:0.698853:0.711915:-0.0691528:0.0391297:0.0584839:0.997521:[[],[]]:[]:[]:[]:21
[17:33:15:937334 +01:00] [Thread 37296] extDB2: SQL_CUSTOM_V2: Trace: UniqueID: 1 Result: [1,[]]
[17:34:03:809072 +01:00] [Thread 28596] extDB2: Input from Server: 1:421581:endAccountSession:76561198052369179
[17:34:03:809072 +01:00] [Thread 28596] extDB2: Output to Server: 
[17:34:03:809072 +01:00] [Thread 37296] extDB2: SQL_CUSTOM_V2: Trace: UniqueID: 1 Input: endAccountSession:76561198052369179
[17:34:03:810072 +01:00] [Thread 28596] extDB2: Input from Server: 1:421581:updatePlayer:McNugget:1:0.0590551:0:69.0663:52.8428:0:1:0:0.0590551:0.0590551:0.0590551:0.0590551:140.511:11099.6:22708.7:0.00132608:["ItemMap","ItemCompass","Exile_Item_XM8","ItemRadio"]:B_OutdoorPack_blk:[["H_Hat_blue",1]]:[["Exile_Item_PlasticBottleFreshWater",1]]:[]:::["","","",""]::H_Hat_checker::[]::["","","",""]::["","","",""]:Exile_Uniform_BambiOverall:[]:[["Exile_Item_PlasticBottleFreshWater",1],["Exile_Item_Surstromming",1],["Exile_Item_BBQSandwich",1],["9Rnd_45ACP_Mag",9],["Exile_Item_GloriousKnakworst",1],["Exile_Item_PlasticBottleFreshWater",1]]:[]::[]:[]:[]:92
[17:34:03:810072 +01:00] [Thread 28596] extDB2: Output to Server: 
[17:34:03:810072 +01:00] [Thread 117856] extDB2: SQL_CUSTOM_V2: Trace: UniqueID: 1 Input: updatePlayer:McNugget:1:0.0590551:0:69.0663:52.8428:0:1:0:0.0590551:0.0590551:0.0590551:0.0590551:140.511:11099.6:22708.7:0.00132608:["ItemMap","ItemCompass","Exile_Item_XM8","ItemRadio"]:B_OutdoorPack_blk:[["H_Hat_blue",1]]:[["Exile_Item_PlasticBottleFreshWater",1]]:[]:::["","","",""]::H_Hat_checker::[]::["","","",""]::["","","",""]:Exile_Uniform_BambiOverall:[]:[["Exile_Item_PlasticBottleFreshWater",1],["Exile_Item_Surstromming",1],["Exile_Item_BBQSandwich",1],["9Rnd_45ACP_Mag",9],["Exile_Item_GloriousKnakworst",1],["Exile_Item_PlasticBottleFreshWater",1]]:[]::[]:[]:[]:92
[17:34:03:822073 +01:00] [Thread 37296] extDB2: SQL_CUSTOM_V2: Trace: UniqueID: 1 Result: [1,[]]
[17:34:03:830073 +01:00] [Thread 117856] extDB2: SQL_CUSTOM_V2: Trace: UniqueID: 1 Result: [1,[]]
[17:52:04:892906 +01:00] [Thread 28596] extDB2: Input from Server: 0:421581:isKnownAccount:76561198079212829
[17:52:04:892906 +01:00] [Thread 28596] extDB2: SQL_CUSTOM_V2: Trace: UniqueID: 1 Input: isKnownAccount:76561198079212829
[17:52:04:893907 +01:00] [Thread 28596] extDB2: SQL_CUSTOM_V2: Trace: UniqueID: 1 Result: [1,[[true]]]
[17:52:04:893907 +01:00] [Thread 28596] extDB2: Output to Server: [1,[[true]]]
[17:52:04:893907 +01:00] [Thread 28596] extDB2: Input from Server: 1:421581:startAccountSession:76561198079212829:Frankie
[17:52:04:893907 +01:00] [Thread 28596] extDB2: Output to Server: 
[17:52:04:893907 +01:00] [Thread 117856] extDB2: SQL_CUSTOM_V2: Trace: UniqueID: 1 Input: startAccountSession:76561198079212829:Frankie
[17:52:04:913908 +01:00] [Thread 117856] extDB2: SQL_CUSTOM_V2: Trace: UniqueID: 1 Result: [1,[]]
[17:52:17:332618 +01:00] [Thread 28596] extDB2: Input from Server: 0:421581:hasAlivePlayer:76561198079212829
[17:52:17:332618 +01:00] [Thread 28596] extDB2: SQL_CUSTOM_V2: Trace: UniqueID: 1 Input: hasAlivePlayer:76561198079212829
[17:52:17:333618 +01:00] [Thread 28596] extDB2: SQL_CUSTOM_V2: Trace: UniqueID: 1 Result: [1,[[true]]]
[17:52:17:333618 +01:00] [Thread 28596] extDB2: Output to Server: [1,[[true]]]
[17:52:17:412623 +01:00] [Thread 28596] extDB2: Input from Server: 0:421581:loadPlayer:76561198079212829
[17:52:17:412623 +01:00] [Thread 28596] extDB2: SQL_CUSTOM_V2: Trace: UniqueID: 1 Input: loadPlayer:76561198079212829
[17:52:17:414623 +01:00] [Thread 28596] extDB2: SQL_CUSTOM_V2: Trace: UniqueID: 1 Result: [1,[[84,"Frankie","76561198079212829",1,0,0,76.5111,64.2754,0,1,0,0,0,0,0,352.714,11018.2,17909,0.00260544,["ItemMap","ItemCompass","Exile_Item_XM8","ItemRadio"],"",[],[],[],"","G_Tactical_Clear",["","","",""],"","","",[],"",["","","",""],"",["","","",""],"Exile_Uniform_BambiOverall",[],[["Exile_Item_PlasticBottleFreshWater",1]],[],"",[],[],[],9600,100,1,19,"",""]]]
[17:52:17:414623 +01:00] [Thread 28596] extDB2: Output to Server: [1,[[84,"Frankie","76561198079212829",1,0,0,76.5111,64.2754,0,1,0,0,0,0,0,352.714,11018.2,17909,0.00260544,["ItemMap","ItemCompass","Exile_Item_XM8","ItemRadio"],"",[],[],[],"","G_Tactical_Clear",["","","",""],"","","",[],"",["","","",""],"",["","","",""],"Exile_Uniform_BambiOverall",[],[["Exile_Item_PlasticBottleFreshWater",1]],[],"",[],[],[],9600,100,1,19,"",""]]]
[17:57:14:788631 +01:00] [Thread 28596] extDB2: Input from Server: 1:421581:updatePlayer:Frankie:1:0:0:71.1769:56.2682:0:1:0:0:0:0:0:29.1115:11034.4:17914:0.00137329:["ItemMap","ItemCompass","Exile_Item_XM8","ItemRadio"]::[]:[]:[]::G_Tactical_Clear:["","","",""]::::[]::["","","",""]::["","","",""]:Exile_Uniform_BambiOverall:[]:[["Exile_Item_PlasticBottleFreshWater",1]]:[]::[]:[]:[]:84
[17:57:14:788631 +01:00] [Thread 28596] extDB2: Output to Server: 
[17:57:14:788631 +01:00] [Thread 117856] extDB2: SQL_CUSTOM_V2: Trace: UniqueID: 1 Input: updatePlayer:Frankie:1:0:0:71.1769:56.2682:0:1:0:0:0:0:0:29.1115:11034.4:17914:0.00137329:["ItemMap","ItemCompass","Exile_Item_XM8","ItemRadio"]::[]:[]:[]::G_Tactical_Clear:["","","",""]::::[]::["","","",""]::["","","",""]:Exile_Uniform_BambiOverall:[]:[["Exile_Item_PlasticBottleFreshWater",1]]:[]::[]:[]:[]:84
[17:57:14:805632 +01:00] [Thread 117856] extDB2: SQL_CUSTOM_V2: Trace: UniqueID: 1 Result: [1,[]]
[18:02:22:390225 +01:00] [Thread 28596] extDB2: Input from Server: 1:421581:updatePlayer:Frankie:1:0:0:65.6273:47.9436:0:1:0:0:0:0:0:29.1115:11034.4:17914:0.00137329:["ItemMap","ItemCompass","Exile_Item_XM8","ItemRadio"]::[]:[]:[]::G_Tactical_Clear:["","","",""]::::[]::["","","",""]::["","","",""]:Exile_Uniform_BambiOverall:[]:[["Exile_Item_PlasticBottleFreshWater",1]]:[]::[]:[]:[]:84
[18:02:22:390225 +01:00] [Thread 28596] extDB2: Output to Server: 
[18:02:22:390225 +01:00] [Thread 117856] extDB2: SQL_CUSTOM_V2: Trace: UniqueID: 1 Input: updatePlayer:Frankie:1:0:0:65.6273:47.9436:0:1:0:0:0:0:0:29.1115:11034.4:17914:0.00137329:["ItemMap","ItemCompass","Exile_Item_XM8","ItemRadio"]::[]:[]:[]::G_Tactical_Clear:["","","",""]::::[]::["","","",""]::["","","",""]:Exile_Uniform_BambiOverall:[]:[["Exile_Item_PlasticBottleFreshWater",1]]:[]::[]:[]:[]:84
[18:02:22:422227 +01:00] [Thread 117856] extDB2: SQL_CUSTOM_V2: Trace: UniqueID: 1 Result: [1,[]]
[18:07:30:346839 +01:00] [Thread 28596] extDB2: Input from Server: 1:421581:updatePlayer:Frankie:1:0:0:60.0705:39.6083:0:1:0:0:0:0:0:29.1115:11034.4:17914:0.00137329:["ItemMap","ItemCompass","Exile_Item_XM8","ItemRadio"]::[]:[]:[]::G_Tactical_Clear:["","","",""]::::[]::["","","",""]::["","","",""]:Exile_Uniform_BambiOverall:[]:[["Exile_Item_PlasticBottleFreshWater",1]]:[]::[]:[]:[]:84
[18:07:30:346839 +01:00] [Thread 28596] extDB2: Output to Server: 
[18:07:30:346839 +01:00] [Thread 117856] extDB2: SQL_CUSTOM_V2: Trace: UniqueID: 1 Input: updatePlayer:Frankie:1:0:0:60.0705:39.6083:0:1:0:0:0:0:0:29.1115:11034.4:17914:0.00137329:["ItemMap","ItemCompass","Exile_Item_XM8","ItemRadio"]::[]:[]:[]::G_Tactical_Clear:["","","",""]::::[]::["","","",""]::["","","",""]:Exile_Uniform_BambiOverall:[]:[["Exile_Item_PlasticBottleFreshWater",1]]:[]::[]:[]:[]:84
[18:07:30:356840 +01:00] [Thread 117856] extDB2: SQL_CUSTOM_V2: Trace: UniqueID: 1 Result: [1,[]]
[18:12:08:042723 +01:00] [Thread 28596] extDB2: Input from Server: 1:421581:updatePlayer:Frankie:1:0:0:97.5223:96.2288:0:1:0:0:0:0:0:62.4886:13428.7:17154.8:9.7538:["ItemMap","ItemCompass","Exile_Item_XM8","ItemRadio"]::[]:[]:[]::G_Tactical_Clear:["","","",""]::::[]::["","","",""]::["","","",""]:Exile_Uniform_BambiOverall:[]:[["Exile_Item_PlasticBottleFreshWater",1]]:[]::[]:[]:[]:84
[18:12:08:042723 +01:00] [Thread 28596] extDB2: Output to Server: 
[18:12:08:042723 +01:00] [Thread 117856] extDB2: SQL_CUSTOM_V2: Trace: UniqueID: 1 Input: updatePlayer:Frankie:1:0:0:97.5223:96.2288:0:1:0:0:0:0:0:62.4886:13428.7:17154.8:9.7538:["ItemMap","ItemCompass","Exile_Item_XM8","ItemRadio"]::[]:[]:[]::G_Tactical_Clear:["","","",""]::::[]::["","","",""]::["","","",""]:Exile_Uniform_BambiOverall:[]:[["Exile_Item_PlasticBottleFreshWater",1]]:[]::[]:[]:[]:84
[18:12:08:057724 +01:00] [Thread 117856] extDB2: SQL_CUSTOM_V2: Trace: UniqueID: 1 Result: [1,[]]
