extDB2: Version: 65
extDB2: https://github.com/Torndeco/extDB2
extDB2: Windows Debug Version

Message: All development for extDB2 is done on a Linux Dedicated Server
Message: If you would like to Donate to extDB2 Development
Message: https://www.paypal.com/cgi-bin/webscr?cmd=_s-xclick&hosted_button_id=2SUEFTGABTAM2
Message: Also leave a message if there is any particular feature you would like to see added.
Message: Thanks for all the people that have donated.
Message: Torndeco: 20/02/15


extDB2: Found extdb-conf.ini
extDB2: Detected 32 Cores, Setting up 6 Worker Threads


[06:46:32:054711 +01:00] [Thread 53452] extDB2: Input from Server: 9:VERSION
[06:46:32:054711 +01:00] [Thread 53452] extDB2: Output to Server: 65
[06:46:32:054711 +01:00] [Thread 53452] extDB2: Input from Server: 9:ADD_DATABASE:exile
[06:46:32:054711 +01:00] [Thread 53452] extDB2: Database Type: MySQL
[06:46:32:057711 +01:00] [Thread 53452] extDB2: Database Session Pool Started
[06:46:32:057711 +01:00] [Thread 53452] extDB2: Output to Server: [1]
[06:46:32:058711 +01:00] [Thread 53452] extDB2: Input from Server: 9:ADD_DATABASE_PROTOCOL:exile:SQL_CUSTOM_V2:649234:exile
[06:46:32:069712 +01:00] [Thread 53452] extDB2: SQL_CUSTOM_V2: Loading Template Filename: C:\TCAFiles\Users\SamF\13442\@ExileServer\extDB\sql_custom_v2\exile.ini
[06:46:32:069712 +01:00] [Thread 53452] extDB2: SQL_CUSTOM_V2: Version 8 Detected, Latest Version 12 Available
[06:46:32:071712 +01:00] [Thread 53452] extDB2: Output to Server: [1]
[06:46:32:071712 +01:00] [Thread 53452] extDB2: Input from Server: 9:TIME
[06:46:32:071712 +01:00] [Thread 53452] extDB2: Output to Server: [1,[2015, 8, 28, 05, 46]]
[06:46:32:071712 +01:00] [Thread 53452] extDB2: Input from Server: 9:LOCK
[06:46:32:071712 +01:00] [Thread 53452] extDB2: Output to Server: [1]
[06:46:32:422732 +01:00] [Thread 53452] extDB2: Input from Server: 0:649234:loadTerriotryIdPage:0:100
[06:46:32:422732 +01:00] [Thread 53452] extDB2: SQL_CUSTOM_V2: Trace: UniqueID: 1 Input: loadTerriotryIdPage:0:100
[06:46:32:423732 +01:00] [Thread 53452] extDB2: SQL_CUSTOM_V2: Trace: UniqueID: 1 Result: [1,[]]
[06:46:32:423732 +01:00] [Thread 53452] extDB2: Output to Server: [1,[]]
[06:46:32:423732 +01:00] [Thread 53452] extDB2: Input from Server: 0:649234:loadConstructionIdPage:0:100
[06:46:32:423732 +01:00] [Thread 53452] extDB2: SQL_CUSTOM_V2: Trace: UniqueID: 1 Input: loadConstructionIdPage:0:100
[06:46:32:423732 +01:00] [Thread 53452] extDB2: SQL_CUSTOM_V2: Trace: UniqueID: 1 Result: [1,[]]
[06:46:32:423732 +01:00] [Thread 53452] extDB2: Output to Server: [1,[]]
[06:46:32:423732 +01:00] [Thread 53452] extDB2: Input from Server: 0:649234:loadVehicleIdPage:0:100
[06:46:32:424732 +01:00] [Thread 53452] extDB2: SQL_CUSTOM_V2: Trace: UniqueID: 1 Input: loadVehicleIdPage:0:100
[06:46:32:424732 +01:00] [Thread 53452] extDB2: SQL_CUSTOM_V2: Trace: UniqueID: 1 Result: [1,[]]
[06:46:32:424732 +01:00] [Thread 53452] extDB2: Output to Server: [1,[]]
[06:46:32:424732 +01:00] [Thread 53452] extDB2: Input from Server: 0:649234:loadContainerIdPage:0:100
[06:46:32:424732 +01:00] [Thread 53452] extDB2: SQL_CUSTOM_V2: Trace: UniqueID: 1 Input: loadContainerIdPage:0:100
[06:46:32:425732 +01:00] [Thread 53452] extDB2: SQL_CUSTOM_V2: Trace: UniqueID: 1 Result: [1,[]]
[06:46:32:425732 +01:00] [Thread 53452] extDB2: Output to Server: [1,[]]
